[ 2014-05-17T12:49:41+08:00 ] 127.0.0.1 /
INFO: [ app_begin ] --START--
INFO: ReadHtmlCache Behavior ::run [ RunTime:0.066754s ]
INFO: [ app_begin ] --END-- [ RunTime:0.067098s ]
INFO: [ view_parse ] --START--
NOTIC: [8] Undefined index:  uid E:\apmserv\APMServ5.2.6\www\htdocs\core\Runtime\Cache\0f1b6e4c5ba03bcdbb1cce84480281ce.php 第 79 行.
NOTIC: [2] mysql_connect() [<a href='function.mysql-connect'>function.mysql-connect</a>]: Access denied for user 'ç”¨æˆ·å'@'localhost' (using password: YES) E:\apmserv\APMServ5.2.6\www\htdocs\ThinkPHP\Lib\Driver\Db\DbMysql.class.php 第 55 行.
ERR: Access denied for user 'ç”¨æˆ·å'@'localhost' (using password: YES)

[ 2014-05-17T12:53:34+08:00 ] 127.0.0.1 /
INFO: [ app_begin ] --START--
INFO: ReadHtmlCache Behavior ::run [ RunTime:0.001115s ]
INFO: [ app_begin ] --END-- [ RunTime:0.001233s ]
INFO: [ view_parse ] --START--
NOTIC: [8] Undefined index:  uid E:\apmserv\APMServ5.2.6\www\htdocs\core\Runtime\Cache\0f1b6e4c5ba03bcdbb1cce84480281ce.php 第 79 行.
SQL: SHOW COLUMNS FROM `tj_members` [ RunTime:0.003002s ]
SQL: SELECT COUNT(*) AS tp_count FROM `tj_members` LIMIT 1   [ RunTime:0.000601s ]
SQL: SHOW COLUMNS FROM `tj_sites` [ RunTime:0.002392s ]
SQL: SELECT COUNT(*) AS tp_count FROM `tj_sites` LIMIT 1   [ RunTime:0.000483s ]
NOTIC: [8] Undefined index:  uid E:\apmserv\APMServ5.2.6\www\htdocs\core\Runtime\Cache\0f1b6e4c5ba03bcdbb1cce84480281ce.php 第 160 行.
INFO: ParseTemplate Behavior ::run [ RunTime:0.040588s ]
INFO: [ view_parse ] --END-- [ RunTime:0.040703s ]
INFO: [ view_filter ] --START--
INFO: ContentReplace Behavior ::run [ RunTime:0.062208s ]
INFO: TokenBuild Behavior ::run [ RunTime:0.032955s ]
INFO: WriteHtmlCache Behavior ::run [ RunTime:0.007370s ]
INFO: ShowRuntime Behavior ::run [ RunTime:0.056409s ]
INFO: [ view_filter ] --END-- [ RunTime:0.159472s ]
INFO: [ view_end ] --START--
INFO: ShowPageTrace Behavior ::run [ RunTime:0.049724s ]
INFO: [ view_end ] --END-- [ RunTime:0.049891s ]

[ 2014-05-17T12:53:55+08:00 ] 127.0.0.1 /index.php/Index/login.html
INFO: [ route_check ] --START--
INFO: CheckRoute Behavior ::run [ RunTime:0.054336s ]
INFO: [ route_check ] --END-- [ RunTime:0.054498s ]
INFO: [ app_begin ] --START--
INFO: ReadHtmlCache Behavior ::run [ RunTime:0.001102s ]
INFO: [ app_begin ] --END-- [ RunTime:0.001178s ]
INFO: [ view_parse ] --START--
NOTIC: [8] Undefined index:  uid E:\apmserv\APMServ5.2.6\www\htdocs\core\Runtime\Cache\35f25a83367e87f77daf537952997a58.php 第 129 行.
INFO: ParseTemplate Behavior ::run [ RunTime:0.051544s ]
INFO: [ view_parse ] --END-- [ RunTime:0.051657s ]
INFO: [ view_filter ] --START--
INFO: ContentReplace Behavior ::run [ RunTime:0.001224s ]
INFO: TokenBuild Behavior ::run [ RunTime:0.001026s ]
INFO: WriteHtmlCache Behavior ::run [ RunTime:0.001042s ]
INFO: ShowRuntime Behavior ::run [ RunTime:0.001056s ]
INFO: [ view_filter ] --END-- [ RunTime:0.004541s ]
INFO: [ view_end ] --START--
INFO: ShowPageTrace Behavior ::run [ RunTime:0.001107s ]
INFO: [ view_end ] --END-- [ RunTime:0.001203s ]

[ 2014-05-17T12:54:01+08:00 ] 127.0.0.1 /index.php/Public/dologin.html
INFO: [ route_check ] --START--
INFO: CheckRoute Behavior ::run [ RunTime:0.000640s ]
INFO: [ route_check ] --END-- [ RunTime:0.000787s ]
INFO: [ app_begin ] --START--
INFO: ReadHtmlCache Behavior ::run [ RunTime:0.001455s ]
INFO: [ app_begin ] --END-- [ RunTime:0.001599s ]
SQL: SHOW COLUMNS FROM `tj_members` [ RunTime:0.002700s ]
SQL: SELECT * FROM `tj_members` WHERE ( `username` = 'admin' ) AND ( `password` = 'e3bd95df26e170e45157186d313488e0' ) LIMIT 1   [ RunTime:0.000321s ]
INFO: [ view_parse ] --START--
INFO: ParseTemplate Behavior ::run [ RunTime:0.047719s ]
INFO: [ view_parse ] --END-- [ RunTime:0.047872s ]
INFO: [ view_filter ] --START--
INFO: ContentReplace Behavior ::run [ RunTime:0.001175s ]
INFO: TokenBuild Behavior ::run [ RunTime:0.001039s ]
INFO: WriteHtmlCache Behavior ::run [ RunTime:0.000992s ]
INFO: ShowRuntime Behavior ::run [ RunTime:0.001133s ]
INFO: [ view_filter ] --END-- [ RunTime:0.004532s ]
INFO: [ view_end ] --START--
INFO: ShowPageTrace Behavior ::run [ RunTime:0.000836s ]
INFO: [ view_end ] --END-- [ RunTime:0.000905s ]

[ 2014-05-17T12:54:06+08:00 ] 127.0.0.1 /index.php/Public/dologin.html
INFO: [ route_check ] --START--
INFO: CheckRoute Behavior ::run [ RunTime:0.000496s ]
INFO: [ route_check ] --END-- [ RunTime:0.000611s ]
INFO: [ app_begin ] --START--
INFO: ReadHtmlCache Behavior ::run [ RunTime:0.001065s ]
INFO: [ app_begin ] --END-- [ RunTime:0.001148s ]
SQL: SHOW COLUMNS FROM `tj_members` [ RunTime:0.002997s ]
SQL: SELECT * FROM `tj_members` WHERE ( `username` = 'admin' ) AND ( `password` = '8d7c47ef0286cb7381271b7c18c9d44d' ) LIMIT 1   [ RunTime:0.001001s ]
INFO: [ view_parse ] --START--
INFO: ParseTemplate Behavior ::run [ RunTime:0.013348s ]
INFO: [ view_parse ] --END-- [ RunTime:0.013529s ]
INFO: [ view_filter ] --START--
INFO: ContentReplace Behavior ::run [ RunTime:0.001305s ]
INFO: TokenBuild Behavior ::run [ RunTime:0.001219s ]
INFO: WriteHtmlCache Behavior ::run [ RunTime:0.001080s ]
INFO: ShowRuntime Behavior ::run [ RunTime:0.001048s ]
INFO: [ view_filter ] --END-- [ RunTime:0.004965s ]
INFO: [ view_end ] --START--
INFO: ShowPageTrace Behavior ::run [ RunTime:0.000838s ]
INFO: [ view_end ] --END-- [ RunTime:0.000907s ]

[ 2014-05-17T12:54:32+08:00 ] 127.0.0.1 /index.php/Public/dologin.html
INFO: [ route_check ] --START--
INFO: CheckRoute Behavior ::run [ RunTime:0.000617s ]
INFO: [ route_check ] --END-- [ RunTime:0.000764s ]
INFO: [ app_begin ] --START--
INFO: ReadHtmlCache Behavior ::run [ RunTime:0.001195s ]
INFO: [ app_begin ] --END-- [ RunTime:0.001309s ]
SQL: SHOW COLUMNS FROM `tj_members` [ RunTime:0.003396s ]
SQL: SELECT * FROM `tj_members` WHERE ( `username` = 'admin' ) AND ( `password` = 'e3bd95df26e170e45157186d313488e0' ) LIMIT 1   [ RunTime:0.001492s ]
INFO: [ view_parse ] --START--
INFO: ParseTemplate Behavior ::run [ RunTime:0.012454s ]
INFO: [ view_parse ] --END-- [ RunTime:0.012638s ]
INFO: [ view_filter ] --START--
INFO: ContentReplace Behavior ::run [ RunTime:0.001928s ]
INFO: TokenBuild Behavior ::run [ RunTime:0.001792s ]
INFO: WriteHtmlCache Behavior ::run [ RunTime:0.001695s ]
INFO: ShowRuntime Behavior ::run [ RunTime:0.001822s ]
INFO: [ view_filter ] --END-- [ RunTime:0.007560s ]
INFO: [ view_end ] --START--
INFO: ShowPageTrace Behavior ::run [ RunTime:0.001430s ]
INFO: [ view_end ] --END-- [ RunTime:0.001550s ]

