[ 2014-05-21T13:23:49+08:00 ] 127.0.0.1 /
INFO: [ app_begin ] --START--
INFO: ReadHtmlCache Behavior ::run [ RunTime:0.215680s ]
INFO: [ app_begin ] --END-- [ RunTime:0.228530s ]
INFO: [ view_parse ] --START--
NOTIC: [8] Undefined index:  uid F:\APMServ5.2.6\www\htdocs\core\Runtime\Cache\0f1b6e4c5ba03bcdbb1cce84480281ce.php 第 79 行.
SQL: SHOW COLUMNS FROM `tj_members` [ RunTime:0.086217s ]
SQL: SELECT COUNT(*) AS tp_count FROM `tj_members` LIMIT 1   [ RunTime:0.000520s ]
SQL: SHOW COLUMNS FROM `tj_sites` [ RunTime:0.017049s ]
SQL: SELECT COUNT(*) AS tp_count FROM `tj_sites` LIMIT 1   [ RunTime:0.000927s ]
NOTIC: [8] Undefined index:  uid F:\APMServ5.2.6\www\htdocs\core\Runtime\Cache\0f1b6e4c5ba03bcdbb1cce84480281ce.php 第 160 行.
INFO: ParseTemplate Behavior ::run [ RunTime:0.828245s ]
INFO: [ view_parse ] --END-- [ RunTime:0.828419s ]
INFO: [ view_filter ] --START--
INFO: ContentReplace Behavior ::run [ RunTime:0.060448s ]
INFO: TokenBuild Behavior ::run [ RunTime:0.057794s ]
INFO: WriteHtmlCache Behavior ::run [ RunTime:0.046807s ]
INFO: ShowRuntime Behavior ::run [ RunTime:0.039348s ]
INFO: [ view_filter ] --END-- [ RunTime:0.205154s ]
INFO: [ view_end ] --START--
INFO: ShowPageTrace Behavior ::run [ RunTime:0.120892s ]
INFO: [ view_end ] --END-- [ RunTime:0.121131s ]

[ 2014-05-21T13:30:24+08:00 ] 127.0.0.1 /
INFO: [ app_begin ] --START--
INFO: ReadHtmlCache Behavior ::run [ RunTime:0.054829s ]
INFO: [ app_begin ] --END-- [ RunTime:0.095791s ]
INFO: [ view_parse ] --START--
NOTIC: [8] Undefined index:  uid F:\APMServ5.2.6\www\htdocs\core\Runtime\Cache\0f1b6e4c5ba03bcdbb1cce84480281ce.php 第 79 行.
SQL: SHOW COLUMNS FROM `tj_members` [ RunTime:0.013430s ]
SQL: SELECT COUNT(*) AS tp_count FROM `tj_members` LIMIT 1   [ RunTime:0.000637s ]
SQL: SHOW COLUMNS FROM `tj_sites` [ RunTime:0.011507s ]
SQL: SELECT COUNT(*) AS tp_count FROM `tj_sites` LIMIT 1   [ RunTime:0.000799s ]
NOTIC: [8] Undefined index:  uid F:\APMServ5.2.6\www\htdocs\core\Runtime\Cache\0f1b6e4c5ba03bcdbb1cce84480281ce.php 第 160 行.
INFO: ParseTemplate Behavior ::run [ RunTime:1.481674s ]
INFO: [ view_parse ] --END-- [ RunTime:1.481886s ]
INFO: [ view_filter ] --START--
INFO: ContentReplace Behavior ::run [ RunTime:0.025658s ]
INFO: TokenBuild Behavior ::run [ RunTime:0.001637s ]
INFO: WriteHtmlCache Behavior ::run [ RunTime:0.001471s ]
INFO: ShowRuntime Behavior ::run [ RunTime:0.001592s ]
INFO: [ view_filter ] --END-- [ RunTime:0.030893s ]
INFO: [ view_end ] --START--
INFO: ShowPageTrace Behavior ::run [ RunTime:0.020362s ]
INFO: [ view_end ] --END-- [ RunTime:0.020807s ]

[ 2014-05-21T13:33:06+08:00 ] 127.0.0.1 /index.php/Public/dologin.html
INFO: [ route_check ] --START--
INFO: CheckRoute Behavior ::run [ RunTime:0.024799s ]
INFO: [ route_check ] --END-- [ RunTime:0.025059s ]
INFO: [ app_begin ] --START--
INFO: ReadHtmlCache Behavior ::run [ RunTime:0.001752s ]
INFO: [ app_begin ] --END-- [ RunTime:0.001976s ]
INFO: [ view_parse ] --START--
INFO: ParseTemplate Behavior ::run [ RunTime:0.073598s ]
INFO: [ view_parse ] --END-- [ RunTime:0.073905s ]
INFO: [ view_filter ] --START--
INFO: ContentReplace Behavior ::run [ RunTime:0.006210s ]
INFO: TokenBuild Behavior ::run [ RunTime:0.001631s ]
INFO: WriteHtmlCache Behavior ::run [ RunTime:0.001312s ]
INFO: ShowRuntime Behavior ::run [ RunTime:0.001536s ]
INFO: [ view_filter ] --END-- [ RunTime:0.011189s ]
INFO: [ view_end ] --START--
INFO: ShowPageTrace Behavior ::run [ RunTime:0.001667s ]
INFO: [ view_end ] --END-- [ RunTime:0.001844s ]

[ 2014-05-21T13:33:12+08:00 ] 127.0.0.1 /
INFO: [ app_begin ] --START--
INFO: ReadHtmlCache Behavior ::run [ RunTime:0.000753s ]
INFO: [ app_begin ] --END-- [ RunTime:0.000960s ]
INFO: [ view_parse ] --START--
NOTIC: [8] Undefined index:  uid F:\APMServ5.2.6\www\htdocs\core\Runtime\Cache\0f1b6e4c5ba03bcdbb1cce84480281ce.php 第 79 行.
SQL: SHOW COLUMNS FROM `tj_members` [ RunTime:0.018325s ]
SQL: SELECT COUNT(*) AS tp_count FROM `tj_members` LIMIT 1   [ RunTime:0.002259s ]
SQL: SHOW COLUMNS FROM `tj_sites` [ RunTime:0.004038s ]
SQL: SELECT COUNT(*) AS tp_count FROM `tj_sites` LIMIT 1   [ RunTime:0.016230s ]
NOTIC: [8] Undefined index:  uid F:\APMServ5.2.6\www\htdocs\core\Runtime\Cache\0f1b6e4c5ba03bcdbb1cce84480281ce.php 第 160 行.
INFO: ParseTemplate Behavior ::run [ RunTime:0.323667s ]
INFO: [ view_parse ] --END-- [ RunTime:0.323879s ]
INFO: [ view_filter ] --START--
INFO: ContentReplace Behavior ::run [ RunTime:0.001099s ]
INFO: TokenBuild Behavior ::run [ RunTime:0.000728s ]
INFO: WriteHtmlCache Behavior ::run [ RunTime:0.000753s ]
INFO: ShowRuntime Behavior ::run [ RunTime:0.000769s ]
INFO: [ view_filter ] --END-- [ RunTime:0.003902s ]
INFO: [ view_end ] --START--
INFO: ShowPageTrace Behavior ::run [ RunTime:0.001557s ]
INFO: [ view_end ] --END-- [ RunTime:0.001848s ]

