[ 2014-10-14T15:37:50+08:00 ] 175.2.54.66 /
INFO: [ app_begin ] --START--
INFO: ReadHtmlCache Behavior ::run [ RunTime:0.001536s ]
INFO: [ app_begin ] --END-- [ RunTime:0.001649s ]
INFO: [ view_parse ] --START--
NOTIC: [8] Undefined index:  uid F:\home\ftp\q\qqf\wwwroot\core\Runtime\Cache\0f1b6e4c5ba03bcdbb1cce84480281ce.php 第 79 行.
SQL: SHOW COLUMNS FROM `tj_members` [ RunTime:0.012591s ]
SQL: SELECT COUNT(*) AS tp_count FROM `tj_members` LIMIT 1   [ RunTime:0.000328s ]
SQL: SHOW COLUMNS FROM `tj_sites` [ RunTime:0.003498s ]
SQL: SELECT COUNT(*) AS tp_count FROM `tj_sites` LIMIT 1   [ RunTime:0.000227s ]
NOTIC: [8] Undefined index:  uid F:\home\ftp\q\qqf\wwwroot\core\Runtime\Cache\0f1b6e4c5ba03bcdbb1cce84480281ce.php 第 160 行.
INFO: ParseTemplate Behavior ::run [ RunTime:0.060154s ]
INFO: [ view_parse ] --END-- [ RunTime:0.060247s ]
INFO: [ view_filter ] --START--
INFO: ContentReplace Behavior ::run [ RunTime:0.001926s ]
INFO: TokenBuild Behavior ::run [ RunTime:0.001295s ]
INFO: WriteHtmlCache Behavior ::run [ RunTime:0.001133s ]
INFO: ShowRuntime Behavior ::run [ RunTime:0.001422s ]
INFO: [ view_filter ] --END-- [ RunTime:0.005997s ]
INFO: [ view_end ] --START--
INFO: ShowPageTrace Behavior ::run [ RunTime:0.001625s ]
INFO: [ view_end ] --END-- [ RunTime:0.001705s ]

[ 2014-10-14T15:42:54+08:00 ] 175.2.54.66 /
INFO: [ app_begin ] --START--
INFO: ReadHtmlCache Behavior ::run [ RunTime:0.001534s ]
INFO: [ app_begin ] --END-- [ RunTime:0.001633s ]
INFO: [ view_parse ] --START--
NOTIC: [8] Undefined index:  uid F:\home\ftp\q\qqf\wwwroot\core\Runtime\Cache\0f1b6e4c5ba03bcdbb1cce84480281ce.php 第 79 行.
SQL: SHOW COLUMNS FROM `tj_members` [ RunTime:0.003467s ]
SQL: SELECT COUNT(*) AS tp_count FROM `tj_members` LIMIT 1   [ RunTime:0.000164s ]
SQL: SHOW COLUMNS FROM `tj_sites` [ RunTime:0.003244s ]
SQL: SELECT COUNT(*) AS tp_count FROM `tj_sites` LIMIT 1   [ RunTime:0.000156s ]
NOTIC: [8] Undefined index:  uid F:\home\ftp\q\qqf\wwwroot\core\Runtime\Cache\0f1b6e4c5ba03bcdbb1cce84480281ce.php 第 160 行.
INFO: ParseTemplate Behavior ::run [ RunTime:0.044987s ]
INFO: [ view_parse ] --END-- [ RunTime:0.045078s ]
INFO: [ view_filter ] --START--
INFO: ContentReplace Behavior ::run [ RunTime:0.001502s ]
INFO: TokenBuild Behavior ::run [ RunTime:0.001349s ]
INFO: WriteHtmlCache Behavior ::run [ RunTime:0.001132s ]
INFO: ShowRuntime Behavior ::run [ RunTime:0.001421s ]
INFO: [ view_filter ] --END-- [ RunTime:0.005622s ]
INFO: [ view_end ] --START--
INFO: ShowPageTrace Behavior ::run [ RunTime:0.001915s ]
INFO: [ view_end ] --END-- [ RunTime:0.002010s ]

[ 2014-10-14T15:44:04+08:00 ] 175.2.54.66 /
INFO: [ app_begin ] --START--
INFO: ReadHtmlCache Behavior ::run [ RunTime:0.000752s ]
INFO: [ app_begin ] --END-- [ RunTime:0.000846s ]
INFO: [ view_parse ] --START--
NOTIC: [8] Undefined index:  uid F:\home\ftp\q\qqf\wwwroot\core\Runtime\Cache\0f1b6e4c5ba03bcdbb1cce84480281ce.php 第 79 行.
SQL: SHOW COLUMNS FROM `tj_members` [ RunTime:0.003519s ]
SQL: SELECT COUNT(*) AS tp_count FROM `tj_members` LIMIT 1   [ RunTime:0.000162s ]
SQL: SHOW COLUMNS FROM `tj_sites` [ RunTime:0.003197s ]
SQL: SELECT COUNT(*) AS tp_count FROM `tj_sites` LIMIT 1   [ RunTime:0.000152s ]
NOTIC: [8] Undefined index:  uid F:\home\ftp\q\qqf\wwwroot\core\Runtime\Cache\0f1b6e4c5ba03bcdbb1cce84480281ce.php 第 160 行.
INFO: ParseTemplate Behavior ::run [ RunTime:0.037641s ]
INFO: [ view_parse ] --END-- [ RunTime:0.037740s ]
INFO: [ view_filter ] --START--
INFO: ContentReplace Behavior ::run [ RunTime:0.000592s ]
INFO: TokenBuild Behavior ::run [ RunTime:0.000597s ]
INFO: WriteHtmlCache Behavior ::run [ RunTime:0.000347s ]
INFO: ShowRuntime Behavior ::run [ RunTime:0.000635s ]
INFO: [ view_filter ] --END-- [ RunTime:0.002385s ]
INFO: [ view_end ] --START--
INFO: ShowPageTrace Behavior ::run [ RunTime:0.000824s ]
INFO: [ view_end ] --END-- [ RunTime:0.000905s ]

[ 2014-10-14T15:44:14+08:00 ] 175.2.54.66 /index.php/Site/lists.html
INFO: [ route_check ] --START--
INFO: CheckRoute Behavior ::run [ RunTime:0.001858s ]
INFO: [ route_check ] --END-- [ RunTime:0.001959s ]
INFO: [ app_begin ] --START--
INFO: ReadHtmlCache Behavior ::run [ RunTime:0.000838s ]
INFO: [ app_begin ] --END-- [ RunTime:0.000918s ]
INFO: [ view_parse ] --START--
INFO: ParseTemplate Behavior ::run [ RunTime:0.010128s ]
INFO: [ view_parse ] --END-- [ RunTime:0.010256s ]
INFO: [ view_filter ] --START--
INFO: ContentReplace Behavior ::run [ RunTime:0.000489s ]
INFO: TokenBuild Behavior ::run [ RunTime:0.000488s ]
INFO: WriteHtmlCache Behavior ::run [ RunTime:0.000350s ]
INFO: ShowRuntime Behavior ::run [ RunTime:0.000621s ]
INFO: [ view_filter ] --END-- [ RunTime:0.002157s ]
INFO: [ view_end ] --START--
INFO: ShowPageTrace Behavior ::run [ RunTime:0.000785s ]
INFO: [ view_end ] --END-- [ RunTime:0.000862s ]

[ 2014-10-14T15:44:17+08:00 ] 175.2.54.66 /index.php/Index/login.html
INFO: [ route_check ] --START--
INFO: CheckRoute Behavior ::run [ RunTime:0.001074s ]
INFO: [ route_check ] --END-- [ RunTime:0.001177s ]
INFO: [ app_begin ] --START--
INFO: ReadHtmlCache Behavior ::run [ RunTime:0.000887s ]
INFO: [ app_begin ] --END-- [ RunTime:0.000969s ]
INFO: [ view_parse ] --START--
NOTIC: [8] Undefined index:  uid F:\home\ftp\q\qqf\wwwroot\core\Runtime\Cache\35f25a83367e87f77daf537952997a58.php 第 130 行.
INFO: ParseTemplate Behavior ::run [ RunTime:0.015594s ]
INFO: [ view_parse ] --END-- [ RunTime:0.015692s ]
INFO: [ view_filter ] --START--
INFO: ContentReplace Behavior ::run [ RunTime:0.000525s ]
INFO: TokenBuild Behavior ::run [ RunTime:0.000500s ]
INFO: WriteHtmlCache Behavior ::run [ RunTime:0.000364s ]
INFO: ShowRuntime Behavior ::run [ RunTime:0.000658s ]
INFO: [ view_filter ] --END-- [ RunTime:0.002254s ]
INFO: [ view_end ] --START--
INFO: ShowPageTrace Behavior ::run [ RunTime:0.000830s ]
INFO: [ view_end ] --END-- [ RunTime:0.000920s ]

[ 2014-10-14T15:44:20+08:00 ] 175.2.54.66 /
INFO: [ app_begin ] --START--
INFO: ReadHtmlCache Behavior ::run [ RunTime:0.000752s ]
INFO: [ app_begin ] --END-- [ RunTime:0.000847s ]
INFO: [ view_parse ] --START--
NOTIC: [8] Undefined index:  uid F:\home\ftp\q\qqf\wwwroot\core\Runtime\Cache\0f1b6e4c5ba03bcdbb1cce84480281ce.php 第 79 行.
SQL: SHOW COLUMNS FROM `tj_members` [ RunTime:0.003655s ]
SQL: SELECT COUNT(*) AS tp_count FROM `tj_members` LIMIT 1   [ RunTime:0.000157s ]
SQL: SHOW COLUMNS FROM `tj_sites` [ RunTime:0.003272s ]
SQL: SELECT COUNT(*) AS tp_count FROM `tj_sites` LIMIT 1   [ RunTime:0.000189s ]
NOTIC: [8] Undefined index:  uid F:\home\ftp\q\qqf\wwwroot\core\Runtime\Cache\0f1b6e4c5ba03bcdbb1cce84480281ce.php 第 160 行.
INFO: ParseTemplate Behavior ::run [ RunTime:0.037824s ]
INFO: [ view_parse ] --END-- [ RunTime:0.037930s ]
INFO: [ view_filter ] --START--
INFO: ContentReplace Behavior ::run [ RunTime:0.000613s ]
INFO: TokenBuild Behavior ::run [ RunTime:0.000519s ]
INFO: WriteHtmlCache Behavior ::run [ RunTime:0.000362s ]
INFO: ShowRuntime Behavior ::run [ RunTime:0.000676s ]
INFO: [ view_filter ] --END-- [ RunTime:0.002381s ]
INFO: [ view_end ] --START--
INFO: ShowPageTrace Behavior ::run [ RunTime:0.000840s ]
INFO: [ view_end ] --END-- [ RunTime:0.000927s ]

[ 2014-10-14T15:44:44+08:00 ] 175.2.54.66 /index.php/Index/reg.html
INFO: [ route_check ] --START--
INFO: CheckRoute Behavior ::run [ RunTime:0.001094s ]
INFO: [ route_check ] --END-- [ RunTime:0.001196s ]
INFO: [ app_begin ] --START--
INFO: ReadHtmlCache Behavior ::run [ RunTime:0.000740s ]
INFO: [ app_begin ] --END-- [ RunTime:0.000816s ]
INFO: [ view_parse ] --START--
NOTIC: [8] Undefined index:  uid F:\home\ftp\q\qqf\wwwroot\core\Runtime\Cache\3bfdafc7eb0e4b68f5baea7ff0f0875b.php 第 126 行.
INFO: ParseTemplate Behavior ::run [ RunTime:0.014491s ]
INFO: [ view_parse ] --END-- [ RunTime:0.014584s ]
INFO: [ view_filter ] --START--
INFO: ContentReplace Behavior ::run [ RunTime:0.000508s ]
INFO: TokenBuild Behavior ::run [ RunTime:0.000513s ]
INFO: WriteHtmlCache Behavior ::run [ RunTime:0.000352s ]
INFO: ShowRuntime Behavior ::run [ RunTime:0.000686s ]
INFO: [ view_filter ] --END-- [ RunTime:0.002267s ]
INFO: [ view_end ] --START--
INFO: ShowPageTrace Behavior ::run [ RunTime:0.000836s ]
INFO: [ view_end ] --END-- [ RunTime:0.000925s ]

[ 2014-10-14T15:45:19+08:00 ] 175.2.54.66 /index.php/Public/doreg.html
INFO: [ route_check ] --START--
INFO: CheckRoute Behavior ::run [ RunTime:0.001071s ]
INFO: [ route_check ] --END-- [ RunTime:0.001173s ]
INFO: [ app_begin ] --START--
INFO: ReadHtmlCache Behavior ::run [ RunTime:0.001511s ]
INFO: [ app_begin ] --END-- [ RunTime:0.001592s ]
SQL: SHOW COLUMNS FROM `tj_members` [ RunTime:0.003506s ]
SQL: SELECT `id` FROM `tj_members` WHERE ( `username` = 'haoid' ) LIMIT 1   [ RunTime:0.000250s ]
SQL: INSERT INTO `tj_members` (`username`,`password`,`email`,`rmb`,`isvip`,`vipstartime`,`vipendtime`) VALUES ('haoid','e3bd95df26e170e45157186d313488e0','admin@haoid.cn',0,1,1413272719,1413531919) [ RunTime:0.000376s ]
INFO: [ view_parse ] --START--
INFO: ParseTemplate Behavior ::run [ RunTime:0.013756s ]
INFO: [ view_parse ] --END-- [ RunTime:0.013863s ]
INFO: [ view_filter ] --START--
INFO: ContentReplace Behavior ::run [ RunTime:0.001239s ]
INFO: TokenBuild Behavior ::run [ RunTime:0.001270s ]
INFO: WriteHtmlCache Behavior ::run [ RunTime:0.001123s ]
INFO: ShowRuntime Behavior ::run [ RunTime:0.001394s ]
INFO: [ view_filter ] --END-- [ RunTime:0.005238s ]
INFO: [ view_end ] --START--
INFO: ShowPageTrace Behavior ::run [ RunTime:0.001565s ]
INFO: [ view_end ] --END-- [ RunTime:0.001642s ]

[ 2014-10-14T15:45:20+08:00 ] 175.2.54.66 /index.php/Index/login.html
INFO: [ route_check ] --START--
INFO: CheckRoute Behavior ::run [ RunTime:0.001861s ]
INFO: [ route_check ] --END-- [ RunTime:0.002011s ]
INFO: [ app_begin ] --START--
INFO: ReadHtmlCache Behavior ::run [ RunTime:0.001538s ]
INFO: [ app_begin ] --END-- [ RunTime:0.001616s ]
INFO: [ view_parse ] --START--
NOTIC: [8] Undefined index:  uid F:\home\ftp\q\qqf\wwwroot\core\Runtime\Cache\35f25a83367e87f77daf537952997a58.php 第 130 行.
INFO: ParseTemplate Behavior ::run [ RunTime:0.016012s ]
INFO: [ view_parse ] --END-- [ RunTime:0.016122s ]
INFO: [ view_filter ] --START--
INFO: ContentReplace Behavior ::run [ RunTime:0.000514s ]
INFO: TokenBuild Behavior ::run [ RunTime:0.000489s ]
INFO: WriteHtmlCache Behavior ::run [ RunTime:0.000340s ]
INFO: ShowRuntime Behavior ::run [ RunTime:0.000649s ]
INFO: [ view_filter ] --END-- [ RunTime:0.002218s ]
INFO: [ view_end ] --START--
INFO: ShowPageTrace Behavior ::run [ RunTime:0.001265s ]
INFO: [ view_end ] --END-- [ RunTime:0.001364s ]

[ 2014-10-14T15:45:31+08:00 ] 175.2.54.66 /index.php/Public/dologin.html
INFO: [ route_check ] --START--
INFO: CheckRoute Behavior ::run [ RunTime:0.001430s ]
INFO: [ route_check ] --END-- [ RunTime:0.001558s ]
INFO: [ app_begin ] --START--
INFO: ReadHtmlCache Behavior ::run [ RunTime:0.000775s ]
INFO: [ app_begin ] --END-- [ RunTime:0.000856s ]
SQL: SHOW COLUMNS FROM `tj_members` [ RunTime:0.003395s ]
SQL: SELECT * FROM `tj_members` WHERE ( `username` = 'haoid' ) AND ( `password` = 'e3bd95df26e170e45157186d313488e0' ) LIMIT 1   [ RunTime:0.000451s ]
SQL: SELECT `vipstartime`,`vipendtime` FROM `tj_members` WHERE ( `id` = 14056 ) LIMIT 1   [ RunTime:0.000300s ]
SQL: UPDATE `tj_members` SET `loginip`='175.2.54.66',`logintime`=1413272731,`logincount`=logincount+1 WHERE ( `username` = 'haoid' ) AND ( `password` = 'e3bd95df26e170e45157186d313488e0' ) [ RunTime:0.000364s ]
INFO: [ view_parse ] --START--
INFO: ParseTemplate Behavior ::run [ RunTime:0.013287s ]
INFO: [ view_parse ] --END-- [ RunTime:0.013385s ]
INFO: [ view_filter ] --START--
INFO: ContentReplace Behavior ::run [ RunTime:0.001338s ]
INFO: TokenBuild Behavior ::run [ RunTime:0.001267s ]
INFO: WriteHtmlCache Behavior ::run [ RunTime:0.001132s ]
INFO: ShowRuntime Behavior ::run [ RunTime:0.001400s ]
INFO: [ view_filter ] --END-- [ RunTime:0.005347s ]
INFO: [ view_end ] --START--
INFO: ShowPageTrace Behavior ::run [ RunTime:0.001573s ]
INFO: [ view_end ] --END-- [ RunTime:0.001650s ]

[ 2014-10-14T15:45:33+08:00 ] 175.2.54.66 /index.php/User/index.html
INFO: [ route_check ] --START--
INFO: CheckRoute Behavior ::run [ RunTime:0.001861s ]
INFO: [ route_check ] --END-- [ RunTime:0.001964s ]
INFO: [ app_begin ] --START--
INFO: ReadHtmlCache Behavior ::run [ RunTime:0.001537s ]
INFO: [ app_begin ] --END-- [ RunTime:0.001616s ]
NOTIC: [8] Undefined index:  st F:\home\ftp\q\qqf\wwwroot\core\action\Action\UserAction.class.php 第 10 行.
SQL: SHOW COLUMNS FROM `tj_sites` [ RunTime:0.003528s ]
SQL: SELECT `id`,`title` FROM `tj_sites` WHERE ( `uid` = 14056 ) ORDER BY id desc  [ RunTime:0.000311s ]
SQL: SHOW COLUMNS FROM `tj_qqdata` [ RunTime:0.003332s ]
SQL: SELECT COUNT(*) AS tp_count FROM `tj_qqdata` WHERE ( uid = 14056 ) LIMIT 1   [ RunTime:0.000219s ]
SQL: SELECT * FROM `tj_qqdata` WHERE ( uid = 14056 ) ORDER BY id desc LIMIT 0,10   [ RunTime:0.000202s ]
INFO: [ view_parse ] --START--
INFO: ParseTemplate Behavior ::run [ RunTime:0.021966s ]
INFO: [ view_parse ] --END-- [ RunTime:0.022063s ]
INFO: [ view_filter ] --START--
INFO: ContentReplace Behavior ::run [ RunTime:0.000508s ]
INFO: TokenBuild Behavior ::run [ RunTime:0.000499s ]
INFO: WriteHtmlCache Behavior ::run [ RunTime:0.000351s ]
INFO: ShowRuntime Behavior ::run [ RunTime:0.000621s ]
INFO: [ view_filter ] --END-- [ RunTime:0.002185s ]
INFO: [ view_end ] --START--
INFO: ShowPageTrace Behavior ::run [ RunTime:0.000795s ]
INFO: [ view_end ] --END-- [ RunTime:0.000877s ]

[ 2014-10-14T15:46:04+08:00 ] 175.2.54.66 /index.php/User/index.html
INFO: [ route_check ] --START--
INFO: CheckRoute Behavior ::run [ RunTime:0.001237s ]
INFO: [ route_check ] --END-- [ RunTime:0.001339s ]
INFO: [ app_begin ] --START--
INFO: ReadHtmlCache Behavior ::run [ RunTime:0.000773s ]
INFO: [ app_begin ] --END-- [ RunTime:0.000850s ]
NOTIC: [8] Undefined index:  st F:\home\ftp\q\qqf\wwwroot\core\action\Action\UserAction.class.php 第 10 行.
SQL: SHOW COLUMNS FROM `tj_sites` [ RunTime:0.004202s ]
SQL: SELECT `id`,`title` FROM `tj_sites` WHERE ( `uid` = 14056 ) ORDER BY id desc  [ RunTime:0.000154s ]
SQL: SHOW COLUMNS FROM `tj_qqdata` [ RunTime:0.003852s ]
SQL: SELECT COUNT(*) AS tp_count FROM `tj_qqdata` WHERE ( uid = 14056 ) LIMIT 1   [ RunTime:0.000141s ]
SQL: SELECT * FROM `tj_qqdata` WHERE ( uid = 14056 ) ORDER BY id desc LIMIT 0,10   [ RunTime:0.000155s ]
INFO: [ view_parse ] --START--
INFO: ParseTemplate Behavior ::run [ RunTime:0.020155s ]
INFO: [ view_parse ] --END-- [ RunTime:0.020249s ]
INFO: [ view_filter ] --START--
INFO: ContentReplace Behavior ::run [ RunTime:0.000510s ]
INFO: TokenBuild Behavior ::run [ RunTime:0.000610s ]
INFO: WriteHtmlCache Behavior ::run [ RunTime:0.000343s ]
INFO: ShowRuntime Behavior ::run [ RunTime:0.000621s ]
INFO: [ view_filter ] --END-- [ RunTime:0.002291s ]
INFO: [ view_end ] --START--
INFO: ShowPageTrace Behavior ::run [ RunTime:0.000795s ]
INFO: [ view_end ] --END-- [ RunTime:0.000871s ]

[ 2014-10-14T15:46:11+08:00 ] 175.2.54.66 /index.php/Site/add.html
INFO: [ route_check ] --START--
INFO: CheckRoute Behavior ::run [ RunTime:0.001071s ]
INFO: [ route_check ] --END-- [ RunTime:0.001174s ]
INFO: [ app_begin ] --START--
INFO: ReadHtmlCache Behavior ::run [ RunTime:0.000736s ]
INFO: [ app_begin ] --END-- [ RunTime:0.000813s ]
INFO: [ view_parse ] --START--
NOTIC: [8] Undefined variable: id F:\home\ftp\q\qqf\wwwroot\core\Runtime\Cache\5b860a0e183bb26b3e32b4e5d7658f39.php 第 98 行.
NOTIC: [8] Undefined variable: title F:\home\ftp\q\qqf\wwwroot\core\Runtime\Cache\5b860a0e183bb26b3e32b4e5d7658f39.php 第 105 行.
NOTIC: [8] Undefined variable: domain F:\home\ftp\q\qqf\wwwroot\core\Runtime\Cache\5b860a0e183bb26b3e32b4e5d7658f39.php 第 113 行.
NOTIC: [8] Undefined variable: id F:\home\ftp\q\qqf\wwwroot\core\Runtime\Cache\5b860a0e183bb26b3e32b4e5d7658f39.php 第 117 行.
NOTIC: [8] Undefined variable: aotumail F:\home\ftp\q\qqf\wwwroot\core\Runtime\Cache\5b860a0e183bb26b3e32b4e5d7658f39.php 第 153 行.
NOTIC: [8] Undefined variable: aotumail F:\home\ftp\q\qqf\wwwroot\core\Runtime\Cache\5b860a0e183bb26b3e32b4e5d7658f39.php 第 154 行.
INFO: ParseTemplate Behavior ::run [ RunTime:0.015700s ]
INFO: [ view_parse ] --END-- [ RunTime:0.015792s ]
INFO: [ view_filter ] --START--
INFO: ContentReplace Behavior ::run [ RunTime:0.000504s ]
INFO: TokenBuild Behavior ::run [ RunTime:0.000495s ]
INFO: WriteHtmlCache Behavior ::run [ RunTime:0.000353s ]
INFO: ShowRuntime Behavior ::run [ RunTime:0.000641s ]
INFO: [ view_filter ] --END-- [ RunTime:0.002199s ]
INFO: [ view_end ] --START--
INFO: ShowPageTrace Behavior ::run [ RunTime:0.000811s ]
INFO: [ view_end ] --END-- [ RunTime:0.000888s ]

[ 2014-10-14T16:08:55+08:00 ] 112.64.235.253 /index.php/Index/reg.html
INFO: [ route_check ] --START--
INFO: CheckRoute Behavior ::run [ RunTime:0.001993s ]
INFO: [ route_check ] --END-- [ RunTime:0.002111s ]
INFO: [ app_begin ] --START--
INFO: ReadHtmlCache Behavior ::run [ RunTime:0.001539s ]
INFO: [ app_begin ] --END-- [ RunTime:0.001621s ]
INFO: [ view_parse ] --START--
NOTIC: [8] Undefined index:  uid F:\home\ftp\q\qqf\wwwroot\core\Runtime\Cache\3bfdafc7eb0e4b68f5baea7ff0f0875b.php 第 126 行.
INFO: ParseTemplate Behavior ::run [ RunTime:0.019184s ]
INFO: [ view_parse ] --END-- [ RunTime:0.019280s ]
INFO: [ view_filter ] --START--
INFO: ContentReplace Behavior ::run [ RunTime:0.001412s ]
INFO: TokenBuild Behavior ::run [ RunTime:0.001284s ]
INFO: WriteHtmlCache Behavior ::run [ RunTime:0.001210s ]
INFO: ShowRuntime Behavior ::run [ RunTime:0.001421s ]
INFO: [ view_filter ] --END-- [ RunTime:0.005539s ]
INFO: [ view_end ] --START--
INFO: ShowPageTrace Behavior ::run [ RunTime:0.001602s ]
INFO: [ view_end ] --END-- [ RunTime:0.001681s ]

[ 2014-10-14T16:14:28+08:00 ] 101.226.66.187 /index.php/Public/doreg.html
INFO: [ route_check ] --START--
INFO: CheckRoute Behavior ::run [ RunTime:0.001098s ]
INFO: [ route_check ] --END-- [ RunTime:0.001208s ]
INFO: [ app_begin ] --START--
INFO: ReadHtmlCache Behavior ::run [ RunTime:0.000736s ]
INFO: [ app_begin ] --END-- [ RunTime:0.000816s ]
INFO: [ view_parse ] --START--
INFO: ParseTemplate Behavior ::run [ RunTime:0.010773s ]
INFO: [ view_parse ] --END-- [ RunTime:0.010902s ]
INFO: [ view_filter ] --START--
INFO: ContentReplace Behavior ::run [ RunTime:0.000489s ]
INFO: TokenBuild Behavior ::run [ RunTime:0.000500s ]
INFO: WriteHtmlCache Behavior ::run [ RunTime:0.000362s ]
INFO: ShowRuntime Behavior ::run [ RunTime:0.000643s ]
INFO: [ view_filter ] --END-- [ RunTime:0.002205s ]
INFO: [ view_end ] --START--
INFO: ShowPageTrace Behavior ::run [ RunTime:0.000809s ]
INFO: [ view_end ] --END-- [ RunTime:0.000887s ]

[ 2014-10-14T16:18:59+08:00 ] 180.153.206.23 /index.php/User/index.html
INFO: [ route_check ] --START--
INFO: CheckRoute Behavior ::run [ RunTime:0.001159s ]
INFO: [ route_check ] --END-- [ RunTime:0.001273s ]
INFO: [ app_begin ] --START--
INFO: ReadHtmlCache Behavior ::run [ RunTime:0.000937s ]
INFO: [ app_begin ] --END-- [ RunTime:0.001049s ]
INFO: [ view_parse ] --START--
INFO: ParseTemplate Behavior ::run [ RunTime:0.011080s ]
INFO: [ view_parse ] --END-- [ RunTime:0.011202s ]
INFO: [ view_filter ] --START--
INFO: ContentReplace Behavior ::run [ RunTime:0.000490s ]
INFO: TokenBuild Behavior ::run [ RunTime:0.000530s ]
INFO: WriteHtmlCache Behavior ::run [ RunTime:0.000359s ]
INFO: ShowRuntime Behavior ::run [ RunTime:0.000627s ]
INFO: [ view_filter ] --END-- [ RunTime:0.002213s ]
INFO: [ view_end ] --START--
INFO: ShowPageTrace Behavior ::run [ RunTime:0.000798s ]
INFO: [ view_end ] --END-- [ RunTime:0.000875s ]

[ 2014-10-14T16:24:28+08:00 ] 180.153.206.23 /index.php/Index/login.html
INFO: [ route_check ] --START--
INFO: CheckRoute Behavior ::run [ RunTime:0.001149s ]
INFO: [ route_check ] --END-- [ RunTime:0.001255s ]
INFO: [ app_begin ] --START--
INFO: ReadHtmlCache Behavior ::run [ RunTime:0.000739s ]
INFO: [ app_begin ] --END-- [ RunTime:0.000818s ]
INFO: [ view_parse ] --START--
NOTIC: [8] Undefined index:  uid F:\home\ftp\q\qqf\wwwroot\core\Runtime\Cache\35f25a83367e87f77daf537952997a58.php 第 130 行.
INFO: ParseTemplate Behavior ::run [ RunTime:0.016248s ]
INFO: [ view_parse ] --END-- [ RunTime:0.016348s ]
INFO: [ view_filter ] --START--
INFO: ContentReplace Behavior ::run [ RunTime:0.000505s ]
INFO: TokenBuild Behavior ::run [ RunTime:0.000491s ]
INFO: WriteHtmlCache Behavior ::run [ RunTime:0.000617s ]
INFO: ShowRuntime Behavior ::run [ RunTime:0.000735s ]
INFO: [ view_filter ] --END-- [ RunTime:0.002581s ]
INFO: [ view_end ] --START--
INFO: ShowPageTrace Behavior ::run [ RunTime:0.000826s ]
INFO: [ view_end ] --END-- [ RunTime:0.000910s ]

[ 2014-10-14T19:01:20+08:00 ] 175.2.54.66 /
INFO: [ app_begin ] --START--
INFO: ReadHtmlCache Behavior ::run [ RunTime:0.001534s ]
INFO: [ app_begin ] --END-- [ RunTime:0.001646s ]
INFO: [ view_parse ] --START--
SQL: SHOW COLUMNS FROM `tj_members` [ RunTime:0.003872s ]
SQL: SELECT COUNT(*) AS tp_count FROM `tj_members` LIMIT 1   [ RunTime:0.000312s ]
SQL: SHOW COLUMNS FROM `tj_sites` [ RunTime:0.003957s ]
SQL: SELECT COUNT(*) AS tp_count FROM `tj_sites` LIMIT 1   [ RunTime:0.000163s ]
SQL: SELECT * FROM `tj_members` WHERE ( `id` = 14056 ) LIMIT 1   [ RunTime:0.000340s ]
SQL: SELECT COUNT(*) AS tp_count FROM `tj_sites` WHERE ( `uid` = 14056 ) LIMIT 1   [ RunTime:0.000231s ]
SQL: SELECT * FROM `tj_members` WHERE ( `id` = 14056 ) LIMIT 1   [ RunTime:0.000152s ]
INFO: ParseTemplate Behavior ::run [ RunTime:0.053284s ]
INFO: [ view_parse ] --END-- [ RunTime:0.053390s ]
INFO: [ view_filter ] --START--
INFO: ContentReplace Behavior ::run [ RunTime:0.001431s ]
INFO: TokenBuild Behavior ::run [ RunTime:0.001308s ]
INFO: WriteHtmlCache Behavior ::run [ RunTime:0.001136s ]
INFO: ShowRuntime Behavior ::run [ RunTime:0.001430s ]
INFO: [ view_filter ] --END-- [ RunTime:0.005519s ]
INFO: [ view_end ] --START--
INFO: ShowPageTrace Behavior ::run [ RunTime:0.001671s ]
INFO: [ view_end ] --END-- [ RunTime:0.001751s ]

