[ 2016-07-26T11:29:09+08:00 ] 128.1.1.83 /index.php/Tj/index?jsuid=134
INFO: [ route_check ] --START--
INFO: CheckRoute Behavior ::run [ RunTime:0.008436s ]
INFO: [ route_check ] --END-- [ RunTime:0.008594s ]
NOTIC: [8192] preg_replace(): The /e modifier is deprecated, use preg_replace_callback instead D:\wamp\www\getqq\ThinkPHP\Lib\Core\Dispatcher.class.php 第 132 行.
INFO: [ app_begin ] --START--
INFO: ReadHtmlCache Behavior ::run [ RunTime:0.012525s ]
INFO: [ app_begin ] --END-- [ RunTime:0.012634s ]
NOTIC: [8192] mysql_connect(): The mysql extension is deprecated and will be removed in the future: use mysqli or PDO instead D:\wamp\www\getqq\ThinkPHP\Lib\Driver\Db\DbMysql.class.php 第 55 行.
SQL: SHOW COLUMNS FROM `tj_sites` [ RunTime:0.003776s ]
NOTIC: [8192] preg_replace(): The /e modifier is deprecated, use preg_replace_callback instead D:\wamp\www\getqq\ThinkPHP\Lib\Core\Db.class.php 第 604 行.
SQL: SELECT * FROM `tj_sites` WHERE ( `id` = 134 ) LIMIT 1   [ RunTime:0.000270s ]

[ 2016-07-26T11:29:09+08:00 ] 128.1.1.83 /index.php/Do/save/?action=saveQQ&uid=134&meishi=100078115,100043467&uincookie=code146943950200310755&referrer=&url=http%3A%2F%2Fwww.sjzxhdn.org%2Findex.html&title=Index&r=1469503749477
INFO: [ route_check ] --START--
INFO: CheckRoute Behavior ::run [ RunTime:0.000414s ]
INFO: [ route_check ] --END-- [ RunTime:0.000576s ]
NOTIC: [8192] preg_replace(): The /e modifier is deprecated, use preg_replace_callback instead D:\wamp\www\getqq\ThinkPHP\Lib\Core\Dispatcher.class.php 第 132 行.
INFO: [ app_begin ] --START--
INFO: ReadHtmlCache Behavior ::run [ RunTime:0.000334s ]
INFO: [ app_begin ] --END-- [ RunTime:0.000420s ]
NOTIC: [8192] mysql_connect(): The mysql extension is deprecated and will be removed in the future: use mysqli or PDO instead D:\wamp\www\getqq\ThinkPHP\Lib\Driver\Db\DbMysql.class.php 第 55 行.
SQL: SHOW COLUMNS FROM `tj_sites` [ RunTime:0.003966s ]
NOTIC: [8192] preg_replace(): The /e modifier is deprecated, use preg_replace_callback instead D:\wamp\www\getqq\ThinkPHP\Lib\Core\Db.class.php 第 604 行.
SQL: SELECT `id`,`uid`,`aotumail` FROM `tj_sites` WHERE ( `id` = 134 ) LIMIT 1   [ RunTime:0.000207s ]
NOTIC: [2] Illegal string offset 'sex' D:\wamp\www\getqq\core\action\Action\DoAction.class.php 第 39 行.
NOTIC: [8] Undefined variable: s_s_keyword D:\wamp\www\getqq\core\Common\common.php 第 306 行.
SQL: SHOW COLUMNS FROM `tj_qqdata` [ RunTime:0.005679s ]
NOTIC: [8192] preg_replace(): The /e modifier is deprecated, use preg_replace_callback instead D:\wamp\www\getqq\ThinkPHP\Lib\Core\Db.class.php 第 604 行.
SQL: SELECT `id` FROM `tj_qqdata` WHERE ( webid="134" and ip = "128.1.1.83" and time < 1469548799 and time > 1469462400 ) LIMIT 1   [ RunTime:0.000490s ]
SQL: INSERT INTO `tj_qqdata` (`cookiesid`,`qq`,`uid`,`webid`,`qqnick`,`sex`,`title`,`keyword`,`ip`,`ipcity`,`url`,`referer`,`time`) VALUES ('code146943950200310755','601879755',14056,134,'出彩俊轩','1','Index',null,'128.1.1.83','','http://www.sjzxhdn.org/index.html','',1469503749) [ RunTime:0.001065s ]
SQL: SHOW COLUMNS FROM `tj_members` [ RunTime:0.005568s ]
NOTIC: [8192] preg_replace(): The /e modifier is deprecated, use preg_replace_callback instead D:\wamp\www\getqq\ThinkPHP\Lib\Core\Db.class.php 第 604 行.
SQL: SELECT `vipstartime`,`vipendtime` FROM `tj_members` WHERE ( `id` = 14056 ) LIMIT 1   [ RunTime:0.000429s ]
SQL: SHOW COLUMNS FROM `tj_qq_visit` [ RunTime:0.005335s ]
NOTIC: [8192] preg_replace(): The /e modifier is deprecated, use preg_replace_callback instead D:\wamp\www\getqq\ThinkPHP\Lib\Core\Db.class.php 第 604 行.
SQL: SELECT * FROM `tj_qq_visit` WHERE ( urlkey = "e9e43ca305141ce235083d383fe9f10c" and time < 1469548799 and time > 1469462400 ) LIMIT 1   [ RunTime:0.000560s ]
SQL: INSERT INTO `tj_qq_visit` (`urlkey`,`cookies`,`url`,`time`,`uid`,`webid`) VALUES ('e9e43ca305141ce235083d383fe9f10c','code146943950200310755','http://www.sjzxhdn.org/index.html',1469503749,14056,134) [ RunTime:0.000417s ]

