[ 2016-07-22T16:44:42+08:00 ] 128.1.1.83 /index.php/Tj/index?jsuid=134
INFO: [ route_check ] --START--
INFO: CheckRoute Behavior ::run [ RunTime:0.009460s ]
INFO: [ route_check ] --END-- [ RunTime:0.009748s ]
NOTIC: [8192] preg_replace(): The /e modifier is deprecated, use preg_replace_callback instead D:\wamp\www\getqq\ThinkPHP\Lib\Core\Dispatcher.class.php 第 132 行.
INFO: [ app_begin ] --START--
INFO: ReadHtmlCache Behavior ::run [ RunTime:0.060656s ]
INFO: [ app_begin ] --END-- [ RunTime:0.060923s ]
NOTIC: [8192] mysql_connect(): The mysql extension is deprecated and will be removed in the future: use mysqli or PDO instead D:\wamp\www\getqq\ThinkPHP\Lib\Driver\Db\DbMysql.class.php 第 55 行.
SQL: SHOW COLUMNS FROM `tj_sites` [ RunTime:0.009686s ]
NOTIC: [8192] preg_replace(): The /e modifier is deprecated, use preg_replace_callback instead D:\wamp\www\getqq\ThinkPHP\Lib\Core\Db.class.php 第 604 行.
SQL: SELECT * FROM `tj_sites` WHERE ( `id` = 134 ) LIMIT 1   [ RunTime:0.000694s ]

[ 2016-07-22T16:44:43+08:00 ] 128.1.1.83 /index.php/Do/save/?action=saveQQ&uid=134&meishi=100094429,100083644&uincookie=code146917708234962233&referrer=&url=http%3A%2F%2Fwww.sjzxhdn.org%2Fmj%2Fsyno.html&title=%E4%B8%AD%E5%9B%BD%E4%BA%92%E8%81%94%E7%BD%91%E6%95%99%E8%82%B2%E4%B8%93%E5%AE%B6_%E7%9F%B3%E5%AE%B6%E5%BA%84%E6%96%B0%E5%8D%8E%E7%94%B5%E8%84%91%E5%AD%A6%E6%A0%A1&r=1469177082350
INFO: [ route_check ] --START--
INFO: CheckRoute Behavior ::run [ RunTime:0.000449s ]
INFO: [ route_check ] --END-- [ RunTime:0.000558s ]
NOTIC: [8192] preg_replace(): The /e modifier is deprecated, use preg_replace_callback instead D:\wamp\www\getqq\ThinkPHP\Lib\Core\Dispatcher.class.php 第 132 行.
INFO: [ app_begin ] --START--
INFO: ReadHtmlCache Behavior ::run [ RunTime:0.000430s ]
INFO: [ app_begin ] --END-- [ RunTime:0.000532s ]
NOTIC: [8192] mysql_connect(): The mysql extension is deprecated and will be removed in the future: use mysqli or PDO instead D:\wamp\www\getqq\ThinkPHP\Lib\Driver\Db\DbMysql.class.php 第 55 行.
SQL: SHOW COLUMNS FROM `tj_sites` [ RunTime:0.003083s ]
NOTIC: [8192] preg_replace(): The /e modifier is deprecated, use preg_replace_callback instead D:\wamp\www\getqq\ThinkPHP\Lib\Core\Db.class.php 第 604 行.
SQL: SELECT `id`,`uid`,`aotumail` FROM `tj_sites` WHERE ( `id` = 134 ) LIMIT 1   [ RunTime:0.018426s ]
NOTIC: [2] Illegal string offset 'sex' D:\wamp\www\getqq\core\action\Action\DoAction.class.php 第 39 行.
NOTIC: [8] Undefined variable: s_s_keyword D:\wamp\www\getqq\core\Common\common.php 第 306 行.
SQL: SHOW COLUMNS FROM `tj_qqdata` [ RunTime:0.062314s ]
NOTIC: [8192] preg_replace(): The /e modifier is deprecated, use preg_replace_callback instead D:\wamp\www\getqq\ThinkPHP\Lib\Core\Db.class.php 第 604 行.
SQL: SELECT `id` FROM `tj_qqdata` WHERE ( webid="134" and ip = "128.1.1.83" and time < 1469203199 and time > 1469116800 ) LIMIT 1   [ RunTime:0.044392s ]
SQL: INSERT INTO `tj_qqdata` (`cookiesid`,`qq`,`uid`,`webid`,`qqnick`,`sex`,`title`,`keyword`,`ip`,`ipcity`,`url`,`referer`,`time`) VALUES ('code146917708234962233','1071667283',14056,134,'一马牧羊','1','中国互联网教育专家_石家庄新华电脑学校',null,'128.1.1.83','','http://www.sjzxhdn.org/mj/syno.html','',1469177083) [ RunTime:0.028308s ]
SQL: SHOW COLUMNS FROM `tj_members` [ RunTime:0.030585s ]
NOTIC: [8192] preg_replace(): The /e modifier is deprecated, use preg_replace_callback instead D:\wamp\www\getqq\ThinkPHP\Lib\Core\Db.class.php 第 604 行.
SQL: SELECT `vipstartime`,`vipendtime` FROM `tj_members` WHERE ( `id` = 14056 ) LIMIT 1   [ RunTime:0.000521s ]
SQL: SHOW COLUMNS FROM `tj_qq_visit` [ RunTime:0.008163s ]
NOTIC: [8192] preg_replace(): The /e modifier is deprecated, use preg_replace_callback instead D:\wamp\www\getqq\ThinkPHP\Lib\Core\Db.class.php 第 604 行.
SQL: SELECT * FROM `tj_qq_visit` WHERE ( urlkey = "0cd0c49adbe4124a391ce5f1e57ba83a" and time < 1469203199 and time > 1469116800 ) LIMIT 1   [ RunTime:0.004917s ]
SQL: INSERT INTO `tj_qq_visit` (`urlkey`,`cookies`,`url`,`time`,`uid`,`webid`) VALUES ('0cd0c49adbe4124a391ce5f1e57ba83a','code146917708234962233','http://www.sjzxhdn.org/mj/syno.html',1469177083,14056,134) [ RunTime:0.000302s ]

