[ 2013-06-09T18:36:29+08:00 ] 127.0.0.1 /admin.php/Mail/index.html
INFO: [ route_check ] --START--
INFO: CheckRoute Behavior ::run [ RunTime:0.000000s ]
INFO: [ route_check ] --END-- [ RunTime:0.000000s ]
INFO: [ app_begin ] --START--
INFO: ReadHtmlCache Behavior ::run [ RunTime:0.005000s ]
INFO: [ app_begin ] --END-- [ RunTime:0.005000s ]
SQL: SHOW COLUMNS FROM `tj_maildata` [ RunTime:0.000000s ]
SQL: SELECT COUNT(*) AS tp_count FROM `tj_maildata` LIMIT 1   [ RunTime:0.000000s ]
SQL: SELECT * FROM `tj_maildata` ORDER BY id desc LIMIT 0,10   [ RunTime:0.000000s ]
INFO: [ view_parse ] --START--
INFO: ParseTemplate Behavior ::run [ RunTime:0.036200s ]
INFO: [ view_parse ] --END-- [ RunTime:0.036200s ]
INFO: [ view_filter ] --START--
INFO: ContentReplace Behavior ::run [ RunTime:0.000000s ]
INFO: TokenBuild Behavior ::run [ RunTime:0.000000s ]
INFO: WriteHtmlCache Behavior ::run [ RunTime:0.018100s ]
INFO: ShowRuntime Behavior ::run [ RunTime:0.002501s ]
INFO: [ view_filter ] --END-- [ RunTime:0.020601s ]
INFO: [ view_end ] --START--
INFO: ShowPageTrace Behavior ::run [ RunTime:0.000000s ]
INFO: [ view_end ] --END-- [ RunTime:0.000000s ]

[ 2013-06-09T18:36:33+08:00 ] 127.0.0.1 /admin.php/Mail/index.html
INFO: [ route_check ] --START--
INFO: CheckRoute Behavior ::run [ RunTime:0.000000s ]
INFO: [ route_check ] --END-- [ RunTime:0.000000s ]
INFO: [ app_begin ] --START--
INFO: ReadHtmlCache Behavior ::run [ RunTime:0.015600s ]
INFO: [ app_begin ] --END-- [ RunTime:0.015600s ]
SQL: SHOW COLUMNS FROM `tj_maildata` [ RunTime:0.000000s ]
SQL: SELECT COUNT(*) AS tp_count FROM `tj_maildata` LIMIT 1   [ RunTime:0.000000s ]
SQL: SELECT * FROM `tj_maildata` ORDER BY id desc LIMIT 0,10   [ RunTime:0.000000s ]
INFO: [ view_parse ] --START--
INFO: ParseTemplate Behavior ::run [ RunTime:0.043701s ]
INFO: [ view_parse ] --END-- [ RunTime:0.043701s ]
INFO: [ view_filter ] --START--
INFO: ContentReplace Behavior ::run [ RunTime:0.000000s ]
INFO: TokenBuild Behavior ::run [ RunTime:0.000000s ]
INFO: WriteHtmlCache Behavior ::run [ RunTime:0.000000s ]
INFO: ShowRuntime Behavior ::run [ RunTime:0.018100s ]
INFO: [ view_filter ] --END-- [ RunTime:0.018100s ]
INFO: [ view_end ] --START--
INFO: ShowPageTrace Behavior ::run [ RunTime:0.002500s ]
INFO: [ view_end ] --END-- [ RunTime:0.002500s ]

[ 2013-06-09T18:36:36+08:00 ] 127.0.0.1 /admin.php/Mail/index.html
INFO: [ route_check ] --START--
INFO: CheckRoute Behavior ::run [ RunTime:0.002500s ]
INFO: [ route_check ] --END-- [ RunTime:0.002500s ]
INFO: [ app_begin ] --START--
INFO: ReadHtmlCache Behavior ::run [ RunTime:0.000000s ]
INFO: [ app_begin ] --END-- [ RunTime:0.000000s ]
SQL: SHOW COLUMNS FROM `tj_maildata` [ RunTime:0.000000s ]
SQL: SELECT COUNT(*) AS tp_count FROM `tj_maildata` LIMIT 1   [ RunTime:0.000000s ]
SQL: SELECT * FROM `tj_maildata` ORDER BY id desc LIMIT 0,10   [ RunTime:0.000000s ]
INFO: [ view_parse ] --START--
INFO: ParseTemplate Behavior ::run [ RunTime:0.036200s ]
INFO: [ view_parse ] --END-- [ RunTime:0.036200s ]
INFO: [ view_filter ] --START--
INFO: ContentReplace Behavior ::run [ RunTime:0.000000s ]
INFO: TokenBuild Behavior ::run [ RunTime:0.015600s ]
INFO: WriteHtmlCache Behavior ::run [ RunTime:0.000000s ]
INFO: ShowRuntime Behavior ::run [ RunTime:0.015600s ]
INFO: [ view_filter ] --END-- [ RunTime:0.031200s ]
INFO: [ view_end ] --START--
INFO: ShowPageTrace Behavior ::run [ RunTime:0.002500s ]
INFO: [ view_end ] --END-- [ RunTime:0.002500s ]

[ 2013-06-09T18:36:41+08:00 ] 127.0.0.1 /admin.php/Visit/index/sid/5.html
INFO: [ route_check ] --START--
INFO: CheckRoute Behavior ::run [ RunTime:0.000000s ]
INFO: [ route_check ] --END-- [ RunTime:0.000000s ]
INFO: [ app_begin ] --START--
INFO: ReadHtmlCache Behavior ::run [ RunTime:0.000000s ]
INFO: [ app_begin ] --END-- [ RunTime:0.000000s ]
SQL: SHOW COLUMNS FROM `tj_qqdata` [ RunTime:0.000000s ]
SQL: SELECT COUNT(*) AS tp_count FROM `tj_qqdata` WHERE ( `webid` = 5 ) LIMIT 1   [ RunTime:0.000000s ]
SQL: SELECT * FROM `tj_qqdata` WHERE ( `webid` = 5 ) ORDER BY id desc LIMIT 0,10   [ RunTime:0.000000s ]
INFO: [ view_parse ] --START--
INFO: ParseTemplate Behavior ::run [ RunTime:0.031200s ]
INFO: [ view_parse ] --END-- [ RunTime:0.031200s ]
INFO: [ view_filter ] --START--
INFO: ContentReplace Behavior ::run [ RunTime:0.000000s ]
INFO: TokenBuild Behavior ::run [ RunTime:0.000000s ]
INFO: WriteHtmlCache Behavior ::run [ RunTime:0.000000s ]
INFO: ShowRuntime Behavior ::run [ RunTime:0.015600s ]
INFO: [ view_filter ] --END-- [ RunTime:0.015600s ]
INFO: [ view_end ] --START--
INFO: ShowPageTrace Behavior ::run [ RunTime:0.000000s ]
INFO: [ view_end ] --END-- [ RunTime:0.000000s ]

[ 2013-06-09T18:38:00+08:00 ] 127.0.0.1 /admin.php/Mail/index.html
INFO: [ route_check ] --START--
INFO: CheckRoute Behavior ::run [ RunTime:0.000000s ]
INFO: [ route_check ] --END-- [ RunTime:0.000000s ]
INFO: [ app_begin ] --START--
INFO: ReadHtmlCache Behavior ::run [ RunTime:0.015600s ]
INFO: [ app_begin ] --END-- [ RunTime:0.015600s ]
SQL: SHOW COLUMNS FROM `tj_maildata` [ RunTime:0.000000s ]
SQL: SELECT COUNT(*) AS tp_count FROM `tj_maildata` LIMIT 1   [ RunTime:0.000000s ]
SQL: SELECT * FROM `tj_maildata` ORDER BY id desc LIMIT 0,10   [ RunTime:0.000000s ]
INFO: [ view_parse ] --START--
INFO: ParseTemplate Behavior ::run [ RunTime:0.038701s ]
INFO: [ view_parse ] --END-- [ RunTime:0.038701s ]
INFO: [ view_filter ] --START--
INFO: ContentReplace Behavior ::run [ RunTime:0.002500s ]
INFO: TokenBuild Behavior ::run [ RunTime:0.000000s ]
INFO: WriteHtmlCache Behavior ::run [ RunTime:0.000000s ]
INFO: ShowRuntime Behavior ::run [ RunTime:0.015600s ]
INFO: [ view_filter ] --END-- [ RunTime:0.018100s ]
INFO: [ view_end ] --START--
INFO: ShowPageTrace Behavior ::run [ RunTime:0.000000s ]
INFO: [ view_end ] --END-- [ RunTime:0.000000s ]

[ 2013-06-09T18:38:00+08:00 ] 127.0.0.1 /admin.php/Mail/index.html
INFO: [ route_check ] --START--
INFO: CheckRoute Behavior ::run [ RunTime:0.000000s ]
INFO: [ route_check ] --END-- [ RunTime:0.000000s ]
INFO: [ app_begin ] --START--
INFO: ReadHtmlCache Behavior ::run [ RunTime:0.000000s ]
INFO: [ app_begin ] --END-- [ RunTime:0.000000s ]
SQL: SHOW COLUMNS FROM `tj_maildata` [ RunTime:0.000000s ]
SQL: SELECT COUNT(*) AS tp_count FROM `tj_maildata` LIMIT 1   [ RunTime:0.000000s ]
SQL: SELECT * FROM `tj_maildata` ORDER BY id desc LIMIT 0,10   [ RunTime:0.000000s ]
INFO: [ view_parse ] --START--
INFO: ParseTemplate Behavior ::run [ RunTime:0.031200s ]
INFO: [ view_parse ] --END-- [ RunTime:0.031200s ]
INFO: [ view_filter ] --START--
INFO: ContentReplace Behavior ::run [ RunTime:0.000000s ]
INFO: TokenBuild Behavior ::run [ RunTime:0.015600s ]
INFO: WriteHtmlCache Behavior ::run [ RunTime:0.000000s ]
INFO: ShowRuntime Behavior ::run [ RunTime:0.000000s ]
INFO: [ view_filter ] --END-- [ RunTime:0.015600s ]
INFO: [ view_end ] --START--
INFO: ShowPageTrace Behavior ::run [ RunTime:0.000000s ]
INFO: [ view_end ] --END-- [ RunTime:0.000000s ]

[ 2013-06-09T18:38:05+08:00 ] 127.0.0.1 /admin.php/Index/logout.html
INFO: [ route_check ] --START--
INFO: CheckRoute Behavior ::run [ RunTime:0.000000s ]
INFO: [ route_check ] --END-- [ RunTime:0.000000s ]
INFO: [ app_begin ] --START--
INFO: ReadHtmlCache Behavior ::run [ RunTime:0.015600s ]
INFO: [ app_begin ] --END-- [ RunTime:0.015600s ]
INFO: [ view_parse ] --START--
NOTIC: [8] Undefined variable: cfg_sitetitle G:\server\upupw\vhosts\qqtongji.com\system\Runtime\Cache\2847c01a8a56d66ad64959722b2d21ab.php 第 3 行.
NOTIC: [8] Undefined variable: cfg_sitetitle G:\server\upupw\vhosts\qqtongji.com\system\Runtime\Cache\2847c01a8a56d66ad64959722b2d21ab.php 第 11 行.
INFO: ParseTemplate Behavior ::run [ RunTime:0.031200s ]
INFO: [ view_parse ] --END-- [ RunTime:0.031200s ]
INFO: [ view_filter ] --START--
INFO: ContentReplace Behavior ::run [ RunTime:0.015600s ]
INFO: TokenBuild Behavior ::run [ RunTime:0.000000s ]
INFO: WriteHtmlCache Behavior ::run [ RunTime:0.000000s ]
INFO: ShowRuntime Behavior ::run [ RunTime:0.000000s ]
INFO: [ view_filter ] --END-- [ RunTime:0.015600s ]
INFO: [ view_end ] --START--
INFO: ShowPageTrace Behavior ::run [ RunTime:0.015600s ]
INFO: [ view_end ] --END-- [ RunTime:0.015600s ]

