[ 2013-12-25T10:53:27+08:00 ] 127.0.0.1 /admin.php
INFO: [ app_begin ] --START--
INFO: ReadHtmlCache Behavior ::run [ RunTime:0.010000s ]
INFO: [ app_begin ] --END-- [ RunTime:0.010000s ]
INFO: [ view_parse ] --START--
INFO: ParseTemplate Behavior ::run [ RunTime:0.060001s ]
INFO: [ view_parse ] --END-- [ RunTime:0.060001s ]
INFO: [ view_filter ] --START--
INFO: ContentReplace Behavior ::run [ RunTime:0.010000s ]
INFO: TokenBuild Behavior ::run [ RunTime:0.010000s ]
INFO: WriteHtmlCache Behavior ::run [ RunTime:0.010000s ]
INFO: ShowRuntime Behavior ::run [ RunTime:0.010000s ]
INFO: [ view_filter ] --END-- [ RunTime:0.040000s ]
INFO: [ view_end ] --START--
INFO: ShowPageTrace Behavior ::run [ RunTime:0.010000s ]
INFO: [ view_end ] --END-- [ RunTime:0.010000s ]

[ 2013-12-25T10:53:32+08:00 ] 127.0.0.1 /admin.php/Index/dologin.html
INFO: [ route_check ] --START--
INFO: CheckRoute Behavior ::run [ RunTime:0.020000s ]
INFO: [ route_check ] --END-- [ RunTime:0.020000s ]
INFO: [ app_begin ] --START--
INFO: ReadHtmlCache Behavior ::run [ RunTime:0.010000s ]
INFO: [ app_begin ] --END-- [ RunTime:0.010000s ]
SQL: SHOW COLUMNS FROM `tj_admin` [ RunTime:0.010000s ]
SQL: SELECT * FROM `tj_admin` WHERE ( `username` = 'admin' ) AND ( `password` = '7fef6171469e80d32c0559f88b377245' ) LIMIT 1   [ RunTime:0.000000s ]
INFO: [ view_parse ] --START--
NOTIC: [8] Undefined variable: cfg_sitetitle G:\server\upupw\vhosts\qqtongji.com\system\Runtime\Cache\2847c01a8a56d66ad64959722b2d21ab.php 第 3 行.
NOTIC: [8] Undefined variable: cfg_sitetitle G:\server\upupw\vhosts\qqtongji.com\system\Runtime\Cache\2847c01a8a56d66ad64959722b2d21ab.php 第 11 行.
INFO: ParseTemplate Behavior ::run [ RunTime:0.120000s ]
INFO: [ view_parse ] --END-- [ RunTime:0.120000s ]
INFO: [ view_filter ] --START--
INFO: ContentReplace Behavior ::run [ RunTime:0.010000s ]
INFO: TokenBuild Behavior ::run [ RunTime:0.000000s ]
INFO: WriteHtmlCache Behavior ::run [ RunTime:0.000000s ]
INFO: ShowRuntime Behavior ::run [ RunTime:0.010000s ]
INFO: [ view_filter ] --END-- [ RunTime:0.030000s ]
INFO: [ view_end ] --START--
INFO: ShowPageTrace Behavior ::run [ RunTime:0.010000s ]
INFO: [ view_end ] --END-- [ RunTime:0.010000s ]

[ 2013-12-25T10:53:33+08:00 ] 127.0.0.1 /admin.php/Main/index.html
INFO: [ route_check ] --START--
INFO: CheckRoute Behavior ::run [ RunTime:0.010000s ]
INFO: [ route_check ] --END-- [ RunTime:0.010000s ]
INFO: [ app_begin ] --START--
INFO: ReadHtmlCache Behavior ::run [ RunTime:0.010000s ]
INFO: [ app_begin ] --END-- [ RunTime:0.010000s ]
INFO: [ view_parse ] --START--
INFO: ParseTemplate Behavior ::run [ RunTime:0.090000s ]
INFO: [ view_parse ] --END-- [ RunTime:0.090000s ]
INFO: [ view_filter ] --START--
INFO: ContentReplace Behavior ::run [ RunTime:0.010000s ]
INFO: TokenBuild Behavior ::run [ RunTime:0.010000s ]
INFO: WriteHtmlCache Behavior ::run [ RunTime:0.010000s ]
INFO: ShowRuntime Behavior ::run [ RunTime:0.010000s ]
INFO: [ view_filter ] --END-- [ RunTime:0.040000s ]
INFO: [ view_end ] --START--
INFO: ShowPageTrace Behavior ::run [ RunTime:0.000000s ]
INFO: [ view_end ] --END-- [ RunTime:0.000000s ]

[ 2013-12-25T10:53:39+08:00 ] 127.0.0.1 /admin.php/User/lists.html
INFO: [ route_check ] --START--
INFO: CheckRoute Behavior ::run [ RunTime:0.015000s ]
INFO: [ route_check ] --END-- [ RunTime:0.015000s ]
INFO: [ app_begin ] --START--
INFO: ReadHtmlCache Behavior ::run [ RunTime:0.010000s ]
INFO: [ app_begin ] --END-- [ RunTime:0.010000s ]
SQL: SHOW COLUMNS FROM `tj_members` [ RunTime:0.007500s ]
NOTIC: [8] Undefined index: username G:\server\upupw\vhosts\qqtongji.com\system\Lib\Action\UserAction.class.php 第 5 行.
NOTIC: [8] Undefined variable: map G:\server\upupw\vhosts\qqtongji.com\system\Lib\Action\UserAction.class.php 第 8 行.
SQL: SELECT COUNT(*) AS tp_count FROM `tj_members` LIMIT 1   [ RunTime:0.000000s ]
NOTIC: [8] Undefined variable: map G:\server\upupw\vhosts\qqtongji.com\system\Lib\Action\UserAction.class.php 第 13 行.
SQL: SELECT * FROM `tj_members` ORDER BY id desc LIMIT 0,10   [ RunTime:0.000000s ]
INFO: [ view_parse ] --START--
NOTIC: [8] Use of undefined constant id - assumed 'id' G:\server\upupw\vhosts\qqtongji.com\system\Runtime\Cache\0551a8a98a058b075ff65a240320959b.php 第 59 行.
NOTIC: [8] Use of undefined constant id - assumed 'id' G:\server\upupw\vhosts\qqtongji.com\system\Runtime\Cache\0551a8a98a058b075ff65a240320959b.php 第 59 行.
INFO: ParseTemplate Behavior ::run [ RunTime:0.067500s ]
INFO: [ view_parse ] --END-- [ RunTime:0.067500s ]
INFO: [ view_filter ] --START--
INFO: ContentReplace Behavior ::run [ RunTime:0.010000s ]
INFO: TokenBuild Behavior ::run [ RunTime:0.017501s ]
INFO: WriteHtmlCache Behavior ::run [ RunTime:0.000000s ]
INFO: ShowRuntime Behavior ::run [ RunTime:0.010000s ]
INFO: [ view_filter ] --END-- [ RunTime:0.037501s ]
INFO: [ view_end ] --START--
INFO: ShowPageTrace Behavior ::run [ RunTime:0.012500s ]
INFO: [ view_end ] --END-- [ RunTime:0.012500s ]

[ 2013-12-25T10:53:39+08:00 ] 127.0.0.1 /admin.php/User/lists.html
INFO: [ route_check ] --START--
INFO: CheckRoute Behavior ::run [ RunTime:0.010000s ]
INFO: [ route_check ] --END-- [ RunTime:0.010000s ]
INFO: [ app_begin ] --START--
INFO: ReadHtmlCache Behavior ::run [ RunTime:0.005000s ]
INFO: [ app_begin ] --END-- [ RunTime:0.005000s ]
SQL: SHOW COLUMNS FROM `tj_members` [ RunTime:0.000000s ]
NOTIC: [8] Undefined index: username G:\server\upupw\vhosts\qqtongji.com\system\Lib\Action\UserAction.class.php 第 5 行.
NOTIC: [8] Undefined variable: map G:\server\upupw\vhosts\qqtongji.com\system\Lib\Action\UserAction.class.php 第 8 行.
SQL: SELECT COUNT(*) AS tp_count FROM `tj_members` LIMIT 1   [ RunTime:0.000000s ]
NOTIC: [8] Undefined variable: map G:\server\upupw\vhosts\qqtongji.com\system\Lib\Action\UserAction.class.php 第 13 行.
SQL: SELECT * FROM `tj_members` ORDER BY id desc LIMIT 0,10   [ RunTime:0.000000s ]
INFO: [ view_parse ] --START--
NOTIC: [8] Use of undefined constant id - assumed 'id' G:\server\upupw\vhosts\qqtongji.com\system\Runtime\Cache\0551a8a98a058b075ff65a240320959b.php 第 59 行.
NOTIC: [8] Use of undefined constant id - assumed 'id' G:\server\upupw\vhosts\qqtongji.com\system\Runtime\Cache\0551a8a98a058b075ff65a240320959b.php 第 59 行.
INFO: ParseTemplate Behavior ::run [ RunTime:0.055000s ]
INFO: [ view_parse ] --END-- [ RunTime:0.055000s ]
INFO: [ view_filter ] --START--
INFO: ContentReplace Behavior ::run [ RunTime:0.012500s ]
INFO: TokenBuild Behavior ::run [ RunTime:0.005000s ]
INFO: WriteHtmlCache Behavior ::run [ RunTime:0.010000s ]
INFO: ShowRuntime Behavior ::run [ RunTime:0.010000s ]
INFO: [ view_filter ] --END-- [ RunTime:0.037500s ]
INFO: [ view_end ] --START--
INFO: ShowPageTrace Behavior ::run [ RunTime:0.005000s ]
INFO: [ view_end ] --END-- [ RunTime:0.005000s ]

[ 2013-12-25T10:56:25+08:00 ] 127.0.0.1 /admin.php/User/lists.html
INFO: [ route_check ] --START--
INFO: CheckRoute Behavior ::run [ RunTime:0.010000s ]
INFO: [ route_check ] --END-- [ RunTime:0.010000s ]
INFO: [ app_begin ] --START--
INFO: ReadHtmlCache Behavior ::run [ RunTime:0.010000s ]
INFO: [ app_begin ] --END-- [ RunTime:0.010000s ]
SQL: SHOW COLUMNS FROM `tj_members` [ RunTime:0.010000s ]
NOTIC: [8] Undefined index: username G:\server\upupw\vhosts\qqtongji.com\system\Lib\Action\UserAction.class.php 第 5 行.
NOTIC: [8] Undefined variable: map G:\server\upupw\vhosts\qqtongji.com\system\Lib\Action\UserAction.class.php 第 8 行.
SQL: SELECT COUNT(*) AS tp_count FROM `tj_members` LIMIT 1   [ RunTime:0.000000s ]
NOTIC: [8] Undefined variable: map G:\server\upupw\vhosts\qqtongji.com\system\Lib\Action\UserAction.class.php 第 13 行.
SQL: SELECT * FROM `tj_members` ORDER BY id desc LIMIT 0,10   [ RunTime:0.000000s ]
INFO: [ view_parse ] --START--
NOTIC: [8] Use of undefined constant id - assumed 'id' G:\server\upupw\vhosts\qqtongji.com\system\Runtime\Cache\0551a8a98a058b075ff65a240320959b.php 第 59 行.
NOTIC: [8] Use of undefined constant id - assumed 'id' G:\server\upupw\vhosts\qqtongji.com\system\Runtime\Cache\0551a8a98a058b075ff65a240320959b.php 第 60 行.
NOTIC: [8] Use of undefined constant id - assumed 'id' G:\server\upupw\vhosts\qqtongji.com\system\Runtime\Cache\0551a8a98a058b075ff65a240320959b.php 第 59 行.
NOTIC: [8] Use of undefined constant id - assumed 'id' G:\server\upupw\vhosts\qqtongji.com\system\Runtime\Cache\0551a8a98a058b075ff65a240320959b.php 第 60 行.
INFO: ParseTemplate Behavior ::run [ RunTime:0.050000s ]
INFO: [ view_parse ] --END-- [ RunTime:0.050000s ]
INFO: [ view_filter ] --START--
INFO: ContentReplace Behavior ::run [ RunTime:0.010000s ]
INFO: TokenBuild Behavior ::run [ RunTime:0.010000s ]
INFO: WriteHtmlCache Behavior ::run [ RunTime:0.010000s ]
INFO: ShowRuntime Behavior ::run [ RunTime:0.010000s ]
INFO: [ view_filter ] --END-- [ RunTime:0.040000s ]
INFO: [ view_end ] --START--
INFO: ShowPageTrace Behavior ::run [ RunTime:0.010000s ]
INFO: [ view_end ] --END-- [ RunTime:0.010000s ]

[ 2013-12-25T10:56:26+08:00 ] 127.0.0.1 /admin.php/User/del/id/4.html
INFO: [ route_check ] --START--
INFO: CheckRoute Behavior ::run [ RunTime:0.010000s ]
INFO: [ route_check ] --END-- [ RunTime:0.010000s ]
INFO: [ app_begin ] --START--
INFO: ReadHtmlCache Behavior ::run [ RunTime:0.010000s ]
INFO: [ app_begin ] --END-- [ RunTime:0.010000s ]
SQL: SHOW COLUMNS FROM `tj_members` [ RunTime:0.000000s ]
SQL: DELETE FROM `tj_members` WHERE ( `id` = 4 ) [ RunTime:0.040000s ]
INFO: [ view_parse ] --START--
NOTIC: [8] Undefined variable: cfg_sitetitle G:\server\upupw\vhosts\qqtongji.com\system\Runtime\Cache\2847c01a8a56d66ad64959722b2d21ab.php 第 3 行.
NOTIC: [8] Undefined variable: cfg_sitetitle G:\server\upupw\vhosts\qqtongji.com\system\Runtime\Cache\2847c01a8a56d66ad64959722b2d21ab.php 第 11 行.
INFO: ParseTemplate Behavior ::run [ RunTime:0.060000s ]
INFO: [ view_parse ] --END-- [ RunTime:0.060000s ]
INFO: [ view_filter ] --START--
INFO: ContentReplace Behavior ::run [ RunTime:0.010000s ]
INFO: TokenBuild Behavior ::run [ RunTime:0.000000s ]
INFO: WriteHtmlCache Behavior ::run [ RunTime:0.010000s ]
INFO: ShowRuntime Behavior ::run [ RunTime:0.010000s ]
INFO: [ view_filter ] --END-- [ RunTime:0.030000s ]
INFO: [ view_end ] --START--
INFO: ShowPageTrace Behavior ::run [ RunTime:0.010000s ]
INFO: [ view_end ] --END-- [ RunTime:0.010000s ]

[ 2013-12-25T10:56:27+08:00 ] 127.0.0.1 /admin.php/User/lists.html
INFO: [ route_check ] --START--
INFO: CheckRoute Behavior ::run [ RunTime:0.010000s ]
INFO: [ route_check ] --END-- [ RunTime:0.010000s ]
INFO: [ app_begin ] --START--
INFO: ReadHtmlCache Behavior ::run [ RunTime:0.000000s ]
INFO: [ app_begin ] --END-- [ RunTime:0.000000s ]
SQL: SHOW COLUMNS FROM `tj_members` [ RunTime:0.010000s ]
NOTIC: [8] Undefined index: username G:\server\upupw\vhosts\qqtongji.com\system\Lib\Action\UserAction.class.php 第 5 行.
NOTIC: [8] Undefined variable: map G:\server\upupw\vhosts\qqtongji.com\system\Lib\Action\UserAction.class.php 第 8 行.
SQL: SELECT COUNT(*) AS tp_count FROM `tj_members` LIMIT 1   [ RunTime:0.000000s ]
NOTIC: [8] Undefined variable: map G:\server\upupw\vhosts\qqtongji.com\system\Lib\Action\UserAction.class.php 第 13 行.
SQL: SELECT * FROM `tj_members` ORDER BY id desc LIMIT 0,10   [ RunTime:0.000000s ]
INFO: [ view_parse ] --START--
NOTIC: [8] Use of undefined constant id - assumed 'id' G:\server\upupw\vhosts\qqtongji.com\system\Runtime\Cache\0551a8a98a058b075ff65a240320959b.php 第 59 行.
NOTIC: [8] Use of undefined constant id - assumed 'id' G:\server\upupw\vhosts\qqtongji.com\system\Runtime\Cache\0551a8a98a058b075ff65a240320959b.php 第 60 行.
INFO: ParseTemplate Behavior ::run [ RunTime:0.050001s ]
INFO: [ view_parse ] --END-- [ RunTime:0.050001s ]
INFO: [ view_filter ] --START--
INFO: ContentReplace Behavior ::run [ RunTime:0.010000s ]
INFO: TokenBuild Behavior ::run [ RunTime:0.010000s ]
INFO: WriteHtmlCache Behavior ::run [ RunTime:0.010000s ]
INFO: ShowRuntime Behavior ::run [ RunTime:0.010000s ]
INFO: [ view_filter ] --END-- [ RunTime:0.040000s ]
INFO: [ view_end ] --START--
INFO: ShowPageTrace Behavior ::run [ RunTime:0.010000s ]
INFO: [ view_end ] --END-- [ RunTime:0.010000s ]

[ 2013-12-25T10:56:28+08:00 ] 127.0.0.1 /admin.php/User/lists.html
INFO: [ route_check ] --START--
INFO: CheckRoute Behavior ::run [ RunTime:0.010000s ]
INFO: [ route_check ] --END-- [ RunTime:0.010000s ]
INFO: [ app_begin ] --START--
INFO: ReadHtmlCache Behavior ::run [ RunTime:0.010000s ]
INFO: [ app_begin ] --END-- [ RunTime:0.010000s ]
SQL: SHOW COLUMNS FROM `tj_members` [ RunTime:0.000000s ]
NOTIC: [8] Undefined index: username G:\server\upupw\vhosts\qqtongji.com\system\Lib\Action\UserAction.class.php 第 5 行.
NOTIC: [8] Undefined variable: map G:\server\upupw\vhosts\qqtongji.com\system\Lib\Action\UserAction.class.php 第 8 行.
SQL: SELECT COUNT(*) AS tp_count FROM `tj_members` LIMIT 1   [ RunTime:0.000000s ]
NOTIC: [8] Undefined variable: map G:\server\upupw\vhosts\qqtongji.com\system\Lib\Action\UserAction.class.php 第 13 行.
SQL: SELECT * FROM `tj_members` ORDER BY id desc LIMIT 0,10   [ RunTime:0.000000s ]
INFO: [ view_parse ] --START--
NOTIC: [8] Use of undefined constant id - assumed 'id' G:\server\upupw\vhosts\qqtongji.com\system\Runtime\Cache\0551a8a98a058b075ff65a240320959b.php 第 59 行.
NOTIC: [8] Use of undefined constant id - assumed 'id' G:\server\upupw\vhosts\qqtongji.com\system\Runtime\Cache\0551a8a98a058b075ff65a240320959b.php 第 60 行.
INFO: ParseTemplate Behavior ::run [ RunTime:0.050000s ]
INFO: [ view_parse ] --END-- [ RunTime:0.050000s ]
INFO: [ view_filter ] --START--
INFO: ContentReplace Behavior ::run [ RunTime:0.010000s ]
INFO: TokenBuild Behavior ::run [ RunTime:0.010000s ]
INFO: WriteHtmlCache Behavior ::run [ RunTime:0.010000s ]
INFO: ShowRuntime Behavior ::run [ RunTime:0.010000s ]
INFO: [ view_filter ] --END-- [ RunTime:0.040000s ]
INFO: [ view_end ] --START--
INFO: ShowPageTrace Behavior ::run [ RunTime:0.010000s ]
INFO: [ view_end ] --END-- [ RunTime:0.010000s ]

