[ 2013-12-26T10:35:32+08:00 ] 127.0.0.1 /admin.php
INFO: [ app_begin ] --START--
INFO: ReadHtmlCache Behavior ::run [ RunTime:0.015600s ]
INFO: [ app_begin ] --END-- [ RunTime:0.015600s ]
INFO: [ view_parse ] --START--
INFO: ParseTemplate Behavior ::run [ RunTime:0.031200s ]
INFO: [ view_parse ] --END-- [ RunTime:0.031200s ]
INFO: [ view_filter ] --START--
INFO: ContentReplace Behavior ::run [ RunTime:0.015600s ]
INFO: TokenBuild Behavior ::run [ RunTime:0.000000s ]
INFO: WriteHtmlCache Behavior ::run [ RunTime:0.000000s ]
INFO: ShowRuntime Behavior ::run [ RunTime:0.000000s ]
INFO: [ view_filter ] --END-- [ RunTime:0.015600s ]
INFO: [ view_end ] --START--
INFO: ShowPageTrace Behavior ::run [ RunTime:0.000000s ]
INFO: [ view_end ] --END-- [ RunTime:0.000000s ]

[ 2013-12-26T10:35:37+08:00 ] 127.0.0.1 /admin.php/Index/dologin.html
INFO: [ route_check ] --START--
INFO: CheckRoute Behavior ::run [ RunTime:0.046800s ]
INFO: [ route_check ] --END-- [ RunTime:0.046800s ]
INFO: [ app_begin ] --START--
INFO: ReadHtmlCache Behavior ::run [ RunTime:0.015600s ]
INFO: [ app_begin ] --END-- [ RunTime:0.015600s ]
SQL: SHOW COLUMNS FROM `tj_admin` [ RunTime:0.031200s ]
SQL: SELECT * FROM `tj_admin` WHERE ( `username` = 'admin' ) AND ( `password` = 'd0350c1caab9edae1cd94f6fc59f7060' ) LIMIT 1   [ RunTime:0.000000s ]
INFO: [ view_parse ] --START--
NOTIC: [8] Undefined variable: cfg_sitetitle G:\server\upupw\vhosts\qqtongji.com\system\Runtime\Cache\2847c01a8a56d66ad64959722b2d21ab.php 第 3 行.
NOTIC: [8] Undefined variable: cfg_sitetitle G:\server\upupw\vhosts\qqtongji.com\system\Runtime\Cache\2847c01a8a56d66ad64959722b2d21ab.php 第 11 行.
INFO: ParseTemplate Behavior ::run [ RunTime:0.062400s ]
INFO: [ view_parse ] --END-- [ RunTime:0.062400s ]
INFO: [ view_filter ] --START--
INFO: ContentReplace Behavior ::run [ RunTime:0.000000s ]
INFO: TokenBuild Behavior ::run [ RunTime:0.000000s ]
INFO: WriteHtmlCache Behavior ::run [ RunTime:0.015600s ]
INFO: ShowRuntime Behavior ::run [ RunTime:0.000000s ]
INFO: [ view_filter ] --END-- [ RunTime:0.015600s ]
INFO: [ view_end ] --START--
INFO: ShowPageTrace Behavior ::run [ RunTime:0.000000s ]
INFO: [ view_end ] --END-- [ RunTime:0.000000s ]

[ 2013-12-26T10:35:44+08:00 ] 127.0.0.1 /admin.php/Index/dologin.html
INFO: [ route_check ] --START--
INFO: CheckRoute Behavior ::run [ RunTime:0.000000s ]
INFO: [ route_check ] --END-- [ RunTime:0.000000s ]
INFO: [ app_begin ] --START--
INFO: ReadHtmlCache Behavior ::run [ RunTime:0.000000s ]
INFO: [ app_begin ] --END-- [ RunTime:0.000000s ]
SQL: SHOW COLUMNS FROM `tj_admin` [ RunTime:0.000000s ]
SQL: SELECT * FROM `tj_admin` WHERE ( `username` = 'admin' ) AND ( `password` = '202cb962ac59075b964b07152d234b70' ) LIMIT 1   [ RunTime:0.000000s ]
INFO: [ view_parse ] --START--
NOTIC: [8] Undefined variable: cfg_sitetitle G:\server\upupw\vhosts\qqtongji.com\system\Runtime\Cache\2847c01a8a56d66ad64959722b2d21ab.php 第 3 行.
NOTIC: [8] Undefined variable: cfg_sitetitle G:\server\upupw\vhosts\qqtongji.com\system\Runtime\Cache\2847c01a8a56d66ad64959722b2d21ab.php 第 11 行.
INFO: ParseTemplate Behavior ::run [ RunTime:0.031200s ]
INFO: [ view_parse ] --END-- [ RunTime:0.031200s ]
INFO: [ view_filter ] --START--
INFO: ContentReplace Behavior ::run [ RunTime:0.000000s ]
INFO: TokenBuild Behavior ::run [ RunTime:0.000000s ]
INFO: WriteHtmlCache Behavior ::run [ RunTime:0.000000s ]
INFO: ShowRuntime Behavior ::run [ RunTime:0.015600s ]
INFO: [ view_filter ] --END-- [ RunTime:0.015600s ]
INFO: [ view_end ] --START--
INFO: ShowPageTrace Behavior ::run [ RunTime:0.000000s ]
INFO: [ view_end ] --END-- [ RunTime:0.000000s ]

[ 2013-12-26T10:36:26+08:00 ] 127.0.0.1 /admin.php/Index/dologin.html
INFO: [ route_check ] --START--
INFO: CheckRoute Behavior ::run [ RunTime:0.000000s ]
INFO: [ route_check ] --END-- [ RunTime:0.000000s ]
INFO: [ app_begin ] --START--
INFO: ReadHtmlCache Behavior ::run [ RunTime:0.000000s ]
INFO: [ app_begin ] --END-- [ RunTime:0.000000s ]
SQL: SHOW COLUMNS FROM `tj_admin` [ RunTime:0.000000s ]
SQL: SELECT * FROM `tj_admin` WHERE ( `username` = 'admin' ) AND ( `password` = 'd0350c1caab9edae1cd94f6fc59f7060' ) LIMIT 1   [ RunTime:0.000000s ]
INFO: [ view_parse ] --START--
NOTIC: [8] Undefined variable: cfg_sitetitle G:\server\upupw\vhosts\qqtongji.com\system\Runtime\Cache\2847c01a8a56d66ad64959722b2d21ab.php 第 3 行.
NOTIC: [8] Undefined variable: cfg_sitetitle G:\server\upupw\vhosts\qqtongji.com\system\Runtime\Cache\2847c01a8a56d66ad64959722b2d21ab.php 第 11 行.
INFO: ParseTemplate Behavior ::run [ RunTime:0.015600s ]
INFO: [ view_parse ] --END-- [ RunTime:0.015600s ]
INFO: [ view_filter ] --START--
INFO: ContentReplace Behavior ::run [ RunTime:0.000000s ]
INFO: TokenBuild Behavior ::run [ RunTime:0.000000s ]
INFO: WriteHtmlCache Behavior ::run [ RunTime:0.000000s ]
INFO: ShowRuntime Behavior ::run [ RunTime:0.015600s ]
INFO: [ view_filter ] --END-- [ RunTime:0.015600s ]
INFO: [ view_end ] --START--
INFO: ShowPageTrace Behavior ::run [ RunTime:0.000000s ]
INFO: [ view_end ] --END-- [ RunTime:0.000000s ]

[ 2013-12-26T10:36:32+08:00 ] 127.0.0.1 /admin.php/Index/dologin.html
INFO: [ route_check ] --START--
INFO: CheckRoute Behavior ::run [ RunTime:0.015600s ]
INFO: [ route_check ] --END-- [ RunTime:0.015600s ]
INFO: [ app_begin ] --START--
INFO: ReadHtmlCache Behavior ::run [ RunTime:0.000000s ]
INFO: [ app_begin ] --END-- [ RunTime:0.000000s ]
SQL: SHOW COLUMNS FROM `tj_admin` [ RunTime:0.000000s ]
SQL: SELECT * FROM `tj_admin` WHERE ( `username` = 'admin' ) AND ( `password` = '7fef6171469e80d32c0559f88b377245' ) LIMIT 1   [ RunTime:0.000000s ]
INFO: [ view_parse ] --START--
NOTIC: [8] Undefined variable: cfg_sitetitle G:\server\upupw\vhosts\qqtongji.com\system\Runtime\Cache\2847c01a8a56d66ad64959722b2d21ab.php 第 3 行.
NOTIC: [8] Undefined variable: cfg_sitetitle G:\server\upupw\vhosts\qqtongji.com\system\Runtime\Cache\2847c01a8a56d66ad64959722b2d21ab.php 第 11 行.
INFO: ParseTemplate Behavior ::run [ RunTime:0.015600s ]
INFO: [ view_parse ] --END-- [ RunTime:0.015600s ]
INFO: [ view_filter ] --START--
INFO: ContentReplace Behavior ::run [ RunTime:0.000000s ]
INFO: TokenBuild Behavior ::run [ RunTime:0.015600s ]
INFO: WriteHtmlCache Behavior ::run [ RunTime:0.000000s ]
INFO: ShowRuntime Behavior ::run [ RunTime:0.000000s ]
INFO: [ view_filter ] --END-- [ RunTime:0.015600s ]
INFO: [ view_end ] --START--
INFO: ShowPageTrace Behavior ::run [ RunTime:0.000000s ]
INFO: [ view_end ] --END-- [ RunTime:0.000000s ]

[ 2013-12-26T10:36:33+08:00 ] 127.0.0.1 /admin.php/Main/index.html
INFO: [ route_check ] --START--
INFO: CheckRoute Behavior ::run [ RunTime:0.000000s ]
INFO: [ route_check ] --END-- [ RunTime:0.000000s ]
INFO: [ app_begin ] --START--
INFO: ReadHtmlCache Behavior ::run [ RunTime:0.000000s ]
INFO: [ app_begin ] --END-- [ RunTime:0.000000s ]
INFO: [ view_parse ] --START--
INFO: ParseTemplate Behavior ::run [ RunTime:0.031200s ]
INFO: [ view_parse ] --END-- [ RunTime:0.031200s ]
INFO: [ view_filter ] --START--
INFO: ContentReplace Behavior ::run [ RunTime:0.000000s ]
INFO: TokenBuild Behavior ::run [ RunTime:0.015600s ]
INFO: WriteHtmlCache Behavior ::run [ RunTime:0.000000s ]
INFO: ShowRuntime Behavior ::run [ RunTime:0.000000s ]
INFO: [ view_filter ] --END-- [ RunTime:0.015600s ]
INFO: [ view_end ] --START--
INFO: ShowPageTrace Behavior ::run [ RunTime:0.000000s ]
INFO: [ view_end ] --END-- [ RunTime:0.000000s ]

[ 2013-12-26T10:36:35+08:00 ] 127.0.0.1 /admin.php/User/lists.html
INFO: [ route_check ] --START--
INFO: CheckRoute Behavior ::run [ RunTime:0.000000s ]
INFO: [ route_check ] --END-- [ RunTime:0.000000s ]
INFO: [ app_begin ] --START--
INFO: ReadHtmlCache Behavior ::run [ RunTime:0.000000s ]
INFO: [ app_begin ] --END-- [ RunTime:0.000000s ]
SQL: SHOW COLUMNS FROM `tj_members` [ RunTime:0.002500s ]
NOTIC: [8] Undefined index: username G:\server\upupw\vhosts\qqtongji.com\system\Lib\Action\UserAction.class.php 第 5 行.
NOTIC: [8] Undefined variable: map G:\server\upupw\vhosts\qqtongji.com\system\Lib\Action\UserAction.class.php 第 8 行.
SQL: SELECT COUNT(*) AS tp_count FROM `tj_members` LIMIT 1   [ RunTime:0.000000s ]
NOTIC: [8] Undefined variable: map G:\server\upupw\vhosts\qqtongji.com\system\Lib\Action\UserAction.class.php 第 13 行.
SQL: SELECT * FROM `tj_members` ORDER BY id desc LIMIT 0,10   [ RunTime:0.000000s ]
INFO: [ view_parse ] --START--
NOTIC: [8] Use of undefined constant id - assumed 'id' G:\server\upupw\vhosts\qqtongji.com\system\Runtime\Cache\0551a8a98a058b075ff65a240320959b.php 第 59 行.
NOTIC: [8] Use of undefined constant id - assumed 'id' G:\server\upupw\vhosts\qqtongji.com\system\Runtime\Cache\0551a8a98a058b075ff65a240320959b.php 第 60 行.
INFO: ParseTemplate Behavior ::run [ RunTime:0.051800s ]
INFO: [ view_parse ] --END-- [ RunTime:0.051800s ]
INFO: [ view_filter ] --START--
INFO: ContentReplace Behavior ::run [ RunTime:0.000000s ]
INFO: TokenBuild Behavior ::run [ RunTime:0.000000s ]
INFO: WriteHtmlCache Behavior ::run [ RunTime:0.000000s ]
INFO: ShowRuntime Behavior ::run [ RunTime:0.015601s ]
INFO: [ view_filter ] --END-- [ RunTime:0.015601s ]
INFO: [ view_end ] --START--
INFO: ShowPageTrace Behavior ::run [ RunTime:0.000000s ]
INFO: [ view_end ] --END-- [ RunTime:0.000000s ]

[ 2013-12-26T10:36:35+08:00 ] 127.0.0.1 /admin.php/Setup/index.html
INFO: [ route_check ] --START--
INFO: CheckRoute Behavior ::run [ RunTime:0.000000s ]
INFO: [ route_check ] --END-- [ RunTime:0.000000s ]
INFO: [ app_begin ] --START--
INFO: ReadHtmlCache Behavior ::run [ RunTime:0.000000s ]
INFO: [ app_begin ] --END-- [ RunTime:0.000000s ]
INFO: [ view_parse ] --START--
INFO: ParseTemplate Behavior ::run [ RunTime:0.134201s ]
INFO: [ view_parse ] --END-- [ RunTime:0.134201s ]
INFO: [ view_filter ] --START--
INFO: ContentReplace Behavior ::run [ RunTime:0.000000s ]
INFO: TokenBuild Behavior ::run [ RunTime:0.015600s ]
INFO: WriteHtmlCache Behavior ::run [ RunTime:0.000000s ]
INFO: ShowRuntime Behavior ::run [ RunTime:0.000000s ]
INFO: [ view_filter ] --END-- [ RunTime:0.015600s ]
INFO: [ view_end ] --START--
INFO: ShowPageTrace Behavior ::run [ RunTime:0.000000s ]
INFO: [ view_end ] --END-- [ RunTime:0.000000s ]

[ 2013-12-26T10:36:36+08:00 ] 127.0.0.1 /admin.php/Setup/index.html
INFO: [ route_check ] --START--
INFO: CheckRoute Behavior ::run [ RunTime:0.000000s ]
INFO: [ route_check ] --END-- [ RunTime:0.000000s ]
INFO: [ app_begin ] --START--
INFO: ReadHtmlCache Behavior ::run [ RunTime:0.000000s ]
INFO: [ app_begin ] --END-- [ RunTime:0.000000s ]
INFO: [ view_parse ] --START--
INFO: ParseTemplate Behavior ::run [ RunTime:0.023100s ]
INFO: [ view_parse ] --END-- [ RunTime:0.023100s ]
INFO: [ view_filter ] --START--
INFO: ContentReplace Behavior ::run [ RunTime:0.000000s ]
INFO: TokenBuild Behavior ::run [ RunTime:0.015600s ]
INFO: WriteHtmlCache Behavior ::run [ RunTime:0.000000s ]
INFO: ShowRuntime Behavior ::run [ RunTime:0.000000s ]
INFO: [ view_filter ] --END-- [ RunTime:0.015600s ]
INFO: [ view_end ] --START--
INFO: ShowPageTrace Behavior ::run [ RunTime:0.000000s ]
INFO: [ view_end ] --END-- [ RunTime:0.000000s ]

[ 2013-12-26T10:44:50+08:00 ] 127.0.0.1 /admin.php/Site/index.html
INFO: [ route_check ] --START--
INFO: CheckRoute Behavior ::run [ RunTime:0.002500s ]
INFO: [ route_check ] --END-- [ RunTime:0.002500s ]
INFO: [ app_begin ] --START--
INFO: ReadHtmlCache Behavior ::run [ RunTime:0.000000s ]
INFO: [ app_begin ] --END-- [ RunTime:0.000000s ]
NOTIC: [8] Undefined index: uid G:\server\upupw\vhosts\qqtongji.com\system\Lib\Action\SiteAction.class.php 第 4 行.
SQL: SHOW COLUMNS FROM `tj_sites` [ RunTime:0.000000s ]
NOTIC: [8] Undefined variable: map G:\server\upupw\vhosts\qqtongji.com\system\Lib\Action\SiteAction.class.php 第 7 行.
SQL: SELECT COUNT(*) AS tp_count FROM `tj_sites` LIMIT 1   [ RunTime:0.000000s ]
NOTIC: [8] Undefined variable: map G:\server\upupw\vhosts\qqtongji.com\system\Lib\Action\SiteAction.class.php 第 11 行.
SQL: SELECT * FROM `tj_sites` ORDER BY id desc LIMIT 0,10   [ RunTime:0.000000s ]
INFO: [ view_parse ] --START--
NOTIC: [8] Use of undefined constant id - assumed 'id' G:\server\upupw\vhosts\qqtongji.com\system\Runtime\Cache\5a1c710defdb6a234a616c756a5f333e.php 第 65 行.
NOTIC: [8] Use of undefined constant id - assumed 'id' G:\server\upupw\vhosts\qqtongji.com\system\Runtime\Cache\5a1c710defdb6a234a616c756a5f333e.php 第 65 行.
NOTIC: [8] Use of undefined constant id - assumed 'id' G:\server\upupw\vhosts\qqtongji.com\system\Runtime\Cache\5a1c710defdb6a234a616c756a5f333e.php 第 65 行.
NOTIC: [8] Use of undefined constant id - assumed 'id' G:\server\upupw\vhosts\qqtongji.com\system\Runtime\Cache\5a1c710defdb6a234a616c756a5f333e.php 第 65 行.
NOTIC: [8] Use of undefined constant id - assumed 'id' G:\server\upupw\vhosts\qqtongji.com\system\Runtime\Cache\5a1c710defdb6a234a616c756a5f333e.php 第 65 行.
INFO: ParseTemplate Behavior ::run [ RunTime:0.056801s ]
INFO: [ view_parse ] --END-- [ RunTime:0.056801s ]
INFO: [ view_filter ] --START--
INFO: ContentReplace Behavior ::run [ RunTime:0.000000s ]
INFO: TokenBuild Behavior ::run [ RunTime:0.000000s ]
INFO: WriteHtmlCache Behavior ::run [ RunTime:0.015600s ]
INFO: ShowRuntime Behavior ::run [ RunTime:0.000000s ]
INFO: [ view_filter ] --END-- [ RunTime:0.015600s ]
INFO: [ view_end ] --START--
INFO: ShowPageTrace Behavior ::run [ RunTime:0.000000s ]
INFO: [ view_end ] --END-- [ RunTime:0.000000s ]

[ 2013-12-26T10:44:51+08:00 ] 127.0.0.1 /admin.php/User/lists.html
INFO: [ route_check ] --START--
INFO: CheckRoute Behavior ::run [ RunTime:0.000000s ]
INFO: [ route_check ] --END-- [ RunTime:0.000000s ]
INFO: [ app_begin ] --START--
INFO: ReadHtmlCache Behavior ::run [ RunTime:0.000000s ]
INFO: [ app_begin ] --END-- [ RunTime:0.000000s ]
SQL: SHOW COLUMNS FROM `tj_members` [ RunTime:0.015600s ]
NOTIC: [8] Undefined index: username G:\server\upupw\vhosts\qqtongji.com\system\Lib\Action\UserAction.class.php 第 5 行.
NOTIC: [8] Undefined variable: map G:\server\upupw\vhosts\qqtongji.com\system\Lib\Action\UserAction.class.php 第 8 行.
SQL: SELECT COUNT(*) AS tp_count FROM `tj_members` LIMIT 1   [ RunTime:0.000000s ]
NOTIC: [8] Undefined variable: map G:\server\upupw\vhosts\qqtongji.com\system\Lib\Action\UserAction.class.php 第 13 行.
SQL: SELECT * FROM `tj_members` ORDER BY id desc LIMIT 0,10   [ RunTime:0.000000s ]
INFO: [ view_parse ] --START--
NOTIC: [8] Use of undefined constant id - assumed 'id' G:\server\upupw\vhosts\qqtongji.com\system\Runtime\Cache\0551a8a98a058b075ff65a240320959b.php 第 59 行.
NOTIC: [8] Use of undefined constant id - assumed 'id' G:\server\upupw\vhosts\qqtongji.com\system\Runtime\Cache\0551a8a98a058b075ff65a240320959b.php 第 60 行.
INFO: ParseTemplate Behavior ::run [ RunTime:0.020601s ]
INFO: [ view_parse ] --END-- [ RunTime:0.020601s ]
INFO: [ view_filter ] --START--
INFO: ContentReplace Behavior ::run [ RunTime:0.000000s ]
INFO: TokenBuild Behavior ::run [ RunTime:0.015600s ]
INFO: WriteHtmlCache Behavior ::run [ RunTime:0.000000s ]
INFO: ShowRuntime Behavior ::run [ RunTime:0.000000s ]
INFO: [ view_filter ] --END-- [ RunTime:0.015600s ]
INFO: [ view_end ] --START--
INFO: ShowPageTrace Behavior ::run [ RunTime:0.000000s ]
INFO: [ view_end ] --END-- [ RunTime:0.000000s ]

[ 2013-12-26T10:44:52+08:00 ] 127.0.0.1 /admin.php/User/edit/id/3.html
INFO: [ route_check ] --START--
INFO: CheckRoute Behavior ::run [ RunTime:0.000000s ]
INFO: [ route_check ] --END-- [ RunTime:0.000000s ]
INFO: [ app_begin ] --START--
INFO: ReadHtmlCache Behavior ::run [ RunTime:0.015600s ]
INFO: [ app_begin ] --END-- [ RunTime:0.015600s ]
SQL: SHOW COLUMNS FROM `tj_members` [ RunTime:0.000000s ]
SQL: SELECT * FROM `tj_members` WHERE ( `id` = 3 ) LIMIT 1   [ RunTime:0.000000s ]
INFO: [ view_parse ] --START--
INFO: ParseTemplate Behavior ::run [ RunTime:0.078000s ]
INFO: [ view_parse ] --END-- [ RunTime:0.078000s ]
INFO: [ view_filter ] --START--
INFO: ContentReplace Behavior ::run [ RunTime:0.000000s ]
INFO: TokenBuild Behavior ::run [ RunTime:0.015600s ]
INFO: WriteHtmlCache Behavior ::run [ RunTime:0.000000s ]
INFO: ShowRuntime Behavior ::run [ RunTime:0.015600s ]
INFO: [ view_filter ] --END-- [ RunTime:0.031200s ]
INFO: [ view_end ] --START--
INFO: ShowPageTrace Behavior ::run [ RunTime:0.000000s ]
INFO: [ view_end ] --END-- [ RunTime:0.000000s ]

[ 2013-12-26T10:46:03+08:00 ] 127.0.0.1 /admin.php/Main/index.html
INFO: [ route_check ] --START--
INFO: CheckRoute Behavior ::run [ RunTime:0.000000s ]
INFO: [ route_check ] --END-- [ RunTime:0.000000s ]
INFO: [ app_begin ] --START--
INFO: ReadHtmlCache Behavior ::run [ RunTime:0.000000s ]
INFO: [ app_begin ] --END-- [ RunTime:0.000000s ]
INFO: [ view_parse ] --START--
INFO: ParseTemplate Behavior ::run [ RunTime:0.015600s ]
INFO: [ view_parse ] --END-- [ RunTime:0.015600s ]
INFO: [ view_filter ] --START--
INFO: ContentReplace Behavior ::run [ RunTime:0.015600s ]
INFO: TokenBuild Behavior ::run [ RunTime:0.000000s ]
INFO: WriteHtmlCache Behavior ::run [ RunTime:0.000000s ]
INFO: ShowRuntime Behavior ::run [ RunTime:0.000000s ]
INFO: [ view_filter ] --END-- [ RunTime:0.015600s ]
INFO: [ view_end ] --START--
INFO: ShowPageTrace Behavior ::run [ RunTime:0.015600s ]
INFO: [ view_end ] --END-- [ RunTime:0.015600s ]

[ 2013-12-26T10:46:03+08:00 ] 127.0.0.1 /admin.php/User/lists.html
INFO: [ route_check ] --START--
INFO: CheckRoute Behavior ::run [ RunTime:0.000000s ]
INFO: [ route_check ] --END-- [ RunTime:0.000000s ]
INFO: [ app_begin ] --START--
INFO: ReadHtmlCache Behavior ::run [ RunTime:0.000000s ]
INFO: [ app_begin ] --END-- [ RunTime:0.000000s ]
SQL: SHOW COLUMNS FROM `tj_members` [ RunTime:0.000000s ]
NOTIC: [8] Undefined index: username G:\server\upupw\vhosts\qqtongji.com\system\Lib\Action\UserAction.class.php 第 5 行.
NOTIC: [8] Undefined variable: map G:\server\upupw\vhosts\qqtongji.com\system\Lib\Action\UserAction.class.php 第 8 行.
SQL: SELECT COUNT(*) AS tp_count FROM `tj_members` LIMIT 1   [ RunTime:0.000000s ]
NOTIC: [8] Undefined variable: map G:\server\upupw\vhosts\qqtongji.com\system\Lib\Action\UserAction.class.php 第 13 行.
SQL: SELECT * FROM `tj_members` ORDER BY id desc LIMIT 0,10   [ RunTime:0.000000s ]
INFO: [ view_parse ] --START--
NOTIC: [8] Use of undefined constant id - assumed 'id' G:\server\upupw\vhosts\qqtongji.com\system\Runtime\Cache\0551a8a98a058b075ff65a240320959b.php 第 59 行.
NOTIC: [8] Use of undefined constant id - assumed 'id' G:\server\upupw\vhosts\qqtongji.com\system\Runtime\Cache\0551a8a98a058b075ff65a240320959b.php 第 60 行.
INFO: ParseTemplate Behavior ::run [ RunTime:0.018100s ]
INFO: [ view_parse ] --END-- [ RunTime:0.018100s ]
INFO: [ view_filter ] --START--
INFO: ContentReplace Behavior ::run [ RunTime:0.000000s ]
INFO: TokenBuild Behavior ::run [ RunTime:0.015600s ]
INFO: WriteHtmlCache Behavior ::run [ RunTime:0.005000s ]
INFO: ShowRuntime Behavior ::run [ RunTime:0.000000s ]
INFO: [ view_filter ] --END-- [ RunTime:0.020600s ]
INFO: [ view_end ] --START--
INFO: ShowPageTrace Behavior ::run [ RunTime:0.000000s ]
INFO: [ view_end ] --END-- [ RunTime:0.000000s ]

[ 2013-12-26T10:46:04+08:00 ] 127.0.0.1 /admin.php/Setup/index.html
INFO: [ route_check ] --START--
INFO: CheckRoute Behavior ::run [ RunTime:0.000000s ]
INFO: [ route_check ] --END-- [ RunTime:0.000000s ]
INFO: [ app_begin ] --START--
INFO: ReadHtmlCache Behavior ::run [ RunTime:0.015600s ]
INFO: [ app_begin ] --END-- [ RunTime:0.015600s ]
INFO: [ view_parse ] --START--
INFO: ParseTemplate Behavior ::run [ RunTime:0.036200s ]
INFO: [ view_parse ] --END-- [ RunTime:0.036200s ]
INFO: [ view_filter ] --START--
INFO: ContentReplace Behavior ::run [ RunTime:0.000000s ]
INFO: TokenBuild Behavior ::run [ RunTime:0.000000s ]
INFO: WriteHtmlCache Behavior ::run [ RunTime:0.015600s ]
INFO: ShowRuntime Behavior ::run [ RunTime:0.002500s ]
INFO: [ view_filter ] --END-- [ RunTime:0.018100s ]
INFO: [ view_end ] --START--
INFO: ShowPageTrace Behavior ::run [ RunTime:0.002500s ]
INFO: [ view_end ] --END-- [ RunTime:0.002500s ]

[ 2013-12-26T10:46:05+08:00 ] 127.0.0.1 /admin.php/Setup/editpass.html
INFO: [ route_check ] --START--
INFO: CheckRoute Behavior ::run [ RunTime:0.000000s ]
INFO: [ route_check ] --END-- [ RunTime:0.000000s ]
INFO: [ app_begin ] --START--
INFO: ReadHtmlCache Behavior ::run [ RunTime:0.015600s ]
INFO: [ app_begin ] --END-- [ RunTime:0.015600s ]
ERR: 模板不存在[./system/Tpl/Setup_editpass.html]

[ 2013-12-26T10:57:35+08:00 ] 127.0.0.1 /admin.php/Setup/editpass.html
INFO: [ route_check ] --START--
INFO: CheckRoute Behavior ::run [ RunTime:0.000000s ]
INFO: [ route_check ] --END-- [ RunTime:0.000000s ]
INFO: [ app_begin ] --START--
INFO: ReadHtmlCache Behavior ::run [ RunTime:0.000000s ]
INFO: [ app_begin ] --END-- [ RunTime:0.000000s ]
INFO: [ view_parse ] --START--
NOTIC: [8] Undefined variable: user G:\server\upupw\vhosts\qqtongji.com\system\Runtime\Cache\be26efd99bf21124a1e82c736115b6c2.php 第 39 行.
NOTIC: [8] Undefined variable: user G:\server\upupw\vhosts\qqtongji.com\system\Runtime\Cache\be26efd99bf21124a1e82c736115b6c2.php 第 43 行.
NOTIC: [8] Undefined variable: user G:\server\upupw\vhosts\qqtongji.com\system\Runtime\Cache\be26efd99bf21124a1e82c736115b6c2.php 第 51 行.
NOTIC: [8] Undefined variable: user G:\server\upupw\vhosts\qqtongji.com\system\Runtime\Cache\be26efd99bf21124a1e82c736115b6c2.php 第 55 行.
NOTIC: [8] Undefined variable: user G:\server\upupw\vhosts\qqtongji.com\system\Runtime\Cache\be26efd99bf21124a1e82c736115b6c2.php 第 61 行.
NOTIC: [8] Undefined variable: user G:\server\upupw\vhosts\qqtongji.com\system\Runtime\Cache\be26efd99bf21124a1e82c736115b6c2.php 第 63 行.
NOTIC: [8] Undefined variable: role_checkbox G:\server\upupw\vhosts\qqtongji.com\system\Runtime\Cache\be26efd99bf21124a1e82c736115b6c2.php 第 68 行.
INFO: ParseTemplate Behavior ::run [ RunTime:0.015600s ]
INFO: [ view_parse ] --END-- [ RunTime:0.015600s ]
INFO: [ view_filter ] --START--
INFO: ContentReplace Behavior ::run [ RunTime:0.015600s ]
INFO: TokenBuild Behavior ::run [ RunTime:0.000000s ]
INFO: WriteHtmlCache Behavior ::run [ RunTime:0.000000s ]
INFO: ShowRuntime Behavior ::run [ RunTime:0.000000s ]
INFO: [ view_filter ] --END-- [ RunTime:0.015600s ]
INFO: [ view_end ] --START--
INFO: ShowPageTrace Behavior ::run [ RunTime:0.000000s ]
INFO: [ view_end ] --END-- [ RunTime:0.000000s ]

[ 2013-12-26T10:59:54+08:00 ] 127.0.0.1 /admin.php/Setup/editpass.html
INFO: [ route_check ] --START--
INFO: CheckRoute Behavior ::run [ RunTime:0.000000s ]
INFO: [ route_check ] --END-- [ RunTime:0.000000s ]
INFO: [ app_begin ] --START--
INFO: ReadHtmlCache Behavior ::run [ RunTime:0.000000s ]
INFO: [ app_begin ] --END-- [ RunTime:0.000000s ]
INFO: [ view_parse ] --START--
NOTIC: [8] Undefined variable: user G:\server\upupw\vhosts\qqtongji.com\system\Runtime\Cache\be26efd99bf21124a1e82c736115b6c2.php 第 39 行.
INFO: ParseTemplate Behavior ::run [ RunTime:0.015600s ]
INFO: [ view_parse ] --END-- [ RunTime:0.015600s ]
INFO: [ view_filter ] --START--
INFO: ContentReplace Behavior ::run [ RunTime:0.000000s ]
INFO: TokenBuild Behavior ::run [ RunTime:0.015600s ]
INFO: WriteHtmlCache Behavior ::run [ RunTime:0.000000s ]
INFO: ShowRuntime Behavior ::run [ RunTime:0.000000s ]
INFO: [ view_filter ] --END-- [ RunTime:0.015600s ]
INFO: [ view_end ] --START--
INFO: ShowPageTrace Behavior ::run [ RunTime:0.000000s ]
INFO: [ view_end ] --END-- [ RunTime:0.000000s ]

[ 2013-12-26T10:59:54+08:00 ] 127.0.0.1 /admin.php/Setup/editpass.html
INFO: [ route_check ] --START--
INFO: CheckRoute Behavior ::run [ RunTime:0.000000s ]
INFO: [ route_check ] --END-- [ RunTime:0.000000s ]
INFO: [ app_begin ] --START--
INFO: ReadHtmlCache Behavior ::run [ RunTime:0.000000s ]
INFO: [ app_begin ] --END-- [ RunTime:0.000000s ]
INFO: [ view_parse ] --START--
NOTIC: [8] Undefined variable: cfg_sitetitle G:\server\upupw\vhosts\qqtongji.com\system\Runtime\Cache\2847c01a8a56d66ad64959722b2d21ab.php 第 3 行.
NOTIC: [8] Undefined variable: cfg_sitetitle G:\server\upupw\vhosts\qqtongji.com\system\Runtime\Cache\2847c01a8a56d66ad64959722b2d21ab.php 第 11 行.
INFO: ParseTemplate Behavior ::run [ RunTime:0.015600s ]
INFO: [ view_parse ] --END-- [ RunTime:0.015600s ]
INFO: [ view_filter ] --START--
INFO: ContentReplace Behavior ::run [ RunTime:0.015600s ]
INFO: TokenBuild Behavior ::run [ RunTime:0.000000s ]
INFO: WriteHtmlCache Behavior ::run [ RunTime:0.000000s ]
INFO: ShowRuntime Behavior ::run [ RunTime:0.000000s ]
INFO: [ view_filter ] --END-- [ RunTime:0.015600s ]
INFO: [ view_end ] --START--
INFO: ShowPageTrace Behavior ::run [ RunTime:0.015600s ]
INFO: [ view_end ] --END-- [ RunTime:0.015600s ]

[ 2013-12-26T11:00:02+08:00 ] 127.0.0.1 /admin.php/Setup/editpass.html
INFO: [ route_check ] --START--
INFO: CheckRoute Behavior ::run [ RunTime:0.015600s ]
INFO: [ route_check ] --END-- [ RunTime:0.015600s ]
INFO: [ app_begin ] --START--
INFO: ReadHtmlCache Behavior ::run [ RunTime:0.000000s ]
INFO: [ app_begin ] --END-- [ RunTime:0.000000s ]
SQL: SHOW COLUMNS FROM `tj_admin` [ RunTime:0.015600s ]
NOTIC: [8] Undefined index: adminuser G:\server\upupw\vhosts\qqtongji.com\system\Lib\Action\SetupAction.class.php 第 47 行.
SQL: SELECT * FROM `tj_admin` WHERE ( `username` = null ) AND ( `password` = '123' ) LIMIT 1   [ RunTime:0.000000s ]
INFO: [ view_parse ] --START--
NOTIC: [8] Undefined variable: cfg_sitetitle G:\server\upupw\vhosts\qqtongji.com\system\Runtime\Cache\2847c01a8a56d66ad64959722b2d21ab.php 第 3 行.
NOTIC: [8] Undefined variable: cfg_sitetitle G:\server\upupw\vhosts\qqtongji.com\system\Runtime\Cache\2847c01a8a56d66ad64959722b2d21ab.php 第 11 行.
INFO: ParseTemplate Behavior ::run [ RunTime:0.015600s ]
INFO: [ view_parse ] --END-- [ RunTime:0.015600s ]
INFO: [ view_filter ] --START--
INFO: ContentReplace Behavior ::run [ RunTime:0.000000s ]
INFO: TokenBuild Behavior ::run [ RunTime:0.000000s ]
INFO: WriteHtmlCache Behavior ::run [ RunTime:0.015600s ]
INFO: ShowRuntime Behavior ::run [ RunTime:0.000000s ]
INFO: [ view_filter ] --END-- [ RunTime:0.015600s ]
INFO: [ view_end ] --START--
INFO: ShowPageTrace Behavior ::run [ RunTime:0.000000s ]
INFO: [ view_end ] --END-- [ RunTime:0.000000s ]

[ 2013-12-26T11:00:22+08:00 ] 127.0.0.1 /admin.php/Setup/editpass.html
INFO: [ route_check ] --START--
INFO: CheckRoute Behavior ::run [ RunTime:0.000000s ]
INFO: [ route_check ] --END-- [ RunTime:0.000000s ]
INFO: [ app_begin ] --START--
INFO: ReadHtmlCache Behavior ::run [ RunTime:0.000000s ]
INFO: [ app_begin ] --END-- [ RunTime:0.000000s ]
SQL: SHOW COLUMNS FROM `tj_admin` [ RunTime:0.015600s ]
NOTIC: [8] Undefined index: adminuser G:\server\upupw\vhosts\qqtongji.com\system\Lib\Action\SetupAction.class.php 第 47 行.
SQL: SELECT * FROM `tj_admin` WHERE ( `username` = null ) AND ( `password` = 'admin888' ) LIMIT 1   [ RunTime:0.000000s ]
INFO: [ view_parse ] --START--
NOTIC: [8] Undefined variable: cfg_sitetitle G:\server\upupw\vhosts\qqtongji.com\system\Runtime\Cache\2847c01a8a56d66ad64959722b2d21ab.php 第 3 行.
NOTIC: [8] Undefined variable: cfg_sitetitle G:\server\upupw\vhosts\qqtongji.com\system\Runtime\Cache\2847c01a8a56d66ad64959722b2d21ab.php 第 11 行.
INFO: ParseTemplate Behavior ::run [ RunTime:0.015600s ]
INFO: [ view_parse ] --END-- [ RunTime:0.015600s ]
INFO: [ view_filter ] --START--
INFO: ContentReplace Behavior ::run [ RunTime:0.000000s ]
INFO: TokenBuild Behavior ::run [ RunTime:0.000000s ]
INFO: WriteHtmlCache Behavior ::run [ RunTime:0.015600s ]
INFO: ShowRuntime Behavior ::run [ RunTime:0.000000s ]
INFO: [ view_filter ] --END-- [ RunTime:0.015600s ]
INFO: [ view_end ] --START--
INFO: ShowPageTrace Behavior ::run [ RunTime:0.000000s ]
INFO: [ view_end ] --END-- [ RunTime:0.000000s ]

[ 2013-12-26T11:00:25+08:00 ] 127.0.0.1 /admin.php/Setup/editpass.html
INFO: [ route_check ] --START--
INFO: CheckRoute Behavior ::run [ RunTime:0.000000s ]
INFO: [ route_check ] --END-- [ RunTime:0.000000s ]
INFO: [ app_begin ] --START--
INFO: ReadHtmlCache Behavior ::run [ RunTime:0.000000s ]
INFO: [ app_begin ] --END-- [ RunTime:0.000000s ]
INFO: [ view_parse ] --START--
NOTIC: [8] Undefined variable: user G:\server\upupw\vhosts\qqtongji.com\system\Runtime\Cache\be26efd99bf21124a1e82c736115b6c2.php 第 39 行.
INFO: ParseTemplate Behavior ::run [ RunTime:0.015600s ]
INFO: [ view_parse ] --END-- [ RunTime:0.015600s ]
INFO: [ view_filter ] --START--
INFO: ContentReplace Behavior ::run [ RunTime:0.015600s ]
INFO: TokenBuild Behavior ::run [ RunTime:0.000000s ]
INFO: WriteHtmlCache Behavior ::run [ RunTime:0.000000s ]
INFO: ShowRuntime Behavior ::run [ RunTime:0.000000s ]
INFO: [ view_filter ] --END-- [ RunTime:0.015600s ]
INFO: [ view_end ] --START--
INFO: ShowPageTrace Behavior ::run [ RunTime:0.000000s ]
INFO: [ view_end ] --END-- [ RunTime:0.000000s ]

[ 2013-12-26T11:00:34+08:00 ] 127.0.0.1 /admin.php/Index/logout.html
INFO: [ route_check ] --START--
INFO: CheckRoute Behavior ::run [ RunTime:0.000000s ]
INFO: [ route_check ] --END-- [ RunTime:0.000000s ]
INFO: [ app_begin ] --START--
INFO: ReadHtmlCache Behavior ::run [ RunTime:0.000000s ]
INFO: [ app_begin ] --END-- [ RunTime:0.000000s ]
INFO: [ view_parse ] --START--
NOTIC: [8] Undefined variable: cfg_sitetitle G:\server\upupw\vhosts\qqtongji.com\system\Runtime\Cache\2847c01a8a56d66ad64959722b2d21ab.php 第 3 行.
NOTIC: [8] Undefined variable: cfg_sitetitle G:\server\upupw\vhosts\qqtongji.com\system\Runtime\Cache\2847c01a8a56d66ad64959722b2d21ab.php 第 11 行.
INFO: ParseTemplate Behavior ::run [ RunTime:0.031200s ]
INFO: [ view_parse ] --END-- [ RunTime:0.031200s ]
INFO: [ view_filter ] --START--
INFO: ContentReplace Behavior ::run [ RunTime:0.015601s ]
INFO: TokenBuild Behavior ::run [ RunTime:0.000000s ]
INFO: WriteHtmlCache Behavior ::run [ RunTime:0.000000s ]
INFO: ShowRuntime Behavior ::run [ RunTime:0.000000s ]
INFO: [ view_filter ] --END-- [ RunTime:0.015601s ]
INFO: [ view_end ] --START--
INFO: ShowPageTrace Behavior ::run [ RunTime:0.015600s ]
INFO: [ view_end ] --END-- [ RunTime:0.015600s ]

[ 2013-12-26T11:00:35+08:00 ] 127.0.0.1 /admin.php/Main/index.html
INFO: [ route_check ] --START--
INFO: CheckRoute Behavior ::run [ RunTime:0.000000s ]
INFO: [ route_check ] --END-- [ RunTime:0.000000s ]
INFO: [ app_begin ] --START--
INFO: ReadHtmlCache Behavior ::run [ RunTime:0.000000s ]
INFO: [ app_begin ] --END-- [ RunTime:0.000000s ]
INFO: [ view_parse ] --START--
NOTIC: [8] Undefined variable: cfg_sitetitle G:\server\upupw\vhosts\qqtongji.com\system\Runtime\Cache\2847c01a8a56d66ad64959722b2d21ab.php 第 3 行.
NOTIC: [8] Undefined variable: cfg_sitetitle G:\server\upupw\vhosts\qqtongji.com\system\Runtime\Cache\2847c01a8a56d66ad64959722b2d21ab.php 第 11 行.
INFO: ParseTemplate Behavior ::run [ RunTime:0.015600s ]
INFO: [ view_parse ] --END-- [ RunTime:0.015600s ]
INFO: [ view_filter ] --START--
INFO: ContentReplace Behavior ::run [ RunTime:0.000000s ]
INFO: TokenBuild Behavior ::run [ RunTime:0.000000s ]
INFO: WriteHtmlCache Behavior ::run [ RunTime:0.015600s ]
INFO: ShowRuntime Behavior ::run [ RunTime:0.000000s ]
INFO: [ view_filter ] --END-- [ RunTime:0.015600s ]
INFO: [ view_end ] --START--
INFO: ShowPageTrace Behavior ::run [ RunTime:0.000000s ]
INFO: [ view_end ] --END-- [ RunTime:0.000000s ]

[ 2013-12-26T11:00:36+08:00 ] 127.0.0.1 /admin.php/Main/index.html
INFO: [ route_check ] --START--
INFO: CheckRoute Behavior ::run [ RunTime:0.015600s ]
INFO: [ route_check ] --END-- [ RunTime:0.015600s ]
INFO: [ app_begin ] --START--
INFO: ReadHtmlCache Behavior ::run [ RunTime:0.000000s ]
INFO: [ app_begin ] --END-- [ RunTime:0.000000s ]
INFO: [ view_parse ] --START--
NOTIC: [8] Undefined variable: cfg_sitetitle G:\server\upupw\vhosts\qqtongji.com\system\Runtime\Cache\2847c01a8a56d66ad64959722b2d21ab.php 第 3 行.
NOTIC: [8] Undefined variable: cfg_sitetitle G:\server\upupw\vhosts\qqtongji.com\system\Runtime\Cache\2847c01a8a56d66ad64959722b2d21ab.php 第 11 行.
INFO: ParseTemplate Behavior ::run [ RunTime:0.015600s ]
INFO: [ view_parse ] --END-- [ RunTime:0.015600s ]
INFO: [ view_filter ] --START--
INFO: ContentReplace Behavior ::run [ RunTime:0.000000s ]
INFO: TokenBuild Behavior ::run [ RunTime:0.000000s ]
INFO: WriteHtmlCache Behavior ::run [ RunTime:0.015600s ]
INFO: ShowRuntime Behavior ::run [ RunTime:0.000000s ]
INFO: [ view_filter ] --END-- [ RunTime:0.015600s ]
INFO: [ view_end ] --START--
INFO: ShowPageTrace Behavior ::run [ RunTime:0.000000s ]
INFO: [ view_end ] --END-- [ RunTime:0.000000s ]

[ 2013-12-26T11:00:36+08:00 ] 127.0.0.1 /admin.php/Main/index.html
INFO: [ route_check ] --START--
INFO: CheckRoute Behavior ::run [ RunTime:0.000000s ]
INFO: [ route_check ] --END-- [ RunTime:0.000000s ]
INFO: [ app_begin ] --START--
INFO: ReadHtmlCache Behavior ::run [ RunTime:0.000000s ]
INFO: [ app_begin ] --END-- [ RunTime:0.000000s ]
INFO: [ view_parse ] --START--
NOTIC: [8] Undefined variable: cfg_sitetitle G:\server\upupw\vhosts\qqtongji.com\system\Runtime\Cache\2847c01a8a56d66ad64959722b2d21ab.php 第 3 行.
NOTIC: [8] Undefined variable: cfg_sitetitle G:\server\upupw\vhosts\qqtongji.com\system\Runtime\Cache\2847c01a8a56d66ad64959722b2d21ab.php 第 11 行.
INFO: ParseTemplate Behavior ::run [ RunTime:0.015600s ]
INFO: [ view_parse ] --END-- [ RunTime:0.015600s ]
INFO: [ view_filter ] --START--
INFO: ContentReplace Behavior ::run [ RunTime:0.000000s ]
INFO: TokenBuild Behavior ::run [ RunTime:0.000000s ]
INFO: WriteHtmlCache Behavior ::run [ RunTime:0.015600s ]
INFO: ShowRuntime Behavior ::run [ RunTime:0.000000s ]
INFO: [ view_filter ] --END-- [ RunTime:0.015600s ]
INFO: [ view_end ] --START--
INFO: ShowPageTrace Behavior ::run [ RunTime:0.000000s ]
INFO: [ view_end ] --END-- [ RunTime:0.000000s ]

[ 2013-12-26T11:00:38+08:00 ] 127.0.0.1 /admin.php/Main/index.html
INFO: [ route_check ] --START--
INFO: CheckRoute Behavior ::run [ RunTime:0.000000s ]
INFO: [ route_check ] --END-- [ RunTime:0.000000s ]
INFO: [ app_begin ] --START--
INFO: ReadHtmlCache Behavior ::run [ RunTime:0.000000s ]
INFO: [ app_begin ] --END-- [ RunTime:0.000000s ]
INFO: [ view_parse ] --START--
NOTIC: [8] Undefined variable: cfg_sitetitle G:\server\upupw\vhosts\qqtongji.com\system\Runtime\Cache\2847c01a8a56d66ad64959722b2d21ab.php 第 3 行.
NOTIC: [8] Undefined variable: cfg_sitetitle G:\server\upupw\vhosts\qqtongji.com\system\Runtime\Cache\2847c01a8a56d66ad64959722b2d21ab.php 第 11 行.
INFO: ParseTemplate Behavior ::run [ RunTime:0.015600s ]
INFO: [ view_parse ] --END-- [ RunTime:0.015600s ]
INFO: [ view_filter ] --START--
INFO: ContentReplace Behavior ::run [ RunTime:0.000000s ]
INFO: TokenBuild Behavior ::run [ RunTime:0.000000s ]
INFO: WriteHtmlCache Behavior ::run [ RunTime:0.015600s ]
INFO: ShowRuntime Behavior ::run [ RunTime:0.000000s ]
INFO: [ view_filter ] --END-- [ RunTime:0.015600s ]
INFO: [ view_end ] --START--
INFO: ShowPageTrace Behavior ::run [ RunTime:0.000000s ]
INFO: [ view_end ] --END-- [ RunTime:0.000000s ]

[ 2013-12-26T11:00:42+08:00 ] 127.0.0.1 /admin.php/Main/index.html
INFO: [ route_check ] --START--
INFO: CheckRoute Behavior ::run [ RunTime:0.000000s ]
INFO: [ route_check ] --END-- [ RunTime:0.000000s ]
INFO: [ app_begin ] --START--
INFO: ReadHtmlCache Behavior ::run [ RunTime:0.000000s ]
INFO: [ app_begin ] --END-- [ RunTime:0.000000s ]
INFO: [ view_parse ] --START--
NOTIC: [8] Undefined variable: cfg_sitetitle G:\server\upupw\vhosts\qqtongji.com\system\Runtime\Cache\2847c01a8a56d66ad64959722b2d21ab.php 第 3 行.
NOTIC: [8] Undefined variable: cfg_sitetitle G:\server\upupw\vhosts\qqtongji.com\system\Runtime\Cache\2847c01a8a56d66ad64959722b2d21ab.php 第 11 行.
INFO: ParseTemplate Behavior ::run [ RunTime:0.015600s ]
INFO: [ view_parse ] --END-- [ RunTime:0.015600s ]
INFO: [ view_filter ] --START--
INFO: ContentReplace Behavior ::run [ RunTime:0.000000s ]
INFO: TokenBuild Behavior ::run [ RunTime:0.000000s ]
INFO: WriteHtmlCache Behavior ::run [ RunTime:0.015600s ]
INFO: ShowRuntime Behavior ::run [ RunTime:0.000000s ]
INFO: [ view_filter ] --END-- [ RunTime:0.015600s ]
INFO: [ view_end ] --START--
INFO: ShowPageTrace Behavior ::run [ RunTime:0.000000s ]
INFO: [ view_end ] --END-- [ RunTime:0.000000s ]

[ 2013-12-26T11:00:47+08:00 ] 127.0.0.1 /admin.php/Main/index.html
INFO: [ route_check ] --START--
INFO: CheckRoute Behavior ::run [ RunTime:0.000000s ]
INFO: [ route_check ] --END-- [ RunTime:0.000000s ]
INFO: [ app_begin ] --START--
INFO: ReadHtmlCache Behavior ::run [ RunTime:0.000000s ]
INFO: [ app_begin ] --END-- [ RunTime:0.000000s ]
INFO: [ view_parse ] --START--
NOTIC: [8] Undefined variable: cfg_sitetitle G:\server\upupw\vhosts\qqtongji.com\system\Runtime\Cache\2847c01a8a56d66ad64959722b2d21ab.php 第 3 行.
NOTIC: [8] Undefined variable: cfg_sitetitle G:\server\upupw\vhosts\qqtongji.com\system\Runtime\Cache\2847c01a8a56d66ad64959722b2d21ab.php 第 11 行.
INFO: ParseTemplate Behavior ::run [ RunTime:0.015600s ]
INFO: [ view_parse ] --END-- [ RunTime:0.015600s ]
INFO: [ view_filter ] --START--
INFO: ContentReplace Behavior ::run [ RunTime:0.000000s ]
INFO: TokenBuild Behavior ::run [ RunTime:0.000000s ]
INFO: WriteHtmlCache Behavior ::run [ RunTime:0.015600s ]
INFO: ShowRuntime Behavior ::run [ RunTime:0.000000s ]
INFO: [ view_filter ] --END-- [ RunTime:0.015600s ]
INFO: [ view_end ] --START--
INFO: ShowPageTrace Behavior ::run [ RunTime:0.000000s ]
INFO: [ view_end ] --END-- [ RunTime:0.000000s ]

[ 2013-12-26T11:00:51+08:00 ] 127.0.0.1 /admin.php/Main/index.html
INFO: [ route_check ] --START--
INFO: CheckRoute Behavior ::run [ RunTime:0.015600s ]
INFO: [ route_check ] --END-- [ RunTime:0.015600s ]
INFO: [ app_begin ] --START--
INFO: ReadHtmlCache Behavior ::run [ RunTime:0.000000s ]
INFO: [ app_begin ] --END-- [ RunTime:0.000000s ]
INFO: [ view_parse ] --START--
NOTIC: [8] Undefined variable: cfg_sitetitle G:\server\upupw\vhosts\qqtongji.com\system\Runtime\Cache\2847c01a8a56d66ad64959722b2d21ab.php 第 3 行.
NOTIC: [8] Undefined variable: cfg_sitetitle G:\server\upupw\vhosts\qqtongji.com\system\Runtime\Cache\2847c01a8a56d66ad64959722b2d21ab.php 第 11 行.
INFO: ParseTemplate Behavior ::run [ RunTime:0.031200s ]
INFO: [ view_parse ] --END-- [ RunTime:0.031200s ]
INFO: [ view_filter ] --START--
INFO: ContentReplace Behavior ::run [ RunTime:0.000000s ]
INFO: TokenBuild Behavior ::run [ RunTime:0.000000s ]
INFO: WriteHtmlCache Behavior ::run [ RunTime:0.000000s ]
INFO: ShowRuntime Behavior ::run [ RunTime:0.015600s ]
INFO: [ view_filter ] --END-- [ RunTime:0.015600s ]
INFO: [ view_end ] --START--
INFO: ShowPageTrace Behavior ::run [ RunTime:0.000000s ]
INFO: [ view_end ] --END-- [ RunTime:0.000000s ]

[ 2013-12-26T11:00:55+08:00 ] 127.0.0.1 /admin.php/Main/index.html
INFO: [ route_check ] --START--
INFO: CheckRoute Behavior ::run [ RunTime:0.015600s ]
INFO: [ route_check ] --END-- [ RunTime:0.015600s ]
INFO: [ app_begin ] --START--
INFO: ReadHtmlCache Behavior ::run [ RunTime:0.000000s ]
INFO: [ app_begin ] --END-- [ RunTime:0.000000s ]
INFO: [ view_parse ] --START--
NOTIC: [8] Undefined variable: cfg_sitetitle G:\server\upupw\vhosts\qqtongji.com\system\Runtime\Cache\2847c01a8a56d66ad64959722b2d21ab.php 第 3 行.
NOTIC: [8] Undefined variable: cfg_sitetitle G:\server\upupw\vhosts\qqtongji.com\system\Runtime\Cache\2847c01a8a56d66ad64959722b2d21ab.php 第 11 行.
INFO: ParseTemplate Behavior ::run [ RunTime:0.015600s ]
INFO: [ view_parse ] --END-- [ RunTime:0.015600s ]
INFO: [ view_filter ] --START--
INFO: ContentReplace Behavior ::run [ RunTime:0.000000s ]
INFO: TokenBuild Behavior ::run [ RunTime:0.000000s ]
INFO: WriteHtmlCache Behavior ::run [ RunTime:0.000000s ]
INFO: ShowRuntime Behavior ::run [ RunTime:0.015600s ]
INFO: [ view_filter ] --END-- [ RunTime:0.015600s ]
INFO: [ view_end ] --START--
INFO: ShowPageTrace Behavior ::run [ RunTime:0.000000s ]
INFO: [ view_end ] --END-- [ RunTime:0.000000s ]

[ 2013-12-26T11:00:59+08:00 ] 127.0.0.1 /admin.php/Main/index.html
INFO: [ route_check ] --START--
INFO: CheckRoute Behavior ::run [ RunTime:0.000000s ]
INFO: [ route_check ] --END-- [ RunTime:0.000000s ]
INFO: [ app_begin ] --START--
INFO: ReadHtmlCache Behavior ::run [ RunTime:0.000000s ]
INFO: [ app_begin ] --END-- [ RunTime:0.000000s ]
INFO: [ view_parse ] --START--
NOTIC: [8] Undefined variable: cfg_sitetitle G:\server\upupw\vhosts\qqtongji.com\system\Runtime\Cache\2847c01a8a56d66ad64959722b2d21ab.php 第 3 行.
NOTIC: [8] Undefined variable: cfg_sitetitle G:\server\upupw\vhosts\qqtongji.com\system\Runtime\Cache\2847c01a8a56d66ad64959722b2d21ab.php 第 11 行.
INFO: ParseTemplate Behavior ::run [ RunTime:0.015600s ]
INFO: [ view_parse ] --END-- [ RunTime:0.015600s ]
INFO: [ view_filter ] --START--
INFO: ContentReplace Behavior ::run [ RunTime:0.015600s ]
INFO: TokenBuild Behavior ::run [ RunTime:0.000000s ]
INFO: WriteHtmlCache Behavior ::run [ RunTime:0.000000s ]
INFO: ShowRuntime Behavior ::run [ RunTime:0.000000s ]
INFO: [ view_filter ] --END-- [ RunTime:0.015600s ]
INFO: [ view_end ] --START--
INFO: ShowPageTrace Behavior ::run [ RunTime:0.000000s ]
INFO: [ view_end ] --END-- [ RunTime:0.000000s ]

[ 2013-12-26T11:01:04+08:00 ] 127.0.0.1 /admin.php/Main/index.html
INFO: [ route_check ] --START--
INFO: CheckRoute Behavior ::run [ RunTime:0.000000s ]
INFO: [ route_check ] --END-- [ RunTime:0.000000s ]
INFO: [ app_begin ] --START--
INFO: ReadHtmlCache Behavior ::run [ RunTime:0.015600s ]
INFO: [ app_begin ] --END-- [ RunTime:0.015600s ]
INFO: [ view_parse ] --START--
NOTIC: [8] Undefined variable: cfg_sitetitle G:\server\upupw\vhosts\qqtongji.com\system\Runtime\Cache\2847c01a8a56d66ad64959722b2d21ab.php 第 3 行.
NOTIC: [8] Undefined variable: cfg_sitetitle G:\server\upupw\vhosts\qqtongji.com\system\Runtime\Cache\2847c01a8a56d66ad64959722b2d21ab.php 第 11 行.
INFO: ParseTemplate Behavior ::run [ RunTime:0.031200s ]
INFO: [ view_parse ] --END-- [ RunTime:0.031200s ]
INFO: [ view_filter ] --START--
INFO: ContentReplace Behavior ::run [ RunTime:0.000000s ]
INFO: TokenBuild Behavior ::run [ RunTime:0.000000s ]
INFO: WriteHtmlCache Behavior ::run [ RunTime:0.000000s ]
INFO: ShowRuntime Behavior ::run [ RunTime:0.000000s ]
INFO: [ view_filter ] --END-- [ RunTime:0.000000s ]
INFO: [ view_end ] --START--
INFO: ShowPageTrace Behavior ::run [ RunTime:0.015600s ]
INFO: [ view_end ] --END-- [ RunTime:0.015600s ]

[ 2013-12-26T11:01:08+08:00 ] 127.0.0.1 /admin.php/Main/index.html
INFO: [ route_check ] --START--
INFO: CheckRoute Behavior ::run [ RunTime:0.000000s ]
INFO: [ route_check ] --END-- [ RunTime:0.000000s ]
INFO: [ app_begin ] --START--
INFO: ReadHtmlCache Behavior ::run [ RunTime:0.000000s ]
INFO: [ app_begin ] --END-- [ RunTime:0.000000s ]
INFO: [ view_parse ] --START--
NOTIC: [8] Undefined variable: cfg_sitetitle G:\server\upupw\vhosts\qqtongji.com\system\Runtime\Cache\2847c01a8a56d66ad64959722b2d21ab.php 第 3 行.
NOTIC: [8] Undefined variable: cfg_sitetitle G:\server\upupw\vhosts\qqtongji.com\system\Runtime\Cache\2847c01a8a56d66ad64959722b2d21ab.php 第 11 行.
INFO: ParseTemplate Behavior ::run [ RunTime:0.015600s ]
INFO: [ view_parse ] --END-- [ RunTime:0.015600s ]
INFO: [ view_filter ] --START--
INFO: ContentReplace Behavior ::run [ RunTime:0.015600s ]
INFO: TokenBuild Behavior ::run [ RunTime:0.000000s ]
INFO: WriteHtmlCache Behavior ::run [ RunTime:0.000000s ]
INFO: ShowRuntime Behavior ::run [ RunTime:0.000000s ]
INFO: [ view_filter ] --END-- [ RunTime:0.015600s ]
INFO: [ view_end ] --START--
INFO: ShowPageTrace Behavior ::run [ RunTime:0.000000s ]
INFO: [ view_end ] --END-- [ RunTime:0.000000s ]

[ 2013-12-26T11:01:08+08:00 ] 127.0.0.1 /admin.php/Main/index.html
INFO: [ route_check ] --START--
INFO: CheckRoute Behavior ::run [ RunTime:0.000000s ]
INFO: [ route_check ] --END-- [ RunTime:0.000000s ]
INFO: [ app_begin ] --START--
INFO: ReadHtmlCache Behavior ::run [ RunTime:0.000000s ]
INFO: [ app_begin ] --END-- [ RunTime:0.000000s ]
INFO: [ view_parse ] --START--
NOTIC: [8] Undefined variable: cfg_sitetitle G:\server\upupw\vhosts\qqtongji.com\system\Runtime\Cache\2847c01a8a56d66ad64959722b2d21ab.php 第 3 行.
NOTIC: [8] Undefined variable: cfg_sitetitle G:\server\upupw\vhosts\qqtongji.com\system\Runtime\Cache\2847c01a8a56d66ad64959722b2d21ab.php 第 11 行.
INFO: ParseTemplate Behavior ::run [ RunTime:0.015600s ]
INFO: [ view_parse ] --END-- [ RunTime:0.015600s ]
INFO: [ view_filter ] --START--
INFO: ContentReplace Behavior ::run [ RunTime:0.015600s ]
INFO: TokenBuild Behavior ::run [ RunTime:0.000000s ]
INFO: WriteHtmlCache Behavior ::run [ RunTime:0.000000s ]
INFO: ShowRuntime Behavior ::run [ RunTime:0.000000s ]
INFO: [ view_filter ] --END-- [ RunTime:0.015600s ]
INFO: [ view_end ] --START--
INFO: ShowPageTrace Behavior ::run [ RunTime:0.015600s ]
INFO: [ view_end ] --END-- [ RunTime:0.015600s ]

[ 2013-12-26T11:01:12+08:00 ] 127.0.0.1 /admin.php/Main/index.html
INFO: [ route_check ] --START--
INFO: CheckRoute Behavior ::run [ RunTime:0.000000s ]
INFO: [ route_check ] --END-- [ RunTime:0.000000s ]
INFO: [ app_begin ] --START--
INFO: ReadHtmlCache Behavior ::run [ RunTime:0.000000s ]
INFO: [ app_begin ] --END-- [ RunTime:0.000000s ]
INFO: [ view_parse ] --START--
NOTIC: [8] Undefined variable: cfg_sitetitle G:\server\upupw\vhosts\qqtongji.com\system\Runtime\Cache\2847c01a8a56d66ad64959722b2d21ab.php 第 3 行.
NOTIC: [8] Undefined variable: cfg_sitetitle G:\server\upupw\vhosts\qqtongji.com\system\Runtime\Cache\2847c01a8a56d66ad64959722b2d21ab.php 第 11 行.
INFO: ParseTemplate Behavior ::run [ RunTime:0.015600s ]
INFO: [ view_parse ] --END-- [ RunTime:0.015600s ]
INFO: [ view_filter ] --START--
INFO: ContentReplace Behavior ::run [ RunTime:0.000000s ]
INFO: TokenBuild Behavior ::run [ RunTime:0.000000s ]
INFO: WriteHtmlCache Behavior ::run [ RunTime:0.015600s ]
INFO: ShowRuntime Behavior ::run [ RunTime:0.000000s ]
INFO: [ view_filter ] --END-- [ RunTime:0.015600s ]
INFO: [ view_end ] --START--
INFO: ShowPageTrace Behavior ::run [ RunTime:0.000000s ]
INFO: [ view_end ] --END-- [ RunTime:0.000000s ]

[ 2013-12-26T11:01:16+08:00 ] 127.0.0.1 /admin.php/Main/index.html
INFO: [ route_check ] --START--
INFO: CheckRoute Behavior ::run [ RunTime:0.015600s ]
INFO: [ route_check ] --END-- [ RunTime:0.015600s ]
INFO: [ app_begin ] --START--
INFO: ReadHtmlCache Behavior ::run [ RunTime:0.000000s ]
INFO: [ app_begin ] --END-- [ RunTime:0.000000s ]
INFO: [ view_parse ] --START--
NOTIC: [8] Undefined variable: cfg_sitetitle G:\server\upupw\vhosts\qqtongji.com\system\Runtime\Cache\2847c01a8a56d66ad64959722b2d21ab.php 第 3 行.
NOTIC: [8] Undefined variable: cfg_sitetitle G:\server\upupw\vhosts\qqtongji.com\system\Runtime\Cache\2847c01a8a56d66ad64959722b2d21ab.php 第 11 行.
INFO: ParseTemplate Behavior ::run [ RunTime:0.015600s ]
INFO: [ view_parse ] --END-- [ RunTime:0.015600s ]
INFO: [ view_filter ] --START--
INFO: ContentReplace Behavior ::run [ RunTime:0.000000s ]
INFO: TokenBuild Behavior ::run [ RunTime:0.000000s ]
INFO: WriteHtmlCache Behavior ::run [ RunTime:0.000000s ]
INFO: ShowRuntime Behavior ::run [ RunTime:0.015600s ]
INFO: [ view_filter ] --END-- [ RunTime:0.015600s ]
INFO: [ view_end ] --START--
INFO: ShowPageTrace Behavior ::run [ RunTime:0.000000s ]
INFO: [ view_end ] --END-- [ RunTime:0.000000s ]

[ 2013-12-26T11:01:20+08:00 ] 127.0.0.1 /admin.php/Main/index.html
INFO: [ route_check ] --START--
INFO: CheckRoute Behavior ::run [ RunTime:0.000000s ]
INFO: [ route_check ] --END-- [ RunTime:0.000000s ]
INFO: [ app_begin ] --START--
INFO: ReadHtmlCache Behavior ::run [ RunTime:0.000000s ]
INFO: [ app_begin ] --END-- [ RunTime:0.000000s ]
INFO: [ view_parse ] --START--
NOTIC: [8] Undefined variable: cfg_sitetitle G:\server\upupw\vhosts\qqtongji.com\system\Runtime\Cache\2847c01a8a56d66ad64959722b2d21ab.php 第 3 行.
NOTIC: [8] Undefined variable: cfg_sitetitle G:\server\upupw\vhosts\qqtongji.com\system\Runtime\Cache\2847c01a8a56d66ad64959722b2d21ab.php 第 11 行.
INFO: ParseTemplate Behavior ::run [ RunTime:0.015600s ]
INFO: [ view_parse ] --END-- [ RunTime:0.015600s ]
INFO: [ view_filter ] --START--
INFO: ContentReplace Behavior ::run [ RunTime:0.015600s ]
INFO: TokenBuild Behavior ::run [ RunTime:0.000000s ]
INFO: WriteHtmlCache Behavior ::run [ RunTime:0.000000s ]
INFO: ShowRuntime Behavior ::run [ RunTime:0.000000s ]
INFO: [ view_filter ] --END-- [ RunTime:0.015600s ]
INFO: [ view_end ] --START--
INFO: ShowPageTrace Behavior ::run [ RunTime:0.015600s ]
INFO: [ view_end ] --END-- [ RunTime:0.015600s ]

[ 2013-12-26T11:01:24+08:00 ] 127.0.0.1 /admin.php/Main/index.html
INFO: [ route_check ] --START--
INFO: CheckRoute Behavior ::run [ RunTime:0.000000s ]
INFO: [ route_check ] --END-- [ RunTime:0.000000s ]
INFO: [ app_begin ] --START--
INFO: ReadHtmlCache Behavior ::run [ RunTime:0.000000s ]
INFO: [ app_begin ] --END-- [ RunTime:0.000000s ]
INFO: [ view_parse ] --START--
NOTIC: [8] Undefined variable: cfg_sitetitle G:\server\upupw\vhosts\qqtongji.com\system\Runtime\Cache\2847c01a8a56d66ad64959722b2d21ab.php 第 3 行.
NOTIC: [8] Undefined variable: cfg_sitetitle G:\server\upupw\vhosts\qqtongji.com\system\Runtime\Cache\2847c01a8a56d66ad64959722b2d21ab.php 第 11 行.
INFO: ParseTemplate Behavior ::run [ RunTime:0.015600s ]
INFO: [ view_parse ] --END-- [ RunTime:0.015600s ]
INFO: [ view_filter ] --START--
INFO: ContentReplace Behavior ::run [ RunTime:0.000000s ]
INFO: TokenBuild Behavior ::run [ RunTime:0.015600s ]
INFO: WriteHtmlCache Behavior ::run [ RunTime:0.000000s ]
INFO: ShowRuntime Behavior ::run [ RunTime:0.000000s ]
INFO: [ view_filter ] --END-- [ RunTime:0.015600s ]
INFO: [ view_end ] --START--
INFO: ShowPageTrace Behavior ::run [ RunTime:0.000000s ]
INFO: [ view_end ] --END-- [ RunTime:0.000000s ]

[ 2013-12-26T11:01:28+08:00 ] 127.0.0.1 /admin.php/Main/index.html
INFO: [ route_check ] --START--
INFO: CheckRoute Behavior ::run [ RunTime:0.000000s ]
INFO: [ route_check ] --END-- [ RunTime:0.000000s ]
INFO: [ app_begin ] --START--
INFO: ReadHtmlCache Behavior ::run [ RunTime:0.000000s ]
INFO: [ app_begin ] --END-- [ RunTime:0.000000s ]
INFO: [ view_parse ] --START--
NOTIC: [8] Undefined variable: cfg_sitetitle G:\server\upupw\vhosts\qqtongji.com\system\Runtime\Cache\2847c01a8a56d66ad64959722b2d21ab.php 第 3 行.
NOTIC: [8] Undefined variable: cfg_sitetitle G:\server\upupw\vhosts\qqtongji.com\system\Runtime\Cache\2847c01a8a56d66ad64959722b2d21ab.php 第 11 行.
INFO: ParseTemplate Behavior ::run [ RunTime:0.031200s ]
INFO: [ view_parse ] --END-- [ RunTime:0.031200s ]
INFO: [ view_filter ] --START--
INFO: ContentReplace Behavior ::run [ RunTime:0.000000s ]
INFO: TokenBuild Behavior ::run [ RunTime:0.000000s ]
INFO: WriteHtmlCache Behavior ::run [ RunTime:0.000000s ]
INFO: ShowRuntime Behavior ::run [ RunTime:0.000000s ]
INFO: [ view_filter ] --END-- [ RunTime:0.000000s ]
INFO: [ view_end ] --START--
INFO: ShowPageTrace Behavior ::run [ RunTime:0.015600s ]
INFO: [ view_end ] --END-- [ RunTime:0.015600s ]

[ 2013-12-26T11:01:32+08:00 ] 127.0.0.1 /admin.php/Main/index.html
INFO: [ route_check ] --START--
INFO: CheckRoute Behavior ::run [ RunTime:0.000000s ]
INFO: [ route_check ] --END-- [ RunTime:0.000000s ]
INFO: [ app_begin ] --START--
INFO: ReadHtmlCache Behavior ::run [ RunTime:0.000000s ]
INFO: [ app_begin ] --END-- [ RunTime:0.000000s ]
INFO: [ view_parse ] --START--
NOTIC: [8] Undefined variable: cfg_sitetitle G:\server\upupw\vhosts\qqtongji.com\system\Runtime\Cache\2847c01a8a56d66ad64959722b2d21ab.php 第 3 行.
NOTIC: [8] Undefined variable: cfg_sitetitle G:\server\upupw\vhosts\qqtongji.com\system\Runtime\Cache\2847c01a8a56d66ad64959722b2d21ab.php 第 11 行.
INFO: ParseTemplate Behavior ::run [ RunTime:0.015600s ]
INFO: [ view_parse ] --END-- [ RunTime:0.015600s ]
INFO: [ view_filter ] --START--
INFO: ContentReplace Behavior ::run [ RunTime:0.000000s ]
INFO: TokenBuild Behavior ::run [ RunTime:0.015600s ]
INFO: WriteHtmlCache Behavior ::run [ RunTime:0.000000s ]
INFO: ShowRuntime Behavior ::run [ RunTime:0.000000s ]
INFO: [ view_filter ] --END-- [ RunTime:0.015600s ]
INFO: [ view_end ] --START--
INFO: ShowPageTrace Behavior ::run [ RunTime:0.000000s ]
INFO: [ view_end ] --END-- [ RunTime:0.000000s ]

[ 2013-12-26T11:01:36+08:00 ] 127.0.0.1 /admin.php/Main/index.html
INFO: [ route_check ] --START--
INFO: CheckRoute Behavior ::run [ RunTime:0.000000s ]
INFO: [ route_check ] --END-- [ RunTime:0.000000s ]
INFO: [ app_begin ] --START--
INFO: ReadHtmlCache Behavior ::run [ RunTime:0.000000s ]
INFO: [ app_begin ] --END-- [ RunTime:0.000000s ]
INFO: [ view_parse ] --START--
NOTIC: [8] Undefined variable: cfg_sitetitle G:\server\upupw\vhosts\qqtongji.com\system\Runtime\Cache\2847c01a8a56d66ad64959722b2d21ab.php 第 3 行.
NOTIC: [8] Undefined variable: cfg_sitetitle G:\server\upupw\vhosts\qqtongji.com\system\Runtime\Cache\2847c01a8a56d66ad64959722b2d21ab.php 第 11 行.
INFO: ParseTemplate Behavior ::run [ RunTime:0.015600s ]
INFO: [ view_parse ] --END-- [ RunTime:0.015600s ]
INFO: [ view_filter ] --START--
INFO: ContentReplace Behavior ::run [ RunTime:0.000000s ]
INFO: TokenBuild Behavior ::run [ RunTime:0.015601s ]
INFO: WriteHtmlCache Behavior ::run [ RunTime:0.000000s ]
INFO: ShowRuntime Behavior ::run [ RunTime:0.000000s ]
INFO: [ view_filter ] --END-- [ RunTime:0.015601s ]
INFO: [ view_end ] --START--
INFO: ShowPageTrace Behavior ::run [ RunTime:0.000000s ]
INFO: [ view_end ] --END-- [ RunTime:0.000000s ]

[ 2013-12-26T11:01:41+08:00 ] 127.0.0.1 /admin.php/Main/index.html
INFO: [ route_check ] --START--
INFO: CheckRoute Behavior ::run [ RunTime:0.000000s ]
INFO: [ route_check ] --END-- [ RunTime:0.000000s ]
INFO: [ app_begin ] --START--
INFO: ReadHtmlCache Behavior ::run [ RunTime:0.000000s ]
INFO: [ app_begin ] --END-- [ RunTime:0.000000s ]
INFO: [ view_parse ] --START--
NOTIC: [8] Undefined variable: cfg_sitetitle G:\server\upupw\vhosts\qqtongji.com\system\Runtime\Cache\2847c01a8a56d66ad64959722b2d21ab.php 第 3 行.
NOTIC: [8] Undefined variable: cfg_sitetitle G:\server\upupw\vhosts\qqtongji.com\system\Runtime\Cache\2847c01a8a56d66ad64959722b2d21ab.php 第 11 行.
INFO: ParseTemplate Behavior ::run [ RunTime:0.015600s ]
INFO: [ view_parse ] --END-- [ RunTime:0.015600s ]
INFO: [ view_filter ] --START--
INFO: ContentReplace Behavior ::run [ RunTime:0.000000s ]
INFO: TokenBuild Behavior ::run [ RunTime:0.015600s ]
INFO: WriteHtmlCache Behavior ::run [ RunTime:0.000000s ]
INFO: ShowRuntime Behavior ::run [ RunTime:0.000000s ]
INFO: [ view_filter ] --END-- [ RunTime:0.015600s ]
INFO: [ view_end ] --START--
INFO: ShowPageTrace Behavior ::run [ RunTime:0.000000s ]
INFO: [ view_end ] --END-- [ RunTime:0.000000s ]

[ 2013-12-26T11:01:45+08:00 ] 127.0.0.1 /admin.php/Main/index.html
INFO: [ route_check ] --START--
INFO: CheckRoute Behavior ::run [ RunTime:0.000000s ]
INFO: [ route_check ] --END-- [ RunTime:0.000000s ]
INFO: [ app_begin ] --START--
INFO: ReadHtmlCache Behavior ::run [ RunTime:0.015600s ]
INFO: [ app_begin ] --END-- [ RunTime:0.015600s ]
INFO: [ view_parse ] --START--
NOTIC: [8] Undefined variable: cfg_sitetitle G:\server\upupw\vhosts\qqtongji.com\system\Runtime\Cache\2847c01a8a56d66ad64959722b2d21ab.php 第 3 行.
NOTIC: [8] Undefined variable: cfg_sitetitle G:\server\upupw\vhosts\qqtongji.com\system\Runtime\Cache\2847c01a8a56d66ad64959722b2d21ab.php 第 11 行.
INFO: ParseTemplate Behavior ::run [ RunTime:0.015600s ]
INFO: [ view_parse ] --END-- [ RunTime:0.015600s ]
INFO: [ view_filter ] --START--
INFO: ContentReplace Behavior ::run [ RunTime:0.015600s ]
INFO: TokenBuild Behavior ::run [ RunTime:0.000000s ]
INFO: WriteHtmlCache Behavior ::run [ RunTime:0.000000s ]
INFO: ShowRuntime Behavior ::run [ RunTime:0.000000s ]
INFO: [ view_filter ] --END-- [ RunTime:0.015600s ]
INFO: [ view_end ] --START--
INFO: ShowPageTrace Behavior ::run [ RunTime:0.015600s ]
INFO: [ view_end ] --END-- [ RunTime:0.015600s ]

[ 2013-12-26T11:01:49+08:00 ] 127.0.0.1 /admin.php/Main/index.html
INFO: [ route_check ] --START--
INFO: CheckRoute Behavior ::run [ RunTime:0.000000s ]
INFO: [ route_check ] --END-- [ RunTime:0.000000s ]
INFO: [ app_begin ] --START--
INFO: ReadHtmlCache Behavior ::run [ RunTime:0.000000s ]
INFO: [ app_begin ] --END-- [ RunTime:0.000000s ]
INFO: [ view_parse ] --START--
NOTIC: [8] Undefined variable: cfg_sitetitle G:\server\upupw\vhosts\qqtongji.com\system\Runtime\Cache\2847c01a8a56d66ad64959722b2d21ab.php 第 3 行.
NOTIC: [8] Undefined variable: cfg_sitetitle G:\server\upupw\vhosts\qqtongji.com\system\Runtime\Cache\2847c01a8a56d66ad64959722b2d21ab.php 第 11 行.
INFO: ParseTemplate Behavior ::run [ RunTime:0.031200s ]
INFO: [ view_parse ] --END-- [ RunTime:0.031200s ]
INFO: [ view_filter ] --START--
INFO: ContentReplace Behavior ::run [ RunTime:0.000000s ]
INFO: TokenBuild Behavior ::run [ RunTime:0.000000s ]
INFO: WriteHtmlCache Behavior ::run [ RunTime:0.000000s ]
INFO: ShowRuntime Behavior ::run [ RunTime:0.015600s ]
INFO: [ view_filter ] --END-- [ RunTime:0.015600s ]
INFO: [ view_end ] --START--
INFO: ShowPageTrace Behavior ::run [ RunTime:0.000000s ]
INFO: [ view_end ] --END-- [ RunTime:0.000000s ]

[ 2013-12-26T11:01:52+08:00 ] 127.0.0.1 /admin.php/Index/index.html
INFO: [ route_check ] --START--
INFO: CheckRoute Behavior ::run [ RunTime:0.000000s ]
INFO: [ route_check ] --END-- [ RunTime:0.000000s ]
INFO: [ app_begin ] --START--
INFO: ReadHtmlCache Behavior ::run [ RunTime:0.015600s ]
INFO: [ app_begin ] --END-- [ RunTime:0.015600s ]
INFO: [ view_parse ] --START--
INFO: ParseTemplate Behavior ::run [ RunTime:0.015600s ]
INFO: [ view_parse ] --END-- [ RunTime:0.015600s ]
INFO: [ view_filter ] --START--
INFO: ContentReplace Behavior ::run [ RunTime:0.015600s ]
INFO: TokenBuild Behavior ::run [ RunTime:0.000000s ]
INFO: WriteHtmlCache Behavior ::run [ RunTime:0.000000s ]
INFO: ShowRuntime Behavior ::run [ RunTime:0.000000s ]
INFO: [ view_filter ] --END-- [ RunTime:0.015600s ]
INFO: [ view_end ] --START--
INFO: ShowPageTrace Behavior ::run [ RunTime:0.000000s ]
INFO: [ view_end ] --END-- [ RunTime:0.000000s ]

[ 2013-12-26T11:02:00+08:00 ] 127.0.0.1 /admin.php/Index/dologin.html
INFO: [ route_check ] --START--
INFO: CheckRoute Behavior ::run [ RunTime:0.000000s ]
INFO: [ route_check ] --END-- [ RunTime:0.000000s ]
INFO: [ app_begin ] --START--
INFO: ReadHtmlCache Behavior ::run [ RunTime:0.000000s ]
INFO: [ app_begin ] --END-- [ RunTime:0.000000s ]
SQL: SHOW COLUMNS FROM `tj_admin` [ RunTime:0.000000s ]
SQL: SELECT * FROM `tj_admin` WHERE ( `username` = 'admin' ) AND ( `password` = '7fef6171469e80d32c0559f88b377245' ) LIMIT 1   [ RunTime:0.000000s ]
INFO: [ view_parse ] --START--
NOTIC: [8] Undefined variable: cfg_sitetitle G:\server\upupw\vhosts\qqtongji.com\system\Runtime\Cache\2847c01a8a56d66ad64959722b2d21ab.php 第 3 行.
NOTIC: [8] Undefined variable: cfg_sitetitle G:\server\upupw\vhosts\qqtongji.com\system\Runtime\Cache\2847c01a8a56d66ad64959722b2d21ab.php 第 11 行.
INFO: ParseTemplate Behavior ::run [ RunTime:0.015600s ]
INFO: [ view_parse ] --END-- [ RunTime:0.015600s ]
INFO: [ view_filter ] --START--
INFO: ContentReplace Behavior ::run [ RunTime:0.000000s ]
INFO: TokenBuild Behavior ::run [ RunTime:0.015600s ]
INFO: WriteHtmlCache Behavior ::run [ RunTime:0.000000s ]
INFO: ShowRuntime Behavior ::run [ RunTime:0.000000s ]
INFO: [ view_filter ] --END-- [ RunTime:0.015600s ]
INFO: [ view_end ] --START--
INFO: ShowPageTrace Behavior ::run [ RunTime:0.000000s ]
INFO: [ view_end ] --END-- [ RunTime:0.000000s ]

[ 2013-12-26T11:02:01+08:00 ] 127.0.0.1 /admin.php/Main/index.html
INFO: [ route_check ] --START--
INFO: CheckRoute Behavior ::run [ RunTime:0.000000s ]
INFO: [ route_check ] --END-- [ RunTime:0.000000s ]
INFO: [ app_begin ] --START--
INFO: ReadHtmlCache Behavior ::run [ RunTime:0.000000s ]
INFO: [ app_begin ] --END-- [ RunTime:0.000000s ]
INFO: [ view_parse ] --START--
INFO: ParseTemplate Behavior ::run [ RunTime:0.015600s ]
INFO: [ view_parse ] --END-- [ RunTime:0.015600s ]
INFO: [ view_filter ] --START--
INFO: ContentReplace Behavior ::run [ RunTime:0.015600s ]
INFO: TokenBuild Behavior ::run [ RunTime:0.000000s ]
INFO: WriteHtmlCache Behavior ::run [ RunTime:0.000000s ]
INFO: ShowRuntime Behavior ::run [ RunTime:0.000000s ]
INFO: [ view_filter ] --END-- [ RunTime:0.015600s ]
INFO: [ view_end ] --START--
INFO: ShowPageTrace Behavior ::run [ RunTime:0.015600s ]
INFO: [ view_end ] --END-- [ RunTime:0.015600s ]

[ 2013-12-26T11:02:01+08:00 ] 127.0.0.1 /admin.php/Main/index.html
INFO: [ route_check ] --START--
INFO: CheckRoute Behavior ::run [ RunTime:0.000000s ]
INFO: [ route_check ] --END-- [ RunTime:0.000000s ]
INFO: [ app_begin ] --START--
INFO: ReadHtmlCache Behavior ::run [ RunTime:0.000000s ]
INFO: [ app_begin ] --END-- [ RunTime:0.000000s ]
INFO: [ view_parse ] --START--
INFO: ParseTemplate Behavior ::run [ RunTime:0.031200s ]
INFO: [ view_parse ] --END-- [ RunTime:0.031200s ]
INFO: [ view_filter ] --START--
INFO: ContentReplace Behavior ::run [ RunTime:0.000000s ]
INFO: TokenBuild Behavior ::run [ RunTime:0.000000s ]
INFO: WriteHtmlCache Behavior ::run [ RunTime:0.000000s ]
INFO: ShowRuntime Behavior ::run [ RunTime:0.015600s ]
INFO: [ view_filter ] --END-- [ RunTime:0.015600s ]
INFO: [ view_end ] --START--
INFO: ShowPageTrace Behavior ::run [ RunTime:0.000000s ]
INFO: [ view_end ] --END-- [ RunTime:0.000000s ]

[ 2013-12-26T11:02:02+08:00 ] 127.0.0.1 /admin.php/Setup/index.html
INFO: [ route_check ] --START--
INFO: CheckRoute Behavior ::run [ RunTime:0.015600s ]
INFO: [ route_check ] --END-- [ RunTime:0.015600s ]
INFO: [ app_begin ] --START--
INFO: ReadHtmlCache Behavior ::run [ RunTime:0.000000s ]
INFO: [ app_begin ] --END-- [ RunTime:0.000000s ]
INFO: [ view_parse ] --START--
INFO: ParseTemplate Behavior ::run [ RunTime:0.015600s ]
INFO: [ view_parse ] --END-- [ RunTime:0.015600s ]
INFO: [ view_filter ] --START--
INFO: ContentReplace Behavior ::run [ RunTime:0.000000s ]
INFO: TokenBuild Behavior ::run [ RunTime:0.015600s ]
INFO: WriteHtmlCache Behavior ::run [ RunTime:0.002500s ]
INFO: ShowRuntime Behavior ::run [ RunTime:0.002500s ]
INFO: [ view_filter ] --END-- [ RunTime:0.020600s ]
INFO: [ view_end ] --START--
INFO: ShowPageTrace Behavior ::run [ RunTime:0.000000s ]
INFO: [ view_end ] --END-- [ RunTime:0.000000s ]

[ 2013-12-26T11:02:03+08:00 ] 127.0.0.1 /admin.php/Setup/editpass.html
INFO: [ route_check ] --START--
INFO: CheckRoute Behavior ::run [ RunTime:0.000000s ]
INFO: [ route_check ] --END-- [ RunTime:0.000000s ]
INFO: [ app_begin ] --START--
INFO: ReadHtmlCache Behavior ::run [ RunTime:0.015600s ]
INFO: [ app_begin ] --END-- [ RunTime:0.015600s ]
INFO: [ view_parse ] --START--
NOTIC: [8] Undefined variable: user G:\server\upupw\vhosts\qqtongji.com\system\Runtime\Cache\be26efd99bf21124a1e82c736115b6c2.php 第 39 行.
INFO: ParseTemplate Behavior ::run [ RunTime:0.020600s ]
INFO: [ view_parse ] --END-- [ RunTime:0.020600s ]
INFO: [ view_filter ] --START--
INFO: ContentReplace Behavior ::run [ RunTime:0.000000s ]
INFO: TokenBuild Behavior ::run [ RunTime:0.015600s ]
INFO: WriteHtmlCache Behavior ::run [ RunTime:0.000000s ]
INFO: ShowRuntime Behavior ::run [ RunTime:0.000000s ]
INFO: [ view_filter ] --END-- [ RunTime:0.015600s ]
INFO: [ view_end ] --START--
INFO: ShowPageTrace Behavior ::run [ RunTime:0.000000s ]
INFO: [ view_end ] --END-- [ RunTime:0.000000s ]

[ 2013-12-26T11:02:14+08:00 ] 127.0.0.1 /admin.php/Setup/editpass.html
INFO: [ route_check ] --START--
INFO: CheckRoute Behavior ::run [ RunTime:0.000000s ]
INFO: [ route_check ] --END-- [ RunTime:0.000000s ]
INFO: [ app_begin ] --START--
INFO: ReadHtmlCache Behavior ::run [ RunTime:0.000000s ]
INFO: [ app_begin ] --END-- [ RunTime:0.000000s ]
SQL: SHOW COLUMNS FROM `tj_admin` [ RunTime:0.000000s ]
SQL: SELECT * FROM `tj_admin` WHERE ( `username` = 'admin' ) AND ( `password` = 'admin888' ) LIMIT 1   [ RunTime:0.000000s ]
INFO: [ view_parse ] --START--
NOTIC: [8] Undefined variable: cfg_sitetitle G:\server\upupw\vhosts\qqtongji.com\system\Runtime\Cache\2847c01a8a56d66ad64959722b2d21ab.php 第 3 行.
NOTIC: [8] Undefined variable: cfg_sitetitle G:\server\upupw\vhosts\qqtongji.com\system\Runtime\Cache\2847c01a8a56d66ad64959722b2d21ab.php 第 11 行.
INFO: ParseTemplate Behavior ::run [ RunTime:0.015600s ]
INFO: [ view_parse ] --END-- [ RunTime:0.015600s ]
INFO: [ view_filter ] --START--
INFO: ContentReplace Behavior ::run [ RunTime:0.000000s ]
INFO: TokenBuild Behavior ::run [ RunTime:0.000000s ]
INFO: WriteHtmlCache Behavior ::run [ RunTime:0.015600s ]
INFO: ShowRuntime Behavior ::run [ RunTime:0.000000s ]
INFO: [ view_filter ] --END-- [ RunTime:0.015600s ]
INFO: [ view_end ] --START--
INFO: ShowPageTrace Behavior ::run [ RunTime:0.000000s ]
INFO: [ view_end ] --END-- [ RunTime:0.000000s ]

[ 2013-12-26T11:02:23+08:00 ] 127.0.0.1 /admin.php/Setup/editpass.html
INFO: [ route_check ] --START--
INFO: CheckRoute Behavior ::run [ RunTime:0.000000s ]
INFO: [ route_check ] --END-- [ RunTime:0.000000s ]
INFO: [ app_begin ] --START--
INFO: ReadHtmlCache Behavior ::run [ RunTime:0.015600s ]
INFO: [ app_begin ] --END-- [ RunTime:0.015600s ]
SQL: SHOW COLUMNS FROM `tj_admin` [ RunTime:0.000000s ]
SQL: SELECT * FROM `tj_admin` WHERE ( `username` = 'admin' ) AND ( `password` = 'admin888' ) LIMIT 1   [ RunTime:0.000000s ]
INFO: [ view_parse ] --START--
NOTIC: [8] Undefined variable: cfg_sitetitle G:\server\upupw\vhosts\qqtongji.com\system\Runtime\Cache\2847c01a8a56d66ad64959722b2d21ab.php 第 3 行.
NOTIC: [8] Undefined variable: cfg_sitetitle G:\server\upupw\vhosts\qqtongji.com\system\Runtime\Cache\2847c01a8a56d66ad64959722b2d21ab.php 第 11 行.
INFO: ParseTemplate Behavior ::run [ RunTime:0.015600s ]
INFO: [ view_parse ] --END-- [ RunTime:0.015600s ]
INFO: [ view_filter ] --START--
INFO: ContentReplace Behavior ::run [ RunTime:0.000000s ]
INFO: TokenBuild Behavior ::run [ RunTime:0.015600s ]
INFO: WriteHtmlCache Behavior ::run [ RunTime:0.000000s ]
INFO: ShowRuntime Behavior ::run [ RunTime:0.000000s ]
INFO: [ view_filter ] --END-- [ RunTime:0.015600s ]
INFO: [ view_end ] --START--
INFO: ShowPageTrace Behavior ::run [ RunTime:0.000000s ]
INFO: [ view_end ] --END-- [ RunTime:0.000000s ]

[ 2013-12-26T11:03:28+08:00 ] 127.0.0.1 /admin.php/Setup/editpass.html
INFO: [ route_check ] --START--
INFO: CheckRoute Behavior ::run [ RunTime:0.000000s ]
INFO: [ route_check ] --END-- [ RunTime:0.000000s ]
INFO: [ app_begin ] --START--
INFO: ReadHtmlCache Behavior ::run [ RunTime:0.015600s ]
INFO: [ app_begin ] --END-- [ RunTime:0.015600s ]
SQL: SHOW COLUMNS FROM `tj_admin` [ RunTime:0.000000s ]
SQL: SELECT * FROM `tj_admin` WHERE ( `username` = 'admin' ) AND ( `password` = '7fef6171469e80d32c0559f88b377245' ) LIMIT 1   [ RunTime:0.000000s ]
SQL: UPDATE `tj_admin` SET `password`='d0350c1caab9edae1cd94f6fc59f7060' WHERE ( `username` = 'admin' ) AND ( `password` = 'admin888' ) [ RunTime:0.062400s ]
INFO: [ view_parse ] --START--
NOTIC: [8] Undefined variable: cfg_sitetitle G:\server\upupw\vhosts\qqtongji.com\system\Runtime\Cache\2847c01a8a56d66ad64959722b2d21ab.php 第 3 行.
NOTIC: [8] Undefined variable: cfg_sitetitle G:\server\upupw\vhosts\qqtongji.com\system\Runtime\Cache\2847c01a8a56d66ad64959722b2d21ab.php 第 11 行.
INFO: ParseTemplate Behavior ::run [ RunTime:0.046800s ]
INFO: [ view_parse ] --END-- [ RunTime:0.046800s ]
INFO: [ view_filter ] --START--
INFO: ContentReplace Behavior ::run [ RunTime:0.000000s ]
INFO: TokenBuild Behavior ::run [ RunTime:0.000000s ]
INFO: WriteHtmlCache Behavior ::run [ RunTime:0.015600s ]
INFO: ShowRuntime Behavior ::run [ RunTime:0.000000s ]
INFO: [ view_filter ] --END-- [ RunTime:0.015600s ]
INFO: [ view_end ] --START--
INFO: ShowPageTrace Behavior ::run [ RunTime:0.000000s ]
INFO: [ view_end ] --END-- [ RunTime:0.000000s ]

[ 2013-12-26T11:03:59+08:00 ] 127.0.0.1 /admin.php/Setup/editpass.html
INFO: [ route_check ] --START--
INFO: CheckRoute Behavior ::run [ RunTime:0.015600s ]
INFO: [ route_check ] --END-- [ RunTime:0.015600s ]
INFO: [ app_begin ] --START--
INFO: ReadHtmlCache Behavior ::run [ RunTime:0.000000s ]
INFO: [ app_begin ] --END-- [ RunTime:0.000000s ]
SQL: SHOW COLUMNS FROM `tj_admin` [ RunTime:0.000000s ]
SQL: SELECT * FROM `tj_admin` WHERE ( `username` = 'admin' ) AND ( `password` = '7fef6171469e80d32c0559f88b377245' ) LIMIT 1   [ RunTime:0.000000s ]
SQL: UPDATE `tj_admin` SET `password`='d0350c1caab9edae1cd94f6fc59f7060' WHERE ( `username` = 'admin' ) AND ( `password` = '7fef6171469e80d32c0559f88b377245' ) [ RunTime:0.000000s ]
INFO: [ view_parse ] --START--
NOTIC: [8] Undefined variable: cfg_sitetitle G:\server\upupw\vhosts\qqtongji.com\system\Runtime\Cache\2847c01a8a56d66ad64959722b2d21ab.php 第 3 行.
NOTIC: [8] Undefined variable: cfg_sitetitle G:\server\upupw\vhosts\qqtongji.com\system\Runtime\Cache\2847c01a8a56d66ad64959722b2d21ab.php 第 11 行.
INFO: ParseTemplate Behavior ::run [ RunTime:0.015600s ]
INFO: [ view_parse ] --END-- [ RunTime:0.015600s ]
INFO: [ view_filter ] --START--
INFO: ContentReplace Behavior ::run [ RunTime:0.000000s ]
INFO: TokenBuild Behavior ::run [ RunTime:0.015600s ]
INFO: WriteHtmlCache Behavior ::run [ RunTime:0.000000s ]
INFO: ShowRuntime Behavior ::run [ RunTime:0.000000s ]
INFO: [ view_filter ] --END-- [ RunTime:0.015600s ]
INFO: [ view_end ] --START--
INFO: ShowPageTrace Behavior ::run [ RunTime:0.000000s ]
INFO: [ view_end ] --END-- [ RunTime:0.000000s ]

[ 2013-12-26T11:04:00+08:00 ] 127.0.0.1 /admin.php/Setup/editpass.html
INFO: [ route_check ] --START--
INFO: CheckRoute Behavior ::run [ RunTime:0.000000s ]
INFO: [ route_check ] --END-- [ RunTime:0.000000s ]
INFO: [ app_begin ] --START--
INFO: ReadHtmlCache Behavior ::run [ RunTime:0.000000s ]
INFO: [ app_begin ] --END-- [ RunTime:0.000000s ]
INFO: [ view_parse ] --START--
NOTIC: [8] Undefined variable: user G:\server\upupw\vhosts\qqtongji.com\system\Runtime\Cache\be26efd99bf21124a1e82c736115b6c2.php 第 39 行.
INFO: ParseTemplate Behavior ::run [ RunTime:0.031200s ]
INFO: [ view_parse ] --END-- [ RunTime:0.031200s ]
INFO: [ view_filter ] --START--
INFO: ContentReplace Behavior ::run [ RunTime:0.000000s ]
INFO: TokenBuild Behavior ::run [ RunTime:0.000000s ]
INFO: WriteHtmlCache Behavior ::run [ RunTime:0.000000s ]
INFO: ShowRuntime Behavior ::run [ RunTime:0.015600s ]
INFO: [ view_filter ] --END-- [ RunTime:0.015600s ]
INFO: [ view_end ] --START--
INFO: ShowPageTrace Behavior ::run [ RunTime:0.000000s ]
INFO: [ view_end ] --END-- [ RunTime:0.000000s ]

