[ 2014-05-17T12:54:40+08:00 ] 127.0.0.1 /admin.php
INFO: [ app_begin ] --START--
INFO: ReadHtmlCache Behavior ::run [ RunTime:0.001623s ]
INFO: [ app_begin ] --END-- [ RunTime:0.001796s ]
INFO: [ view_parse ] --START--
INFO: ParseTemplate Behavior ::run [ RunTime:0.052205s ]
INFO: [ view_parse ] --END-- [ RunTime:0.052379s ]
INFO: [ view_filter ] --START--
INFO: ContentReplace Behavior ::run [ RunTime:0.002379s ]
INFO: TokenBuild Behavior ::run [ RunTime:0.002234s ]
INFO: WriteHtmlCache Behavior ::run [ RunTime:0.002155s ]
INFO: ShowRuntime Behavior ::run [ RunTime:0.002559s ]
INFO: [ view_filter ] --END-- [ RunTime:0.009787s ]
INFO: [ view_end ] --START--
INFO: ShowPageTrace Behavior ::run [ RunTime:0.003795s ]
INFO: [ view_end ] --END-- [ RunTime:0.004083s ]

[ 2014-05-17T12:54:45+08:00 ] 127.0.0.1 /admin.php/Index/dologin.html
INFO: [ route_check ] --START--
INFO: CheckRoute Behavior ::run [ RunTime:0.001209s ]
INFO: [ route_check ] --END-- [ RunTime:0.001336s ]
INFO: [ app_begin ] --START--
INFO: ReadHtmlCache Behavior ::run [ RunTime:0.001194s ]
INFO: [ app_begin ] --END-- [ RunTime:0.001298s ]
SQL: SHOW COLUMNS FROM `tj_admin` [ RunTime:0.002473s ]
SQL: SELECT * FROM `tj_admin` WHERE ( `username` = 'admin' ) AND ( `password` = 'e10adc3949ba59abbe56e057f20f883e' ) LIMIT 1   [ RunTime:0.000294s ]
INFO: [ view_parse ] --START--
NOTIC: [8] Undefined variable: cfg_sitetitle E:\apmserv\APMServ5.2.6\www\htdocs\system\Runtime\Cache\2847c01a8a56d66ad64959722b2d21ab.php 第 3 行.
NOTIC: [8] Undefined variable: cfg_sitetitle E:\apmserv\APMServ5.2.6\www\htdocs\system\Runtime\Cache\2847c01a8a56d66ad64959722b2d21ab.php 第 11 行.
INFO: ParseTemplate Behavior ::run [ RunTime:0.047359s ]
INFO: [ view_parse ] --END-- [ RunTime:0.047468s ]
INFO: [ view_filter ] --START--
INFO: ContentReplace Behavior ::run [ RunTime:0.001230s ]
INFO: TokenBuild Behavior ::run [ RunTime:0.001041s ]
INFO: WriteHtmlCache Behavior ::run [ RunTime:0.001012s ]
INFO: ShowRuntime Behavior ::run [ RunTime:0.001067s ]
INFO: [ view_filter ] --END-- [ RunTime:0.004547s ]
INFO: [ view_end ] --START--
INFO: ShowPageTrace Behavior ::run [ RunTime:0.001034s ]
INFO: [ view_end ] --END-- [ RunTime:0.001102s ]

[ 2014-05-17T12:54:46+08:00 ] 127.0.0.1 /admin.php/Main/index.html
INFO: [ route_check ] --START--
INFO: CheckRoute Behavior ::run [ RunTime:0.005506s ]
INFO: [ route_check ] --END-- [ RunTime:0.005672s ]
INFO: [ app_begin ] --START--
INFO: ReadHtmlCache Behavior ::run [ RunTime:0.001332s ]
INFO: [ app_begin ] --END-- [ RunTime:0.001504s ]
INFO: [ view_parse ] --START--
INFO: ParseTemplate Behavior ::run [ RunTime:0.024388s ]
INFO: [ view_parse ] --END-- [ RunTime:0.024538s ]
INFO: [ view_filter ] --START--
INFO: ContentReplace Behavior ::run [ RunTime:0.001304s ]
INFO: TokenBuild Behavior ::run [ RunTime:0.001293s ]
INFO: WriteHtmlCache Behavior ::run [ RunTime:0.001194s ]
INFO: ShowRuntime Behavior ::run [ RunTime:0.001092s ]
INFO: [ view_filter ] --END-- [ RunTime:0.005182s ]
INFO: [ view_end ] --START--
INFO: ShowPageTrace Behavior ::run [ RunTime:0.002536s ]
INFO: [ view_end ] --END-- [ RunTime:0.002772s ]

[ 2014-05-17T12:54:47+08:00 ] 127.0.0.1 /admin.php/Main/static/admin/assets/js/common/main-min.js
INFO: [ route_check ] --START--
INFO: CheckRoute Behavior ::run [ RunTime:0.001103s ]
INFO: [ route_check ] --END-- [ RunTime:0.001269s ]
INFO: [ app_begin ] --START--
INFO: ReadHtmlCache Behavior ::run [ RunTime:0.001263s ]
INFO: [ app_begin ] --END-- [ RunTime:0.001373s ]
ERR: 非法操作:static

[ 2014-05-17T12:54:50+08:00 ] 127.0.0.1 /admin.php/Visit/index.html
INFO: [ route_check ] --START--
INFO: CheckRoute Behavior ::run [ RunTime:0.000565s ]
INFO: [ route_check ] --END-- [ RunTime:0.000689s ]
INFO: [ app_begin ] --START--
INFO: ReadHtmlCache Behavior ::run [ RunTime:0.001159s ]
INFO: [ app_begin ] --END-- [ RunTime:0.001281s ]
SQL: SHOW COLUMNS FROM `tj_qqdata` [ RunTime:0.002867s ]
NOTIC: [8] Undefined variable: map E:\apmserv\APMServ5.2.6\www\htdocs\system\Lib\Action\VisitAction.class.php 第 12 行.
SQL: SELECT COUNT(*) AS tp_count FROM `tj_qqdata` LIMIT 1   [ RunTime:0.000499s ]
NOTIC: [8] Undefined variable: map E:\apmserv\APMServ5.2.6\www\htdocs\system\Lib\Action\VisitAction.class.php 第 16 行.
SQL: SELECT * FROM `tj_qqdata` ORDER BY id desc LIMIT 0,10   [ RunTime:0.000364s ]
INFO: [ view_parse ] --START--
INFO: ParseTemplate Behavior ::run [ RunTime:0.047009s ]
INFO: [ view_parse ] --END-- [ RunTime:0.047170s ]
INFO: [ view_filter ] --START--
INFO: ContentReplace Behavior ::run [ RunTime:0.001328s ]
INFO: TokenBuild Behavior ::run [ RunTime:0.001080s ]
INFO: WriteHtmlCache Behavior ::run [ RunTime:0.001043s ]
INFO: ShowRuntime Behavior ::run [ RunTime:0.001108s ]
INFO: [ view_filter ] --END-- [ RunTime:0.004772s ]
INFO: [ view_end ] --START--
INFO: ShowPageTrace Behavior ::run [ RunTime:0.001108s ]
INFO: [ view_end ] --END-- [ RunTime:0.001177s ]

