[ 2014-06-25T01:44:57+08:00 ] 125.105.103.55 /admin.php
INFO: [ app_begin ] --START--
INFO: ReadHtmlCache Behavior ::run [ RunTime:0.002545s ]
INFO: [ app_begin ] --END-- [ RunTime:0.002642s ]
INFO: [ view_parse ] --START--
INFO: ParseTemplate Behavior ::run [ RunTime:0.024538s ]
INFO: [ view_parse ] --END-- [ RunTime:0.024623s ]
INFO: [ view_filter ] --START--
INFO: ContentReplace Behavior ::run [ RunTime:0.002278s ]
INFO: TokenBuild Behavior ::run [ RunTime:0.002293s ]
INFO: WriteHtmlCache Behavior ::run [ RunTime:0.002189s ]
INFO: ShowRuntime Behavior ::run [ RunTime:0.002428s ]
INFO: [ view_filter ] --END-- [ RunTime:0.009400s ]
INFO: [ view_end ] --START--
INFO: ShowPageTrace Behavior ::run [ RunTime:0.002581s ]
INFO: [ view_end ] --END-- [ RunTime:0.002658s ]

[ 2014-06-25T01:45:04+08:00 ] 125.105.103.55 /admin.php/Index/dologin.html
INFO: [ route_check ] --START--
INFO: CheckRoute Behavior ::run [ RunTime:0.002864s ]
INFO: [ route_check ] --END-- [ RunTime:0.002966s ]
INFO: [ app_begin ] --START--
INFO: ReadHtmlCache Behavior ::run [ RunTime:0.002580s ]
INFO: [ app_begin ] --END-- [ RunTime:0.002659s ]
SQL: SHOW COLUMNS FROM `tj_admin` [ RunTime:0.001052s ]
SQL: SELECT * FROM `tj_admin` WHERE ( `username` = 'admin' ) AND ( `password` = 'e10adc3949ba59abbe56e057f20f883e' ) LIMIT 1   [ RunTime:0.000250s ]
INFO: [ view_parse ] --START--
NOTIC: [8] Undefined variable: cfg_sitetitle E:\wwwroot\test\system\Runtime\Cache\2847c01a8a56d66ad64959722b2d21ab.php 第 3 行.
NOTIC: [8] Undefined variable: cfg_sitetitle E:\wwwroot\test\system\Runtime\Cache\2847c01a8a56d66ad64959722b2d21ab.php 第 11 行.
INFO: ParseTemplate Behavior ::run [ RunTime:0.019389s ]
INFO: [ view_parse ] --END-- [ RunTime:0.019474s ]
INFO: [ view_filter ] --START--
INFO: ContentReplace Behavior ::run [ RunTime:0.002395s ]
INFO: TokenBuild Behavior ::run [ RunTime:0.002289s ]
INFO: WriteHtmlCache Behavior ::run [ RunTime:0.002162s ]
INFO: ShowRuntime Behavior ::run [ RunTime:0.002422s ]
INFO: [ view_filter ] --END-- [ RunTime:0.009478s ]
INFO: [ view_end ] --START--
INFO: ShowPageTrace Behavior ::run [ RunTime:0.002592s ]
INFO: [ view_end ] --END-- [ RunTime:0.002670s ]

[ 2014-06-25T01:45:05+08:00 ] 125.105.103.55 /admin.php/Main/index.html
INFO: [ route_check ] --START--
INFO: CheckRoute Behavior ::run [ RunTime:0.002843s ]
INFO: [ route_check ] --END-- [ RunTime:0.002944s ]
INFO: [ app_begin ] --START--
INFO: ReadHtmlCache Behavior ::run [ RunTime:0.002511s ]
INFO: [ app_begin ] --END-- [ RunTime:0.002591s ]
INFO: [ view_parse ] --START--
INFO: ParseTemplate Behavior ::run [ RunTime:0.026050s ]
INFO: [ view_parse ] --END-- [ RunTime:0.026135s ]
INFO: [ view_filter ] --START--
INFO: ContentReplace Behavior ::run [ RunTime:0.002269s ]
INFO: TokenBuild Behavior ::run [ RunTime:0.002303s ]
INFO: WriteHtmlCache Behavior ::run [ RunTime:0.002181s ]
INFO: ShowRuntime Behavior ::run [ RunTime:0.002409s ]
INFO: [ view_filter ] --END-- [ RunTime:0.009369s ]
INFO: [ view_end ] --START--
INFO: ShowPageTrace Behavior ::run [ RunTime:0.002594s ]
INFO: [ view_end ] --END-- [ RunTime:0.002671s ]

[ 2014-06-25T01:45:16+08:00 ] 125.105.103.55 /admin.php/Setup/index.html
INFO: [ route_check ] --START--
INFO: CheckRoute Behavior ::run [ RunTime:0.002831s ]
INFO: [ route_check ] --END-- [ RunTime:0.002932s ]
INFO: [ app_begin ] --START--
INFO: ReadHtmlCache Behavior ::run [ RunTime:0.002507s ]
INFO: [ app_begin ] --END-- [ RunTime:0.002587s ]
INFO: [ view_parse ] --START--
INFO: ParseTemplate Behavior ::run [ RunTime:0.024970s ]
INFO: [ view_parse ] --END-- [ RunTime:0.025080s ]
INFO: [ view_filter ] --START--
INFO: ContentReplace Behavior ::run [ RunTime:0.002284s ]
INFO: TokenBuild Behavior ::run [ RunTime:0.002303s ]
INFO: WriteHtmlCache Behavior ::run [ RunTime:0.002246s ]
INFO: ShowRuntime Behavior ::run [ RunTime:0.002583s ]
INFO: [ view_filter ] --END-- [ RunTime:0.009658s ]
INFO: [ view_end ] --START--
INFO: ShowPageTrace Behavior ::run [ RunTime:0.002610s ]
INFO: [ view_end ] --END-- [ RunTime:0.002693s ]

[ 2014-06-25T01:45:24+08:00 ] 125.105.103.55 /admin.php/User/lists.html
INFO: [ route_check ] --START--
INFO: CheckRoute Behavior ::run [ RunTime:0.002842s ]
INFO: [ route_check ] --END-- [ RunTime:0.002944s ]
INFO: [ app_begin ] --START--
INFO: ReadHtmlCache Behavior ::run [ RunTime:0.002537s ]
INFO: [ app_begin ] --END-- [ RunTime:0.002617s ]
SQL: SHOW COLUMNS FROM `tj_members` [ RunTime:0.001310s ]
NOTIC: [8] Undefined index:  username E:\wwwroot\test\system\Lib\Action\UserAction.class.php 第 5 行.
NOTIC: [8] Undefined variable: map E:\wwwroot\test\system\Lib\Action\UserAction.class.php 第 8 行.
SQL: SELECT COUNT(*) AS tp_count FROM `tj_members` LIMIT 1   [ RunTime:0.000154s ]
NOTIC: [8] Undefined variable: map E:\wwwroot\test\system\Lib\Action\UserAction.class.php 第 13 行.
SQL: SELECT * FROM `tj_members` ORDER BY id desc LIMIT 0,10   [ RunTime:0.000218s ]
INFO: [ view_parse ] --START--
INFO: ParseTemplate Behavior ::run [ RunTime:0.022184s ]
INFO: [ view_parse ] --END-- [ RunTime:0.022295s ]
INFO: [ view_filter ] --START--
INFO: ContentReplace Behavior ::run [ RunTime:0.002294s ]
INFO: TokenBuild Behavior ::run [ RunTime:0.002321s ]
INFO: WriteHtmlCache Behavior ::run [ RunTime:0.002176s ]
INFO: ShowRuntime Behavior ::run [ RunTime:0.002496s ]
INFO: [ view_filter ] --END-- [ RunTime:0.009574s ]
INFO: [ view_end ] --START--
INFO: ShowPageTrace Behavior ::run [ RunTime:0.002636s ]
INFO: [ view_end ] --END-- [ RunTime:0.002727s ]

[ 2014-06-25T01:45:25+08:00 ] 125.105.103.55 /admin.php/Site/index.html
INFO: [ route_check ] --START--
INFO: CheckRoute Behavior ::run [ RunTime:0.002825s ]
INFO: [ route_check ] --END-- [ RunTime:0.002927s ]
INFO: [ app_begin ] --START--
INFO: ReadHtmlCache Behavior ::run [ RunTime:0.002500s ]
INFO: [ app_begin ] --END-- [ RunTime:0.002580s ]
NOTIC: [8] Undefined index:  uid E:\wwwroot\test\system\Lib\Action\SiteAction.class.php 第 4 行.
SQL: SHOW COLUMNS FROM `tj_sites` [ RunTime:0.001308s ]
NOTIC: [8] Undefined variable: map E:\wwwroot\test\system\Lib\Action\SiteAction.class.php 第 7 行.
SQL: SELECT COUNT(*) AS tp_count FROM `tj_sites` LIMIT 1   [ RunTime:0.000159s ]
NOTIC: [8] Undefined variable: map E:\wwwroot\test\system\Lib\Action\SiteAction.class.php 第 11 行.
SQL: SELECT * FROM `tj_sites` ORDER BY id desc LIMIT 0,10   [ RunTime:0.000227s ]
INFO: [ view_parse ] --START--
INFO: ParseTemplate Behavior ::run [ RunTime:0.034464s ]
INFO: [ view_parse ] --END-- [ RunTime:0.034551s ]
INFO: [ view_filter ] --START--
INFO: ContentReplace Behavior ::run [ RunTime:0.002265s ]
INFO: TokenBuild Behavior ::run [ RunTime:0.002305s ]
INFO: WriteHtmlCache Behavior ::run [ RunTime:0.002157s ]
INFO: ShowRuntime Behavior ::run [ RunTime:0.002425s ]
INFO: [ view_filter ] --END-- [ RunTime:0.009363s ]
INFO: [ view_end ] --START--
INFO: ShowPageTrace Behavior ::run [ RunTime:0.002604s ]
INFO: [ view_end ] --END-- [ RunTime:0.002680s ]

[ 2014-06-25T01:45:26+08:00 ] 125.105.103.55 /admin.php/Mail/index.html
INFO: [ route_check ] --START--
INFO: CheckRoute Behavior ::run [ RunTime:0.002857s ]
INFO: [ route_check ] --END-- [ RunTime:0.002959s ]
INFO: [ app_begin ] --START--
INFO: ReadHtmlCache Behavior ::run [ RunTime:0.002504s ]
INFO: [ app_begin ] --END-- [ RunTime:0.002584s ]
SQL: SHOW COLUMNS FROM `tj_maildata` [ RunTime:0.001562s ]
SQL: SELECT COUNT(*) AS tp_count FROM `tj_maildata` LIMIT 1   [ RunTime:0.000206s ]
SQL: SELECT * FROM `tj_maildata` ORDER BY id desc LIMIT 0,10   [ RunTime:0.000315s ]
INFO: [ view_parse ] --START--
INFO: ParseTemplate Behavior ::run [ RunTime:0.021182s ]
INFO: [ view_parse ] --END-- [ RunTime:0.021274s ]
INFO: [ view_filter ] --START--
INFO: ContentReplace Behavior ::run [ RunTime:0.002260s ]
INFO: TokenBuild Behavior ::run [ RunTime:0.002282s ]
INFO: WriteHtmlCache Behavior ::run [ RunTime:0.002148s ]
INFO: ShowRuntime Behavior ::run [ RunTime:0.002403s ]
INFO: [ view_filter ] --END-- [ RunTime:0.009302s ]
INFO: [ view_end ] --START--
INFO: ShowPageTrace Behavior ::run [ RunTime:0.002580s ]
INFO: [ view_end ] --END-- [ RunTime:0.002658s ]

[ 2014-06-25T01:45:27+08:00 ] 125.105.103.55 /admin.php/Visit/index.html
INFO: [ route_check ] --START--
INFO: CheckRoute Behavior ::run [ RunTime:0.002848s ]
INFO: [ route_check ] --END-- [ RunTime:0.002961s ]
INFO: [ app_begin ] --START--
INFO: ReadHtmlCache Behavior ::run [ RunTime:0.002495s ]
INFO: [ app_begin ] --END-- [ RunTime:0.002575s ]
SQL: SHOW COLUMNS FROM `tj_qqdata` [ RunTime:0.001641s ]
NOTIC: [8] Undefined variable: map E:\wwwroot\test\system\Lib\Action\VisitAction.class.php 第 12 行.
SQL: SELECT COUNT(*) AS tp_count FROM `tj_qqdata` LIMIT 1   [ RunTime:0.000234s ]
NOTIC: [8] Undefined variable: map E:\wwwroot\test\system\Lib\Action\VisitAction.class.php 第 16 行.
SQL: SELECT * FROM `tj_qqdata` ORDER BY id desc LIMIT 0,10   [ RunTime:0.000208s ]
INFO: [ view_parse ] --START--
INFO: ParseTemplate Behavior ::run [ RunTime:0.022206s ]
INFO: [ view_parse ] --END-- [ RunTime:0.022294s ]
INFO: [ view_filter ] --START--
INFO: ContentReplace Behavior ::run [ RunTime:0.002260s ]
INFO: TokenBuild Behavior ::run [ RunTime:0.002299s ]
INFO: WriteHtmlCache Behavior ::run [ RunTime:0.002178s ]
INFO: ShowRuntime Behavior ::run [ RunTime:0.002432s ]
INFO: [ view_filter ] --END-- [ RunTime:0.009398s ]
INFO: [ view_end ] --START--
INFO: ShowPageTrace Behavior ::run [ RunTime:0.002583s ]
INFO: [ view_end ] --END-- [ RunTime:0.002675s ]

