[ 2014-03-22T11:11:34+08:00 ] 61.142.10.195 /admin.php
INFO: [ app_begin ] --START--
INFO: ReadHtmlCache Behavior ::run [ RunTime:0.000484s ]
INFO: [ app_begin ] --END-- [ RunTime:0.000599s ]
INFO: [ view_parse ] --START--
INFO: ParseTemplate Behavior ::run [ RunTime:0.021679s ]
INFO: [ view_parse ] --END-- [ RunTime:0.021859s ]
INFO: [ view_filter ] --START--
INFO: ContentReplace Behavior ::run [ RunTime:0.001075s ]
INFO: TokenBuild Behavior ::run [ RunTime:0.000903s ]
INFO: WriteHtmlCache Behavior ::run [ RunTime:0.007511s ]
INFO: ShowRuntime Behavior ::run [ RunTime:0.001279s ]
INFO: [ view_filter ] --END-- [ RunTime:0.011090s ]
INFO: [ view_end ] --START--
INFO: ShowPageTrace Behavior ::run [ RunTime:0.001317s ]
INFO: [ view_end ] --END-- [ RunTime:0.001420s ]

[ 2014-03-22T11:11:36+08:00 ] 61.142.10.195 /admin.php/Index/dologin.html
INFO: [ route_check ] --START--
INFO: CheckRoute Behavior ::run [ RunTime:0.001967s ]
INFO: [ route_check ] --END-- [ RunTime:0.002131s ]
INFO: [ app_begin ] --START--
INFO: ReadHtmlCache Behavior ::run [ RunTime:0.000923s ]
INFO: [ app_begin ] --END-- [ RunTime:0.001056s ]
SQL: SHOW COLUMNS FROM `tj_admin` [ RunTime:0.007826s ]
SQL: SELECT * FROM `tj_admin` WHERE ( `username` = 'admin' ) AND ( `password` = 'e765fe19d2cbe4705bdd6a38016b1243' ) LIMIT 1   [ RunTime:0.003320s ]
INFO: [ view_parse ] --START--
NOTIC: [8] Undefined variable: cfg_sitetitle D:\wwwroot\haotongji\wwwroot\system\Runtime\Cache\2847c01a8a56d66ad64959722b2d21ab.php 第 3 行.
NOTIC: [8] Undefined variable: cfg_sitetitle D:\wwwroot\haotongji\wwwroot\system\Runtime\Cache\2847c01a8a56d66ad64959722b2d21ab.php 第 11 行.
INFO: ParseTemplate Behavior ::run [ RunTime:0.026143s ]
INFO: [ view_parse ] --END-- [ RunTime:0.026341s ]
INFO: [ view_filter ] --START--
INFO: ContentReplace Behavior ::run [ RunTime:0.000688s ]
INFO: TokenBuild Behavior ::run [ RunTime:0.003375s ]
INFO: WriteHtmlCache Behavior ::run [ RunTime:0.002189s ]
INFO: ShowRuntime Behavior ::run [ RunTime:0.000967s ]
INFO: [ view_filter ] --END-- [ RunTime:0.007609s ]
INFO: [ view_end ] --START--
INFO: ShowPageTrace Behavior ::run [ RunTime:0.001090s ]
INFO: [ view_end ] --END-- [ RunTime:0.001240s ]

[ 2014-03-22T11:11:37+08:00 ] 61.142.10.195 /admin.php/Main/index.html
INFO: [ route_check ] --START--
INFO: CheckRoute Behavior ::run [ RunTime:0.005874s ]
INFO: [ route_check ] --END-- [ RunTime:0.006090s ]
INFO: [ app_begin ] --START--
INFO: ReadHtmlCache Behavior ::run [ RunTime:0.000952s ]
INFO: [ app_begin ] --END-- [ RunTime:0.001045s ]
INFO: [ view_parse ] --START--
INFO: ParseTemplate Behavior ::run [ RunTime:0.024908s ]
INFO: [ view_parse ] --END-- [ RunTime:0.025060s ]
INFO: [ view_filter ] --START--
INFO: ContentReplace Behavior ::run [ RunTime:0.000661s ]
INFO: TokenBuild Behavior ::run [ RunTime:0.000640s ]
INFO: WriteHtmlCache Behavior ::run [ RunTime:0.000594s ]
INFO: ShowRuntime Behavior ::run [ RunTime:0.001619s ]
INFO: [ view_filter ] --END-- [ RunTime:0.004016s ]
INFO: [ view_end ] --START--
INFO: ShowPageTrace Behavior ::run [ RunTime:0.001157s ]
INFO: [ view_end ] --END-- [ RunTime:0.001242s ]

[ 2014-03-22T11:11:39+08:00 ] 61.142.10.195 /admin.php/User/lists.html
INFO: [ route_check ] --START--
INFO: CheckRoute Behavior ::run [ RunTime:0.000927s ]
INFO: [ route_check ] --END-- [ RunTime:0.001016s ]
INFO: [ app_begin ] --START--
INFO: ReadHtmlCache Behavior ::run [ RunTime:0.000554s ]
INFO: [ app_begin ] --END-- [ RunTime:0.000613s ]
SQL: SHOW COLUMNS FROM `tj_members` [ RunTime:0.001258s ]
NOTIC: [8] Undefined index:  username D:\wwwroot\haotongji\wwwroot\system\Lib\Action\UserAction.class.php 第 5 行.
NOTIC: [8] Undefined variable: map D:\wwwroot\haotongji\wwwroot\system\Lib\Action\UserAction.class.php 第 8 行.
SQL: SELECT COUNT(*) AS tp_count FROM `tj_members` LIMIT 1   [ RunTime:0.000174s ]
NOTIC: [8] Undefined variable: map D:\wwwroot\haotongji\wwwroot\system\Lib\Action\UserAction.class.php 第 13 行.
SQL: SELECT * FROM `tj_members` ORDER BY id desc LIMIT 0,10   [ RunTime:0.001486s ]
INFO: [ view_parse ] --START--
NOTIC: [8] Use of undefined constant id - assumed 'id' D:\wwwroot\haotongji\wwwroot\system\Runtime\Cache\0551a8a98a058b075ff65a240320959b.php 第 59 行.
NOTIC: [8] Use of undefined constant id - assumed 'id' D:\wwwroot\haotongji\wwwroot\system\Runtime\Cache\0551a8a98a058b075ff65a240320959b.php 第 60 行.
NOTIC: [8] Use of undefined constant id - assumed 'id' D:\wwwroot\haotongji\wwwroot\system\Runtime\Cache\0551a8a98a058b075ff65a240320959b.php 第 59 行.
NOTIC: [8] Use of undefined constant id - assumed 'id' D:\wwwroot\haotongji\wwwroot\system\Runtime\Cache\0551a8a98a058b075ff65a240320959b.php 第 60 行.
NOTIC: [8] Use of undefined constant id - assumed 'id' D:\wwwroot\haotongji\wwwroot\system\Runtime\Cache\0551a8a98a058b075ff65a240320959b.php 第 59 行.
NOTIC: [8] Use of undefined constant id - assumed 'id' D:\wwwroot\haotongji\wwwroot\system\Runtime\Cache\0551a8a98a058b075ff65a240320959b.php 第 60 行.
NOTIC: [8] Use of undefined constant id - assumed 'id' D:\wwwroot\haotongji\wwwroot\system\Runtime\Cache\0551a8a98a058b075ff65a240320959b.php 第 59 行.
NOTIC: [8] Use of undefined constant id - assumed 'id' D:\wwwroot\haotongji\wwwroot\system\Runtime\Cache\0551a8a98a058b075ff65a240320959b.php 第 60 行.
INFO: ParseTemplate Behavior ::run [ RunTime:0.022334s ]
INFO: [ view_parse ] --END-- [ RunTime:0.022444s ]
INFO: [ view_filter ] --START--
INFO: ContentReplace Behavior ::run [ RunTime:0.000658s ]
INFO: TokenBuild Behavior ::run [ RunTime:0.006218s ]
INFO: WriteHtmlCache Behavior ::run [ RunTime:0.000367s ]
INFO: ShowRuntime Behavior ::run [ RunTime:0.000577s ]
INFO: [ view_filter ] --END-- [ RunTime:0.008108s ]
INFO: [ view_end ] --START--
INFO: ShowPageTrace Behavior ::run [ RunTime:0.000655s ]
INFO: [ view_end ] --END-- [ RunTime:0.000729s ]

[ 2014-03-22T11:11:43+08:00 ] 61.142.10.195 /admin.php/Site/index.html
INFO: [ route_check ] --START--
INFO: CheckRoute Behavior ::run [ RunTime:0.001216s ]
INFO: [ route_check ] --END-- [ RunTime:0.001356s ]
INFO: [ app_begin ] --START--
INFO: ReadHtmlCache Behavior ::run [ RunTime:0.000841s ]
INFO: [ app_begin ] --END-- [ RunTime:0.000949s ]
NOTIC: [8] Undefined index:  uid D:\wwwroot\haotongji\wwwroot\system\Lib\Action\SiteAction.class.php 第 4 行.
SQL: SHOW COLUMNS FROM `tj_sites` [ RunTime:0.001673s ]
NOTIC: [8] Undefined variable: map D:\wwwroot\haotongji\wwwroot\system\Lib\Action\SiteAction.class.php 第 7 行.
SQL: SELECT COUNT(*) AS tp_count FROM `tj_sites` LIMIT 1   [ RunTime:0.000308s ]
NOTIC: [8] Undefined variable: map D:\wwwroot\haotongji\wwwroot\system\Lib\Action\SiteAction.class.php 第 11 行.
SQL: SELECT * FROM `tj_sites` ORDER BY id desc LIMIT 0,10   [ RunTime:0.000465s ]
INFO: [ view_parse ] --START--
NOTIC: [8] Use of undefined constant id - assumed 'id' D:\wwwroot\haotongji\wwwroot\system\Runtime\Cache\5a1c710defdb6a234a616c756a5f333e.php 第 65 行.
NOTIC: [8] Use of undefined constant id - assumed 'id' D:\wwwroot\haotongji\wwwroot\system\Runtime\Cache\5a1c710defdb6a234a616c756a5f333e.php 第 65 行.
NOTIC: [8] Use of undefined constant id - assumed 'id' D:\wwwroot\haotongji\wwwroot\system\Runtime\Cache\5a1c710defdb6a234a616c756a5f333e.php 第 65 行.
INFO: ParseTemplate Behavior ::run [ RunTime:0.024760s ]
INFO: [ view_parse ] --END-- [ RunTime:0.024880s ]
INFO: [ view_filter ] --START--
INFO: ContentReplace Behavior ::run [ RunTime:0.000392s ]
INFO: TokenBuild Behavior ::run [ RunTime:0.000434s ]
INFO: WriteHtmlCache Behavior ::run [ RunTime:0.000338s ]
INFO: ShowRuntime Behavior ::run [ RunTime:0.000529s ]
INFO: [ view_filter ] --END-- [ RunTime:0.001935s ]
INFO: [ view_end ] --START--
INFO: ShowPageTrace Behavior ::run [ RunTime:0.000671s ]
INFO: [ view_end ] --END-- [ RunTime:0.000769s ]

[ 2014-03-22T11:59:18+08:00 ] 61.142.10.195 /admin.php
INFO: [ app_begin ] --START--
INFO: ReadHtmlCache Behavior ::run [ RunTime:0.000946s ]
INFO: [ app_begin ] --END-- [ RunTime:0.001042s ]
INFO: [ view_parse ] --START--
INFO: ParseTemplate Behavior ::run [ RunTime:0.037264s ]
INFO: [ view_parse ] --END-- [ RunTime:0.037417s ]
INFO: [ view_filter ] --START--
INFO: ContentReplace Behavior ::run [ RunTime:0.000862s ]
INFO: TokenBuild Behavior ::run [ RunTime:0.000913s ]
INFO: WriteHtmlCache Behavior ::run [ RunTime:0.001503s ]
INFO: ShowRuntime Behavior ::run [ RunTime:0.001935s ]
INFO: [ view_filter ] --END-- [ RunTime:0.005650s ]
INFO: [ view_end ] --START--
INFO: ShowPageTrace Behavior ::run [ RunTime:0.005837s ]
INFO: [ view_end ] --END-- [ RunTime:0.006336s ]

[ 2014-03-22T11:59:19+08:00 ] 61.142.10.195 /admin.php/Index/dologin.html
INFO: [ route_check ] --START--
INFO: CheckRoute Behavior ::run [ RunTime:0.002477s ]
INFO: [ route_check ] --END-- [ RunTime:0.002649s ]
INFO: [ app_begin ] --START--
INFO: ReadHtmlCache Behavior ::run [ RunTime:0.000676s ]
INFO: [ app_begin ] --END-- [ RunTime:0.000797s ]
SQL: SHOW COLUMNS FROM `tj_admin` [ RunTime:0.001868s ]
SQL: SELECT * FROM `tj_admin` WHERE ( `username` = 'admin' ) AND ( `password` = 'e765fe19d2cbe4705bdd6a38016b1243' ) LIMIT 1   [ RunTime:0.000659s ]
INFO: [ view_parse ] --START--
NOTIC: [8] Undefined variable: cfg_sitetitle D:\wwwroot\haotongji\wwwroot\system\Runtime\Cache\2847c01a8a56d66ad64959722b2d21ab.php 第 3 行.
NOTIC: [8] Undefined variable: cfg_sitetitle D:\wwwroot\haotongji\wwwroot\system\Runtime\Cache\2847c01a8a56d66ad64959722b2d21ab.php 第 11 行.
INFO: ParseTemplate Behavior ::run [ RunTime:0.017920s ]
INFO: [ view_parse ] --END-- [ RunTime:0.018056s ]
INFO: [ view_filter ] --START--
INFO: ContentReplace Behavior ::run [ RunTime:0.000556s ]
INFO: TokenBuild Behavior ::run [ RunTime:0.000539s ]
INFO: WriteHtmlCache Behavior ::run [ RunTime:0.000432s ]
INFO: ShowRuntime Behavior ::run [ RunTime:0.000727s ]
INFO: [ view_filter ] --END-- [ RunTime:0.002560s ]
INFO: [ view_end ] --START--
INFO: ShowPageTrace Behavior ::run [ RunTime:0.000900s ]
INFO: [ view_end ] --END-- [ RunTime:0.001000s ]

[ 2014-03-22T11:59:21+08:00 ] 61.142.10.195 /admin.php/Main/index.html
INFO: [ route_check ] --START--
INFO: CheckRoute Behavior ::run [ RunTime:0.000782s ]
INFO: [ route_check ] --END-- [ RunTime:0.000890s ]
INFO: [ app_begin ] --START--
INFO: ReadHtmlCache Behavior ::run [ RunTime:0.000467s ]
INFO: [ app_begin ] --END-- [ RunTime:0.000525s ]
INFO: [ view_parse ] --START--
INFO: ParseTemplate Behavior ::run [ RunTime:0.011407s ]
INFO: [ view_parse ] --END-- [ RunTime:0.011486s ]
INFO: [ view_filter ] --START--
INFO: ContentReplace Behavior ::run [ RunTime:0.000311s ]
INFO: TokenBuild Behavior ::run [ RunTime:0.000337s ]
INFO: WriteHtmlCache Behavior ::run [ RunTime:0.000200s ]
INFO: ShowRuntime Behavior ::run [ RunTime:0.004481s ]
INFO: [ view_filter ] --END-- [ RunTime:0.005540s ]
INFO: [ view_end ] --START--
INFO: ShowPageTrace Behavior ::run [ RunTime:0.000808s ]
INFO: [ view_end ] --END-- [ RunTime:0.000898s ]

[ 2014-03-22T11:59:24+08:00 ] 61.142.10.195 /admin.php/Setup/index.html
INFO: [ route_check ] --START--
INFO: CheckRoute Behavior ::run [ RunTime:0.002003s ]
INFO: [ route_check ] --END-- [ RunTime:0.002363s ]
INFO: [ app_begin ] --START--
INFO: ReadHtmlCache Behavior ::run [ RunTime:0.003702s ]
INFO: [ app_begin ] --END-- [ RunTime:0.003902s ]
INFO: [ view_parse ] --START--
INFO: ParseTemplate Behavior ::run [ RunTime:0.037331s ]
INFO: [ view_parse ] --END-- [ RunTime:0.037542s ]
INFO: [ view_filter ] --START--
INFO: ContentReplace Behavior ::run [ RunTime:0.001140s ]
INFO: TokenBuild Behavior ::run [ RunTime:0.001436s ]
INFO: WriteHtmlCache Behavior ::run [ RunTime:0.000603s ]
INFO: ShowRuntime Behavior ::run [ RunTime:0.003592s ]
INFO: [ view_filter ] --END-- [ RunTime:0.007446s ]
INFO: [ view_end ] --START--
INFO: ShowPageTrace Behavior ::run [ RunTime:0.008420s ]
INFO: [ view_end ] --END-- [ RunTime:0.008701s ]

[ 2014-03-22T11:59:32+08:00 ] 61.142.10.195 /admin.php/Setup/dosave.html
INFO: [ route_check ] --START--
INFO: CheckRoute Behavior ::run [ RunTime:0.001101s ]
INFO: [ route_check ] --END-- [ RunTime:0.001194s ]
INFO: [ app_begin ] --START--
INFO: ReadHtmlCache Behavior ::run [ RunTime:0.000674s ]
INFO: [ app_begin ] --END-- [ RunTime:0.004122s ]
INFO: [ view_parse ] --START--
NOTIC: [8] Undefined variable: cfg_sitetitle D:\wwwroot\haotongji\wwwroot\system\Runtime\Cache\2847c01a8a56d66ad64959722b2d21ab.php 第 3 行.
NOTIC: [8] Undefined variable: cfg_sitetitle D:\wwwroot\haotongji\wwwroot\system\Runtime\Cache\2847c01a8a56d66ad64959722b2d21ab.php 第 11 行.
INFO: ParseTemplate Behavior ::run [ RunTime:0.017717s ]
INFO: [ view_parse ] --END-- [ RunTime:0.017853s ]
INFO: [ view_filter ] --START--
INFO: ContentReplace Behavior ::run [ RunTime:0.000500s ]
INFO: TokenBuild Behavior ::run [ RunTime:0.000543s ]
INFO: WriteHtmlCache Behavior ::run [ RunTime:0.000340s ]
INFO: ShowRuntime Behavior ::run [ RunTime:0.000720s ]
INFO: [ view_filter ] --END-- [ RunTime:0.002425s ]
INFO: [ view_end ] --START--
INFO: ShowPageTrace Behavior ::run [ RunTime:0.000670s ]
INFO: [ view_end ] --END-- [ RunTime:0.000755s ]

[ 2014-03-22T11:59:33+08:00 ] 61.142.10.195 /admin.php/Setup/index.html
INFO: [ route_check ] --START--
INFO: CheckRoute Behavior ::run [ RunTime:0.000809s ]
INFO: [ route_check ] --END-- [ RunTime:0.000946s ]
INFO: [ app_begin ] --START--
INFO: ReadHtmlCache Behavior ::run [ RunTime:0.000914s ]
INFO: [ app_begin ] --END-- [ RunTime:0.001012s ]
INFO: [ view_parse ] --START--
INFO: ParseTemplate Behavior ::run [ RunTime:0.027607s ]
INFO: [ view_parse ] --END-- [ RunTime:0.027729s ]
INFO: [ view_filter ] --START--
INFO: ContentReplace Behavior ::run [ RunTime:0.000473s ]
INFO: TokenBuild Behavior ::run [ RunTime:0.000427s ]
INFO: WriteHtmlCache Behavior ::run [ RunTime:0.000299s ]
INFO: ShowRuntime Behavior ::run [ RunTime:0.000534s ]
INFO: [ view_filter ] --END-- [ RunTime:0.002063s ]
INFO: [ view_end ] --START--
INFO: ShowPageTrace Behavior ::run [ RunTime:0.000893s ]
INFO: [ view_end ] --END-- [ RunTime:0.000983s ]

[ 2014-03-22T14:01:54+08:00 ] 61.142.10.195 /admin.php
INFO: [ app_begin ] --START--
INFO: ReadHtmlCache Behavior ::run [ RunTime:0.001832s ]
INFO: [ app_begin ] --END-- [ RunTime:0.002058s ]
INFO: [ view_parse ] --START--
INFO: ParseTemplate Behavior ::run [ RunTime:0.032046s ]
INFO: [ view_parse ] --END-- [ RunTime:0.032291s ]
INFO: [ view_filter ] --START--
INFO: ContentReplace Behavior ::run [ RunTime:0.000984s ]
INFO: TokenBuild Behavior ::run [ RunTime:0.001306s ]
INFO: WriteHtmlCache Behavior ::run [ RunTime:0.002446s ]
INFO: ShowRuntime Behavior ::run [ RunTime:0.008390s ]
INFO: [ view_filter ] --END-- [ RunTime:0.019751s ]
INFO: [ view_end ] --START--
INFO: ShowPageTrace Behavior ::run [ RunTime:0.002532s ]
INFO: [ view_end ] --END-- [ RunTime:0.002892s ]

[ 2014-03-22T14:01:55+08:00 ] 61.142.10.195 /admin.php/Index/dologin.html
INFO: [ route_check ] --START--
INFO: CheckRoute Behavior ::run [ RunTime:0.001162s ]
INFO: [ route_check ] --END-- [ RunTime:0.001351s ]
INFO: [ app_begin ] --START--
INFO: ReadHtmlCache Behavior ::run [ RunTime:0.000603s ]
INFO: [ app_begin ] --END-- [ RunTime:0.000678s ]
SQL: SHOW COLUMNS FROM `tj_admin` [ RunTime:0.005704s ]
SQL: SELECT * FROM `tj_admin` WHERE ( `username` = 'admin' ) AND ( `password` = 'e765fe19d2cbe4705bdd6a38016b1243' ) LIMIT 1   [ RunTime:0.000629s ]
INFO: [ view_parse ] --START--
NOTIC: [8] Undefined variable: cfg_sitetitle D:\wwwroot\haotongji\wwwroot\system\Runtime\Cache\2847c01a8a56d66ad64959722b2d21ab.php 第 3 行.
NOTIC: [8] Undefined variable: cfg_sitetitle D:\wwwroot\haotongji\wwwroot\system\Runtime\Cache\2847c01a8a56d66ad64959722b2d21ab.php 第 11 行.
INFO: ParseTemplate Behavior ::run [ RunTime:0.017155s ]
INFO: [ view_parse ] --END-- [ RunTime:0.017298s ]
INFO: [ view_filter ] --START--
INFO: ContentReplace Behavior ::run [ RunTime:0.000850s ]
INFO: TokenBuild Behavior ::run [ RunTime:0.000595s ]
INFO: WriteHtmlCache Behavior ::run [ RunTime:0.000465s ]
INFO: ShowRuntime Behavior ::run [ RunTime:0.000708s ]
INFO: [ view_filter ] --END-- [ RunTime:0.002893s ]
INFO: [ view_end ] --START--
INFO: ShowPageTrace Behavior ::run [ RunTime:0.004899s ]
INFO: [ view_end ] --END-- [ RunTime:0.004971s ]

[ 2014-03-22T14:01:57+08:00 ] 61.142.10.195 /admin.php/Main/index.html
INFO: [ route_check ] --START--
INFO: CheckRoute Behavior ::run [ RunTime:0.005757s ]
INFO: [ route_check ] --END-- [ RunTime:0.006338s ]
INFO: [ app_begin ] --START--
INFO: ReadHtmlCache Behavior ::run [ RunTime:0.001577s ]
INFO: [ app_begin ] --END-- [ RunTime:0.001776s ]
INFO: [ view_parse ] --START--
INFO: ParseTemplate Behavior ::run [ RunTime:0.064557s ]
INFO: [ view_parse ] --END-- [ RunTime:0.064779s ]
INFO: [ view_filter ] --START--
INFO: ContentReplace Behavior ::run [ RunTime:0.003531s ]
INFO: TokenBuild Behavior ::run [ RunTime:0.001816s ]
INFO: WriteHtmlCache Behavior ::run [ RunTime:0.001158s ]
INFO: ShowRuntime Behavior ::run [ RunTime:0.002261s ]
INFO: [ view_filter ] --END-- [ RunTime:0.009272s ]
INFO: [ view_end ] --START--
INFO: ShowPageTrace Behavior ::run [ RunTime:0.002109s ]
INFO: [ view_end ] --END-- [ RunTime:0.002299s ]

[ 2014-03-22T14:02:05+08:00 ] 61.142.10.195 /admin.php/User/lists.html
INFO: [ route_check ] --START--
INFO: CheckRoute Behavior ::run [ RunTime:0.001029s ]
INFO: [ route_check ] --END-- [ RunTime:0.001154s ]
INFO: [ app_begin ] --START--
INFO: ReadHtmlCache Behavior ::run [ RunTime:0.000716s ]
INFO: [ app_begin ] --END-- [ RunTime:0.000810s ]
SQL: SHOW COLUMNS FROM `tj_members` [ RunTime:0.001744s ]
NOTIC: [8] Undefined index:  username D:\wwwroot\haotongji\wwwroot\system\Lib\Action\UserAction.class.php 第 5 行.
NOTIC: [8] Undefined variable: map D:\wwwroot\haotongji\wwwroot\system\Lib\Action\UserAction.class.php 第 8 行.
SQL: SELECT COUNT(*) AS tp_count FROM `tj_members` LIMIT 1   [ RunTime:0.000241s ]
NOTIC: [8] Undefined variable: map D:\wwwroot\haotongji\wwwroot\system\Lib\Action\UserAction.class.php 第 13 行.
SQL: SELECT * FROM `tj_members` ORDER BY id desc LIMIT 0,10   [ RunTime:0.000377s ]
INFO: [ view_parse ] --START--
NOTIC: [8] Use of undefined constant id - assumed 'id' D:\wwwroot\haotongji\wwwroot\system\Runtime\Cache\0551a8a98a058b075ff65a240320959b.php 第 59 行.
NOTIC: [8] Use of undefined constant id - assumed 'id' D:\wwwroot\haotongji\wwwroot\system\Runtime\Cache\0551a8a98a058b075ff65a240320959b.php 第 60 行.
NOTIC: [8] Use of undefined constant id - assumed 'id' D:\wwwroot\haotongji\wwwroot\system\Runtime\Cache\0551a8a98a058b075ff65a240320959b.php 第 59 行.
NOTIC: [8] Use of undefined constant id - assumed 'id' D:\wwwroot\haotongji\wwwroot\system\Runtime\Cache\0551a8a98a058b075ff65a240320959b.php 第 60 行.
NOTIC: [8] Use of undefined constant id - assumed 'id' D:\wwwroot\haotongji\wwwroot\system\Runtime\Cache\0551a8a98a058b075ff65a240320959b.php 第 59 行.
NOTIC: [8] Use of undefined constant id - assumed 'id' D:\wwwroot\haotongji\wwwroot\system\Runtime\Cache\0551a8a98a058b075ff65a240320959b.php 第 60 行.
NOTIC: [8] Use of undefined constant id - assumed 'id' D:\wwwroot\haotongji\wwwroot\system\Runtime\Cache\0551a8a98a058b075ff65a240320959b.php 第 59 行.
NOTIC: [8] Use of undefined constant id - assumed 'id' D:\wwwroot\haotongji\wwwroot\system\Runtime\Cache\0551a8a98a058b075ff65a240320959b.php 第 60 行.
NOTIC: [8] Use of undefined constant id - assumed 'id' D:\wwwroot\haotongji\wwwroot\system\Runtime\Cache\0551a8a98a058b075ff65a240320959b.php 第 59 行.
NOTIC: [8] Use of undefined constant id - assumed 'id' D:\wwwroot\haotongji\wwwroot\system\Runtime\Cache\0551a8a98a058b075ff65a240320959b.php 第 60 行.
INFO: ParseTemplate Behavior ::run [ RunTime:0.020581s ]
INFO: [ view_parse ] --END-- [ RunTime:0.020693s ]
INFO: [ view_filter ] --START--
INFO: ContentReplace Behavior ::run [ RunTime:0.000440s ]
INFO: TokenBuild Behavior ::run [ RunTime:0.000391s ]
INFO: WriteHtmlCache Behavior ::run [ RunTime:0.000237s ]
INFO: ShowRuntime Behavior ::run [ RunTime:0.000387s ]
INFO: [ view_filter ] --END-- [ RunTime:0.001637s ]
INFO: [ view_end ] --START--
INFO: ShowPageTrace Behavior ::run [ RunTime:0.004297s ]
INFO: [ view_end ] --END-- [ RunTime:0.004392s ]

[ 2014-03-22T14:02:08+08:00 ] 61.142.10.195 /admin.php/Site/index.html
INFO: [ route_check ] --START--
INFO: CheckRoute Behavior ::run [ RunTime:0.002427s ]
INFO: [ route_check ] --END-- [ RunTime:0.002539s ]
INFO: [ app_begin ] --START--
INFO: ReadHtmlCache Behavior ::run [ RunTime:0.000593s ]
INFO: [ app_begin ] --END-- [ RunTime:0.000662s ]
NOTIC: [8] Undefined index:  uid D:\wwwroot\haotongji\wwwroot\system\Lib\Action\SiteAction.class.php 第 4 行.
SQL: SHOW COLUMNS FROM `tj_sites` [ RunTime:0.000941s ]
NOTIC: [8] Undefined variable: map D:\wwwroot\haotongji\wwwroot\system\Lib\Action\SiteAction.class.php 第 7 行.
SQL: SELECT COUNT(*) AS tp_count FROM `tj_sites` LIMIT 1   [ RunTime:0.000169s ]
NOTIC: [8] Undefined variable: map D:\wwwroot\haotongji\wwwroot\system\Lib\Action\SiteAction.class.php 第 11 行.
SQL: SELECT * FROM `tj_sites` ORDER BY id desc LIMIT 0,10   [ RunTime:0.000248s ]
INFO: [ view_parse ] --START--
NOTIC: [8] Use of undefined constant id - assumed 'id' D:\wwwroot\haotongji\wwwroot\system\Runtime\Cache\5a1c710defdb6a234a616c756a5f333e.php 第 65 行.
NOTIC: [8] Use of undefined constant id - assumed 'id' D:\wwwroot\haotongji\wwwroot\system\Runtime\Cache\5a1c710defdb6a234a616c756a5f333e.php 第 65 行.
NOTIC: [8] Use of undefined constant id - assumed 'id' D:\wwwroot\haotongji\wwwroot\system\Runtime\Cache\5a1c710defdb6a234a616c756a5f333e.php 第 65 行.
NOTIC: [8] Use of undefined constant id - assumed 'id' D:\wwwroot\haotongji\wwwroot\system\Runtime\Cache\5a1c710defdb6a234a616c756a5f333e.php 第 65 行.
INFO: ParseTemplate Behavior ::run [ RunTime:0.022455s ]
INFO: [ view_parse ] --END-- [ RunTime:0.022531s ]
INFO: [ view_filter ] --START--
INFO: ContentReplace Behavior ::run [ RunTime:0.000340s ]
INFO: TokenBuild Behavior ::run [ RunTime:0.000316s ]
INFO: WriteHtmlCache Behavior ::run [ RunTime:0.000255s ]
INFO: ShowRuntime Behavior ::run [ RunTime:0.000491s ]
INFO: [ view_filter ] --END-- [ RunTime:0.001583s ]
INFO: [ view_end ] --START--
INFO: ShowPageTrace Behavior ::run [ RunTime:0.004670s ]
INFO: [ view_end ] --END-- [ RunTime:0.004767s ]

[ 2014-03-22T14:02:12+08:00 ] 61.142.10.195 /admin.php/Visit/index/sid/137.html
INFO: [ route_check ] --START--
INFO: CheckRoute Behavior ::run [ RunTime:0.001654s ]
INFO: [ route_check ] --END-- [ RunTime:0.001940s ]
INFO: [ app_begin ] --START--
INFO: ReadHtmlCache Behavior ::run [ RunTime:0.001037s ]
INFO: [ app_begin ] --END-- [ RunTime:0.001162s ]
SQL: SHOW COLUMNS FROM `tj_qqdata` [ RunTime:0.009183s ]
SQL: SELECT COUNT(*) AS tp_count FROM `tj_qqdata` WHERE ( `webid` = 137 ) LIMIT 1   [ RunTime:0.001761s ]
SQL: SELECT * FROM `tj_qqdata` WHERE ( `webid` = 137 ) ORDER BY id desc LIMIT 0,10   [ RunTime:0.001665s ]
INFO: [ view_parse ] --START--
INFO: ParseTemplate Behavior ::run [ RunTime:0.031631s ]
INFO: [ view_parse ] --END-- [ RunTime:0.031766s ]
INFO: [ view_filter ] --START--
INFO: ContentReplace Behavior ::run [ RunTime:0.000515s ]
INFO: TokenBuild Behavior ::run [ RunTime:0.000516s ]
INFO: WriteHtmlCache Behavior ::run [ RunTime:0.001532s ]
INFO: ShowRuntime Behavior ::run [ RunTime:0.002065s ]
INFO: [ view_filter ] --END-- [ RunTime:0.005330s ]
INFO: [ view_end ] --START--
INFO: ShowPageTrace Behavior ::run [ RunTime:0.000804s ]
INFO: [ view_end ] --END-- [ RunTime:0.000896s ]

[ 2014-03-22T14:02:18+08:00 ] 61.142.10.195 /admin.php/Site/index.html
INFO: [ route_check ] --START--
INFO: CheckRoute Behavior ::run [ RunTime:0.001453s ]
INFO: [ route_check ] --END-- [ RunTime:0.001578s ]
INFO: [ app_begin ] --START--
INFO: ReadHtmlCache Behavior ::run [ RunTime:0.001828s ]
INFO: [ app_begin ] --END-- [ RunTime:0.001946s ]
NOTIC: [8] Undefined index:  uid D:\wwwroot\haotongji\wwwroot\system\Lib\Action\SiteAction.class.php 第 4 行.
SQL: SHOW COLUMNS FROM `tj_sites` [ RunTime:0.001978s ]
NOTIC: [8] Undefined variable: map D:\wwwroot\haotongji\wwwroot\system\Lib\Action\SiteAction.class.php 第 7 行.
SQL: SELECT COUNT(*) AS tp_count FROM `tj_sites` LIMIT 1   [ RunTime:0.000284s ]
NOTIC: [8] Undefined variable: map D:\wwwroot\haotongji\wwwroot\system\Lib\Action\SiteAction.class.php 第 11 行.
SQL: SELECT * FROM `tj_sites` ORDER BY id desc LIMIT 0,10   [ RunTime:0.000519s ]
INFO: [ view_parse ] --START--
NOTIC: [8] Use of undefined constant id - assumed 'id' D:\wwwroot\haotongji\wwwroot\system\Runtime\Cache\5a1c710defdb6a234a616c756a5f333e.php 第 65 行.
NOTIC: [8] Use of undefined constant id - assumed 'id' D:\wwwroot\haotongji\wwwroot\system\Runtime\Cache\5a1c710defdb6a234a616c756a5f333e.php 第 65 行.
NOTIC: [8] Use of undefined constant id - assumed 'id' D:\wwwroot\haotongji\wwwroot\system\Runtime\Cache\5a1c710defdb6a234a616c756a5f333e.php 第 65 行.
NOTIC: [8] Use of undefined constant id - assumed 'id' D:\wwwroot\haotongji\wwwroot\system\Runtime\Cache\5a1c710defdb6a234a616c756a5f333e.php 第 65 行.
INFO: ParseTemplate Behavior ::run [ RunTime:0.031977s ]
INFO: [ view_parse ] --END-- [ RunTime:0.032124s ]
INFO: [ view_filter ] --START--
INFO: ContentReplace Behavior ::run [ RunTime:0.000952s ]
INFO: TokenBuild Behavior ::run [ RunTime:0.001125s ]
INFO: WriteHtmlCache Behavior ::run [ RunTime:0.000878s ]
INFO: ShowRuntime Behavior ::run [ RunTime:0.001668s ]
INFO: [ view_filter ] --END-- [ RunTime:0.005778s ]
INFO: [ view_end ] --START--
INFO: ShowPageTrace Behavior ::run [ RunTime:0.001421s ]
INFO: [ view_end ] --END-- [ RunTime:0.001621s ]

[ 2014-03-22T14:02:20+08:00 ] 61.142.10.195 /admin.php/Visit/index/sid/137.html
INFO: [ route_check ] --START--
INFO: CheckRoute Behavior ::run [ RunTime:0.001712s ]
INFO: [ route_check ] --END-- [ RunTime:0.001912s ]
INFO: [ app_begin ] --START--
INFO: ReadHtmlCache Behavior ::run [ RunTime:0.011620s ]
INFO: [ app_begin ] --END-- [ RunTime:0.011801s ]
SQL: SHOW COLUMNS FROM `tj_qqdata` [ RunTime:0.001416s ]
SQL: SELECT COUNT(*) AS tp_count FROM `tj_qqdata` WHERE ( `webid` = 137 ) LIMIT 1   [ RunTime:0.002264s ]
SQL: SELECT * FROM `tj_qqdata` WHERE ( `webid` = 137 ) ORDER BY id desc LIMIT 0,10   [ RunTime:0.000563s ]
INFO: [ view_parse ] --START--
INFO: ParseTemplate Behavior ::run [ RunTime:0.045479s ]
INFO: [ view_parse ] --END-- [ RunTime:0.045632s ]
INFO: [ view_filter ] --START--
INFO: ContentReplace Behavior ::run [ RunTime:0.000780s ]
INFO: TokenBuild Behavior ::run [ RunTime:0.000645s ]
INFO: WriteHtmlCache Behavior ::run [ RunTime:0.000578s ]
INFO: ShowRuntime Behavior ::run [ RunTime:0.000975s ]
INFO: [ view_filter ] --END-- [ RunTime:0.003291s ]
INFO: [ view_end ] --START--
INFO: ShowPageTrace Behavior ::run [ RunTime:0.006550s ]
INFO: [ view_end ] --END-- [ RunTime:0.006696s ]

[ 2014-03-22T14:02:34+08:00 ] 61.142.10.195 /admin.php/Mail/index.html
INFO: [ route_check ] --START--
INFO: CheckRoute Behavior ::run [ RunTime:0.004580s ]
INFO: [ route_check ] --END-- [ RunTime:0.004881s ]
INFO: [ app_begin ] --START--
INFO: ReadHtmlCache Behavior ::run [ RunTime:0.001909s ]
INFO: [ app_begin ] --END-- [ RunTime:0.007405s ]
SQL: SHOW COLUMNS FROM `tj_maildata` [ RunTime:0.007165s ]
SQL: SELECT COUNT(*) AS tp_count FROM `tj_maildata` LIMIT 1   [ RunTime:0.000297s ]
SQL: SELECT * FROM `tj_maildata` ORDER BY id desc LIMIT 0,10   [ RunTime:0.001067s ]
INFO: [ view_parse ] --START--
INFO: ParseTemplate Behavior ::run [ RunTime:0.044371s ]
INFO: [ view_parse ] --END-- [ RunTime:0.044651s ]
INFO: [ view_filter ] --START--
INFO: ContentReplace Behavior ::run [ RunTime:0.002010s ]
INFO: TokenBuild Behavior ::run [ RunTime:0.000685s ]
INFO: WriteHtmlCache Behavior ::run [ RunTime:0.000416s ]
INFO: ShowRuntime Behavior ::run [ RunTime:0.000870s ]
INFO: [ view_filter ] --END-- [ RunTime:0.007257s ]
INFO: [ view_end ] --START--
INFO: ShowPageTrace Behavior ::run [ RunTime:0.001676s ]
INFO: [ view_end ] --END-- [ RunTime:0.001888s ]

[ 2014-03-22T14:02:42+08:00 ] 61.142.10.195 /admin.php/Setup/index.html
INFO: [ route_check ] --START--
INFO: CheckRoute Behavior ::run [ RunTime:0.000802s ]
INFO: [ route_check ] --END-- [ RunTime:0.000912s ]
INFO: [ app_begin ] --START--
INFO: ReadHtmlCache Behavior ::run [ RunTime:0.000413s ]
INFO: [ app_begin ] --END-- [ RunTime:0.000480s ]
INFO: [ view_parse ] --START--
INFO: ParseTemplate Behavior ::run [ RunTime:0.023487s ]
INFO: [ view_parse ] --END-- [ RunTime:0.023602s ]
INFO: [ view_filter ] --START--
INFO: ContentReplace Behavior ::run [ RunTime:0.000448s ]
INFO: TokenBuild Behavior ::run [ RunTime:0.000427s ]
INFO: WriteHtmlCache Behavior ::run [ RunTime:0.000211s ]
INFO: ShowRuntime Behavior ::run [ RunTime:0.000493s ]
INFO: [ view_filter ] --END-- [ RunTime:0.001870s ]
INFO: [ view_end ] --START--
INFO: ShowPageTrace Behavior ::run [ RunTime:0.000616s ]
INFO: [ view_end ] --END-- [ RunTime:0.000720s ]

[ 2014-03-22T14:02:45+08:00 ] 61.142.10.195 /admin.php/Setup/editpass.html
INFO: [ route_check ] --START--
INFO: CheckRoute Behavior ::run [ RunTime:0.001154s ]
INFO: [ route_check ] --END-- [ RunTime:0.001289s ]
INFO: [ app_begin ] --START--
INFO: ReadHtmlCache Behavior ::run [ RunTime:0.000596s ]
INFO: [ app_begin ] --END-- [ RunTime:0.000703s ]
INFO: [ view_parse ] --START--
NOTIC: [8] Undefined variable: user D:\wwwroot\haotongji\wwwroot\system\Runtime\Cache\be26efd99bf21124a1e82c736115b6c2.php 第 39 行.
INFO: ParseTemplate Behavior ::run [ RunTime:0.021297s ]
INFO: [ view_parse ] --END-- [ RunTime:0.021398s ]
INFO: [ view_filter ] --START--
INFO: ContentReplace Behavior ::run [ RunTime:0.000405s ]
INFO: TokenBuild Behavior ::run [ RunTime:0.000468s ]
INFO: WriteHtmlCache Behavior ::run [ RunTime:0.001489s ]
INFO: ShowRuntime Behavior ::run [ RunTime:0.000710s ]
INFO: [ view_filter ] --END-- [ RunTime:0.003430s ]
INFO: [ view_end ] --START--
INFO: ShowPageTrace Behavior ::run [ RunTime:0.002642s ]
INFO: [ view_end ] --END-- [ RunTime:0.002743s ]

[ 2014-03-22T14:03:11+08:00 ] 61.142.10.195 /admin.php/User/lists.html
INFO: [ route_check ] --START--
INFO: CheckRoute Behavior ::run [ RunTime:0.005823s ]
INFO: [ route_check ] --END-- [ RunTime:0.005978s ]
INFO: [ app_begin ] --START--
INFO: ReadHtmlCache Behavior ::run [ RunTime:0.000993s ]
INFO: [ app_begin ] --END-- [ RunTime:0.001115s ]
SQL: SHOW COLUMNS FROM `tj_members` [ RunTime:0.001916s ]
NOTIC: [8] Undefined index:  username D:\wwwroot\haotongji\wwwroot\system\Lib\Action\UserAction.class.php 第 5 行.
NOTIC: [8] Undefined variable: map D:\wwwroot\haotongji\wwwroot\system\Lib\Action\UserAction.class.php 第 8 行.
SQL: SELECT COUNT(*) AS tp_count FROM `tj_members` LIMIT 1   [ RunTime:0.003648s ]
NOTIC: [8] Undefined variable: map D:\wwwroot\haotongji\wwwroot\system\Lib\Action\UserAction.class.php 第 13 行.
SQL: SELECT * FROM `tj_members` ORDER BY id desc LIMIT 0,10   [ RunTime:0.000338s ]
INFO: [ view_parse ] --START--
NOTIC: [8] Use of undefined constant id - assumed 'id' D:\wwwroot\haotongji\wwwroot\system\Runtime\Cache\0551a8a98a058b075ff65a240320959b.php 第 59 行.
NOTIC: [8] Use of undefined constant id - assumed 'id' D:\wwwroot\haotongji\wwwroot\system\Runtime\Cache\0551a8a98a058b075ff65a240320959b.php 第 60 行.
NOTIC: [8] Use of undefined constant id - assumed 'id' D:\wwwroot\haotongji\wwwroot\system\Runtime\Cache\0551a8a98a058b075ff65a240320959b.php 第 59 行.
NOTIC: [8] Use of undefined constant id - assumed 'id' D:\wwwroot\haotongji\wwwroot\system\Runtime\Cache\0551a8a98a058b075ff65a240320959b.php 第 60 行.
NOTIC: [8] Use of undefined constant id - assumed 'id' D:\wwwroot\haotongji\wwwroot\system\Runtime\Cache\0551a8a98a058b075ff65a240320959b.php 第 59 行.
NOTIC: [8] Use of undefined constant id - assumed 'id' D:\wwwroot\haotongji\wwwroot\system\Runtime\Cache\0551a8a98a058b075ff65a240320959b.php 第 60 行.
NOTIC: [8] Use of undefined constant id - assumed 'id' D:\wwwroot\haotongji\wwwroot\system\Runtime\Cache\0551a8a98a058b075ff65a240320959b.php 第 59 行.
NOTIC: [8] Use of undefined constant id - assumed 'id' D:\wwwroot\haotongji\wwwroot\system\Runtime\Cache\0551a8a98a058b075ff65a240320959b.php 第 60 行.
NOTIC: [8] Use of undefined constant id - assumed 'id' D:\wwwroot\haotongji\wwwroot\system\Runtime\Cache\0551a8a98a058b075ff65a240320959b.php 第 59 行.
NOTIC: [8] Use of undefined constant id - assumed 'id' D:\wwwroot\haotongji\wwwroot\system\Runtime\Cache\0551a8a98a058b075ff65a240320959b.php 第 60 行.
INFO: ParseTemplate Behavior ::run [ RunTime:0.025517s ]
INFO: [ view_parse ] --END-- [ RunTime:0.025645s ]
INFO: [ view_filter ] --START--
INFO: ContentReplace Behavior ::run [ RunTime:0.000471s ]
INFO: TokenBuild Behavior ::run [ RunTime:0.000473s ]
INFO: WriteHtmlCache Behavior ::run [ RunTime:0.000303s ]
INFO: ShowRuntime Behavior ::run [ RunTime:0.001153s ]
INFO: [ view_filter ] --END-- [ RunTime:0.006724s ]
INFO: [ view_end ] --START--
INFO: ShowPageTrace Behavior ::run [ RunTime:0.001117s ]
INFO: [ view_end ] --END-- [ RunTime:0.001289s ]

[ 2014-03-22T14:03:25+08:00 ] 61.142.10.195 /admin.php/User/edit/id/14060.html
INFO: [ route_check ] --START--
INFO: CheckRoute Behavior ::run [ RunTime:0.001812s ]
INFO: [ route_check ] --END-- [ RunTime:0.002013s ]
INFO: [ app_begin ] --START--
INFO: ReadHtmlCache Behavior ::run [ RunTime:0.001034s ]
INFO: [ app_begin ] --END-- [ RunTime:0.001181s ]
SQL: SHOW COLUMNS FROM `tj_members` [ RunTime:0.012031s ]
SQL: SELECT * FROM `tj_members` WHERE ( `id` = 14060 ) LIMIT 1   [ RunTime:0.000428s ]
INFO: [ view_parse ] --START--
INFO: ParseTemplate Behavior ::run [ RunTime:0.042436s ]
INFO: [ view_parse ] --END-- [ RunTime:0.042937s ]
INFO: [ view_filter ] --START--
INFO: ContentReplace Behavior ::run [ RunTime:0.001153s ]
INFO: TokenBuild Behavior ::run [ RunTime:0.001247s ]
INFO: WriteHtmlCache Behavior ::run [ RunTime:0.000613s ]
INFO: ShowRuntime Behavior ::run [ RunTime:0.001118s ]
INFO: [ view_filter ] --END-- [ RunTime:0.008522s ]
INFO: [ view_end ] --START--
INFO: ShowPageTrace Behavior ::run [ RunTime:0.003314s ]
INFO: [ view_end ] --END-- [ RunTime:0.004324s ]

[ 2014-03-22T14:03:29+08:00 ] 61.142.10.195 /admin.php/Site/index.html
INFO: [ route_check ] --START--
INFO: CheckRoute Behavior ::run [ RunTime:0.001245s ]
INFO: [ route_check ] --END-- [ RunTime:0.001398s ]
INFO: [ app_begin ] --START--
INFO: ReadHtmlCache Behavior ::run [ RunTime:0.000675s ]
INFO: [ app_begin ] --END-- [ RunTime:0.000763s ]
NOTIC: [8] Undefined index:  uid D:\wwwroot\haotongji\wwwroot\system\Lib\Action\SiteAction.class.php 第 4 行.
SQL: SHOW COLUMNS FROM `tj_sites` [ RunTime:0.001631s ]
NOTIC: [8] Undefined variable: map D:\wwwroot\haotongji\wwwroot\system\Lib\Action\SiteAction.class.php 第 7 行.
SQL: SELECT COUNT(*) AS tp_count FROM `tj_sites` LIMIT 1   [ RunTime:0.000251s ]
NOTIC: [8] Undefined variable: map D:\wwwroot\haotongji\wwwroot\system\Lib\Action\SiteAction.class.php 第 11 行.
SQL: SELECT * FROM `tj_sites` ORDER BY id desc LIMIT 0,10   [ RunTime:0.000487s ]
INFO: [ view_parse ] --START--
NOTIC: [8] Use of undefined constant id - assumed 'id' D:\wwwroot\haotongji\wwwroot\system\Runtime\Cache\5a1c710defdb6a234a616c756a5f333e.php 第 65 行.
NOTIC: [8] Use of undefined constant id - assumed 'id' D:\wwwroot\haotongji\wwwroot\system\Runtime\Cache\5a1c710defdb6a234a616c756a5f333e.php 第 65 行.
NOTIC: [8] Use of undefined constant id - assumed 'id' D:\wwwroot\haotongji\wwwroot\system\Runtime\Cache\5a1c710defdb6a234a616c756a5f333e.php 第 65 行.
NOTIC: [8] Use of undefined constant id - assumed 'id' D:\wwwroot\haotongji\wwwroot\system\Runtime\Cache\5a1c710defdb6a234a616c756a5f333e.php 第 65 行.
INFO: ParseTemplate Behavior ::run [ RunTime:0.025405s ]
INFO: [ view_parse ] --END-- [ RunTime:0.025563s ]
INFO: [ view_filter ] --START--
INFO: ContentReplace Behavior ::run [ RunTime:0.000453s ]
INFO: TokenBuild Behavior ::run [ RunTime:0.000447s ]
INFO: WriteHtmlCache Behavior ::run [ RunTime:0.000296s ]
INFO: ShowRuntime Behavior ::run [ RunTime:0.001027s ]
INFO: [ view_filter ] --END-- [ RunTime:0.002510s ]
INFO: [ view_end ] --START--
INFO: ShowPageTrace Behavior ::run [ RunTime:0.001092s ]
INFO: [ view_end ] --END-- [ RunTime:0.001214s ]

[ 2014-03-22T14:03:34+08:00 ] 61.142.10.195 /admin.php/Visit/index/sid/134.html
INFO: [ route_check ] --START--
INFO: CheckRoute Behavior ::run [ RunTime:0.002250s ]
INFO: [ route_check ] --END-- [ RunTime:0.002441s ]
INFO: [ app_begin ] --START--
INFO: ReadHtmlCache Behavior ::run [ RunTime:0.001671s ]
INFO: [ app_begin ] --END-- [ RunTime:0.005719s ]
SQL: SHOW COLUMNS FROM `tj_qqdata` [ RunTime:0.001517s ]
SQL: SELECT COUNT(*) AS tp_count FROM `tj_qqdata` WHERE ( `webid` = 134 ) LIMIT 1   [ RunTime:0.000420s ]
SQL: SELECT * FROM `tj_qqdata` WHERE ( `webid` = 134 ) ORDER BY id desc LIMIT 0,10   [ RunTime:0.000644s ]
INFO: [ view_parse ] --START--
INFO: ParseTemplate Behavior ::run [ RunTime:0.016496s ]
INFO: [ view_parse ] --END-- [ RunTime:0.016668s ]
INFO: [ view_filter ] --START--
INFO: ContentReplace Behavior ::run [ RunTime:0.000713s ]
INFO: TokenBuild Behavior ::run [ RunTime:0.004194s ]
INFO: WriteHtmlCache Behavior ::run [ RunTime:0.000320s ]
INFO: ShowRuntime Behavior ::run [ RunTime:0.000675s ]
INFO: [ view_filter ] --END-- [ RunTime:0.006217s ]
INFO: [ view_end ] --START--
INFO: ShowPageTrace Behavior ::run [ RunTime:0.000889s ]
INFO: [ view_end ] --END-- [ RunTime:0.000994s ]

[ 2014-03-22T14:03:38+08:00 ] 61.142.10.195 /admin.php/Site/index.html
INFO: [ route_check ] --START--
INFO: CheckRoute Behavior ::run [ RunTime:0.000893s ]
INFO: [ route_check ] --END-- [ RunTime:0.009064s ]
INFO: [ app_begin ] --START--
INFO: ReadHtmlCache Behavior ::run [ RunTime:0.000434s ]
INFO: [ app_begin ] --END-- [ RunTime:0.000486s ]
NOTIC: [8] Undefined index:  uid D:\wwwroot\haotongji\wwwroot\system\Lib\Action\SiteAction.class.php 第 4 行.
SQL: SHOW COLUMNS FROM `tj_sites` [ RunTime:0.000812s ]
NOTIC: [8] Undefined variable: map D:\wwwroot\haotongji\wwwroot\system\Lib\Action\SiteAction.class.php 第 7 行.
SQL: SELECT COUNT(*) AS tp_count FROM `tj_sites` LIMIT 1   [ RunTime:0.000145s ]
NOTIC: [8] Undefined variable: map D:\wwwroot\haotongji\wwwroot\system\Lib\Action\SiteAction.class.php 第 11 行.
SQL: SELECT * FROM `tj_sites` ORDER BY id desc LIMIT 0,10   [ RunTime:0.000198s ]
INFO: [ view_parse ] --START--
NOTIC: [8] Use of undefined constant id - assumed 'id' D:\wwwroot\haotongji\wwwroot\system\Runtime\Cache\5a1c710defdb6a234a616c756a5f333e.php 第 65 行.
NOTIC: [8] Use of undefined constant id - assumed 'id' D:\wwwroot\haotongji\wwwroot\system\Runtime\Cache\5a1c710defdb6a234a616c756a5f333e.php 第 65 行.
NOTIC: [8] Use of undefined constant id - assumed 'id' D:\wwwroot\haotongji\wwwroot\system\Runtime\Cache\5a1c710defdb6a234a616c756a5f333e.php 第 65 行.
NOTIC: [8] Use of undefined constant id - assumed 'id' D:\wwwroot\haotongji\wwwroot\system\Runtime\Cache\5a1c710defdb6a234a616c756a5f333e.php 第 65 行.
INFO: ParseTemplate Behavior ::run [ RunTime:0.018380s ]
INFO: [ view_parse ] --END-- [ RunTime:0.018493s ]
INFO: [ view_filter ] --START--
INFO: ContentReplace Behavior ::run [ RunTime:0.000504s ]
INFO: TokenBuild Behavior ::run [ RunTime:0.000338s ]
INFO: WriteHtmlCache Behavior ::run [ RunTime:0.000222s ]
INFO: ShowRuntime Behavior ::run [ RunTime:0.000364s ]
INFO: [ view_filter ] --END-- [ RunTime:0.001596s ]
INFO: [ view_end ] --START--
INFO: ShowPageTrace Behavior ::run [ RunTime:0.000548s ]
INFO: [ view_end ] --END-- [ RunTime:0.000599s ]

[ 2014-03-22T14:03:40+08:00 ] 61.142.10.195 /admin.php/Visit/index/sid/137.html
INFO: [ route_check ] --START--
INFO: CheckRoute Behavior ::run [ RunTime:0.000970s ]
INFO: [ route_check ] --END-- [ RunTime:0.001069s ]
INFO: [ app_begin ] --START--
INFO: ReadHtmlCache Behavior ::run [ RunTime:0.000893s ]
INFO: [ app_begin ] --END-- [ RunTime:0.001054s ]
SQL: SHOW COLUMNS FROM `tj_qqdata` [ RunTime:0.001006s ]
SQL: SELECT COUNT(*) AS tp_count FROM `tj_qqdata` WHERE ( `webid` = 137 ) LIMIT 1   [ RunTime:0.000267s ]
SQL: SELECT * FROM `tj_qqdata` WHERE ( `webid` = 137 ) ORDER BY id desc LIMIT 0,10   [ RunTime:0.000452s ]
INFO: [ view_parse ] --START--
INFO: ParseTemplate Behavior ::run [ RunTime:0.029430s ]
INFO: [ view_parse ] --END-- [ RunTime:0.029564s ]
INFO: [ view_filter ] --START--
INFO: ContentReplace Behavior ::run [ RunTime:0.000474s ]
INFO: TokenBuild Behavior ::run [ RunTime:0.000507s ]
INFO: WriteHtmlCache Behavior ::run [ RunTime:0.000322s ]
INFO: ShowRuntime Behavior ::run [ RunTime:0.000695s ]
INFO: [ view_filter ] --END-- [ RunTime:0.002269s ]
INFO: [ view_end ] --START--
INFO: ShowPageTrace Behavior ::run [ RunTime:0.000904s ]
INFO: [ view_end ] --END-- [ RunTime:0.001000s ]

[ 2014-03-22T14:03:57+08:00 ] 61.142.10.195 /admin.php/Site/index.html
INFO: [ route_check ] --START--
INFO: CheckRoute Behavior ::run [ RunTime:0.002050s ]
INFO: [ route_check ] --END-- [ RunTime:0.002224s ]
INFO: [ app_begin ] --START--
INFO: ReadHtmlCache Behavior ::run [ RunTime:0.001124s ]
INFO: [ app_begin ] --END-- [ RunTime:0.001223s ]
NOTIC: [8] Undefined index:  uid D:\wwwroot\haotongji\wwwroot\system\Lib\Action\SiteAction.class.php 第 4 行.
SQL: SHOW COLUMNS FROM `tj_sites` [ RunTime:0.001965s ]
NOTIC: [8] Undefined variable: map D:\wwwroot\haotongji\wwwroot\system\Lib\Action\SiteAction.class.php 第 7 行.
SQL: SELECT COUNT(*) AS tp_count FROM `tj_sites` LIMIT 1   [ RunTime:0.000680s ]
NOTIC: [8] Undefined variable: map D:\wwwroot\haotongji\wwwroot\system\Lib\Action\SiteAction.class.php 第 11 行.
SQL: SELECT * FROM `tj_sites` ORDER BY id desc LIMIT 0,10   [ RunTime:0.000532s ]
INFO: [ view_parse ] --START--
NOTIC: [8] Use of undefined constant id - assumed 'id' D:\wwwroot\haotongji\wwwroot\system\Runtime\Cache\5a1c710defdb6a234a616c756a5f333e.php 第 65 行.
NOTIC: [8] Use of undefined constant id - assumed 'id' D:\wwwroot\haotongji\wwwroot\system\Runtime\Cache\5a1c710defdb6a234a616c756a5f333e.php 第 65 行.
NOTIC: [8] Use of undefined constant id - assumed 'id' D:\wwwroot\haotongji\wwwroot\system\Runtime\Cache\5a1c710defdb6a234a616c756a5f333e.php 第 65 行.
NOTIC: [8] Use of undefined constant id - assumed 'id' D:\wwwroot\haotongji\wwwroot\system\Runtime\Cache\5a1c710defdb6a234a616c756a5f333e.php 第 65 行.
INFO: ParseTemplate Behavior ::run [ RunTime:0.048961s ]
INFO: [ view_parse ] --END-- [ RunTime:0.049123s ]
INFO: [ view_filter ] --START--
INFO: ContentReplace Behavior ::run [ RunTime:0.001558s ]
INFO: TokenBuild Behavior ::run [ RunTime:0.001422s ]
INFO: WriteHtmlCache Behavior ::run [ RunTime:0.003768s ]
INFO: ShowRuntime Behavior ::run [ RunTime:0.002527s ]
INFO: [ view_filter ] --END-- [ RunTime:0.009775s ]
INFO: [ view_end ] --START--
INFO: ShowPageTrace Behavior ::run [ RunTime:0.002188s ]
INFO: [ view_end ] --END-- [ RunTime:0.002346s ]

[ 2014-03-22T14:03:59+08:00 ] 61.142.10.195 /admin.php/Visit/index/sid/137.html
INFO: [ route_check ] --START--
INFO: CheckRoute Behavior ::run [ RunTime:0.001845s ]
INFO: [ route_check ] --END-- [ RunTime:0.002055s ]
INFO: [ app_begin ] --START--
INFO: ReadHtmlCache Behavior ::run [ RunTime:0.002579s ]
INFO: [ app_begin ] --END-- [ RunTime:0.002804s ]
SQL: SHOW COLUMNS FROM `tj_qqdata` [ RunTime:0.001912s ]
SQL: SELECT COUNT(*) AS tp_count FROM `tj_qqdata` WHERE ( `webid` = 137 ) LIMIT 1   [ RunTime:0.000425s ]
SQL: SELECT * FROM `tj_qqdata` WHERE ( `webid` = 137 ) ORDER BY id desc LIMIT 0,10   [ RunTime:0.000618s ]
INFO: [ view_parse ] --START--
INFO: ParseTemplate Behavior ::run [ RunTime:0.032831s ]
INFO: [ view_parse ] --END-- [ RunTime:0.033002s ]
INFO: [ view_filter ] --START--
INFO: ContentReplace Behavior ::run [ RunTime:0.001151s ]
INFO: TokenBuild Behavior ::run [ RunTime:0.005128s ]
INFO: WriteHtmlCache Behavior ::run [ RunTime:0.000781s ]
INFO: ShowRuntime Behavior ::run [ RunTime:0.001080s ]
INFO: [ view_filter ] --END-- [ RunTime:0.008544s ]
INFO: [ view_end ] --START--
INFO: ShowPageTrace Behavior ::run [ RunTime:0.002967s ]
INFO: [ view_end ] --END-- [ RunTime:0.003089s ]

[ 2014-03-22T14:04:24+08:00 ] 61.142.10.195 /admin.php/Mail/index.html
INFO: [ route_check ] --START--
INFO: CheckRoute Behavior ::run [ RunTime:0.001003s ]
INFO: [ route_check ] --END-- [ RunTime:0.001125s ]
INFO: [ app_begin ] --START--
INFO: ReadHtmlCache Behavior ::run [ RunTime:0.000594s ]
INFO: [ app_begin ] --END-- [ RunTime:0.000672s ]
SQL: SHOW COLUMNS FROM `tj_maildata` [ RunTime:0.002174s ]
SQL: SELECT COUNT(*) AS tp_count FROM `tj_maildata` LIMIT 1   [ RunTime:0.000207s ]
SQL: SELECT * FROM `tj_maildata` ORDER BY id desc LIMIT 0,10   [ RunTime:0.000403s ]
INFO: [ view_parse ] --START--
INFO: ParseTemplate Behavior ::run [ RunTime:0.032694s ]
INFO: [ view_parse ] --END-- [ RunTime:0.032859s ]
INFO: [ view_filter ] --START--
INFO: ContentReplace Behavior ::run [ RunTime:0.004447s ]
INFO: TokenBuild Behavior ::run [ RunTime:0.004439s ]
INFO: WriteHtmlCache Behavior ::run [ RunTime:0.000501s ]
INFO: ShowRuntime Behavior ::run [ RunTime:0.000461s ]
INFO: [ view_filter ] --END-- [ RunTime:0.010579s ]
INFO: [ view_end ] --START--
INFO: ShowPageTrace Behavior ::run [ RunTime:0.000654s ]
INFO: [ view_end ] --END-- [ RunTime:0.000733s ]

[ 2014-03-22T14:39:04+08:00 ] 61.142.10.195 /admin.php
INFO: [ app_begin ] --START--
INFO: ReadHtmlCache Behavior ::run [ RunTime:0.001344s ]
INFO: [ app_begin ] --END-- [ RunTime:0.001513s ]
INFO: [ view_parse ] --START--
INFO: ParseTemplate Behavior ::run [ RunTime:0.035990s ]
INFO: [ view_parse ] --END-- [ RunTime:0.036192s ]
INFO: [ view_filter ] --START--
INFO: ContentReplace Behavior ::run [ RunTime:0.001152s ]
INFO: TokenBuild Behavior ::run [ RunTime:0.001358s ]
INFO: WriteHtmlCache Behavior ::run [ RunTime:0.001191s ]
INFO: ShowRuntime Behavior ::run [ RunTime:0.001772s ]
INFO: [ view_filter ] --END-- [ RunTime:0.005897s ]
INFO: [ view_end ] --START--
INFO: ShowPageTrace Behavior ::run [ RunTime:0.007773s ]
INFO: [ view_end ] --END-- [ RunTime:0.008360s ]

[ 2014-03-22T14:39:22+08:00 ] 61.142.10.195 /admin.php/Index/dologin.html
INFO: [ route_check ] --START--
INFO: CheckRoute Behavior ::run [ RunTime:0.000985s ]
INFO: [ route_check ] --END-- [ RunTime:0.001071s ]
INFO: [ app_begin ] --START--
INFO: ReadHtmlCache Behavior ::run [ RunTime:0.000496s ]
INFO: [ app_begin ] --END-- [ RunTime:0.000552s ]
SQL: SHOW COLUMNS FROM `tj_admin` [ RunTime:0.004835s ]
SQL: SELECT * FROM `tj_admin` WHERE ( `username` = 'admin' ) AND ( `password` = 'e765fe19d2cbe4705bdd6a38016b1243' ) LIMIT 1   [ RunTime:0.000379s ]
INFO: [ view_parse ] --START--
NOTIC: [8] Undefined variable: cfg_sitetitle D:\wwwroot\haotongji\wwwroot\system\Runtime\Cache\2847c01a8a56d66ad64959722b2d21ab.php 第 3 行.
NOTIC: [8] Undefined variable: cfg_sitetitle D:\wwwroot\haotongji\wwwroot\system\Runtime\Cache\2847c01a8a56d66ad64959722b2d21ab.php 第 11 行.
INFO: ParseTemplate Behavior ::run [ RunTime:0.007750s ]
INFO: [ view_parse ] --END-- [ RunTime:0.007823s ]
INFO: [ view_filter ] --START--
INFO: ContentReplace Behavior ::run [ RunTime:0.000294s ]
INFO: TokenBuild Behavior ::run [ RunTime:0.000297s ]
INFO: WriteHtmlCache Behavior ::run [ RunTime:0.000255s ]
INFO: ShowRuntime Behavior ::run [ RunTime:0.000402s ]
INFO: [ view_filter ] --END-- [ RunTime:0.001397s ]
INFO: [ view_end ] --START--
INFO: ShowPageTrace Behavior ::run [ RunTime:0.004084s ]
INFO: [ view_end ] --END-- [ RunTime:0.004235s ]

[ 2014-03-22T14:39:57+08:00 ] 61.142.10.195 /admin.php/Main/index.html
INFO: [ route_check ] --START--
INFO: CheckRoute Behavior ::run [ RunTime:0.001026s ]
INFO: [ route_check ] --END-- [ RunTime:0.001174s ]
INFO: [ app_begin ] --START--
INFO: ReadHtmlCache Behavior ::run [ RunTime:0.005145s ]
INFO: [ app_begin ] --END-- [ RunTime:0.005259s ]
INFO: [ view_parse ] --START--
INFO: ParseTemplate Behavior ::run [ RunTime:0.017291s ]
INFO: [ view_parse ] --END-- [ RunTime:0.017443s ]
INFO: [ view_filter ] --START--
INFO: ContentReplace Behavior ::run [ RunTime:0.004105s ]
INFO: TokenBuild Behavior ::run [ RunTime:0.000433s ]
INFO: WriteHtmlCache Behavior ::run [ RunTime:0.000280s ]
INFO: ShowRuntime Behavior ::run [ RunTime:0.000554s ]
INFO: [ view_filter ] --END-- [ RunTime:0.005629s ]
INFO: [ view_end ] --START--
INFO: ShowPageTrace Behavior ::run [ RunTime:0.000688s ]
INFO: [ view_end ] --END-- [ RunTime:0.000760s ]

[ 2014-03-22T14:40:00+08:00 ] 61.142.10.195 /admin.php/Setup/index.html
INFO: [ route_check ] --START--
INFO: CheckRoute Behavior ::run [ RunTime:0.001097s ]
INFO: [ route_check ] --END-- [ RunTime:0.001222s ]
INFO: [ app_begin ] --START--
INFO: ReadHtmlCache Behavior ::run [ RunTime:0.005983s ]
INFO: [ app_begin ] --END-- [ RunTime:0.006369s ]
INFO: [ view_parse ] --START--
INFO: ParseTemplate Behavior ::run [ RunTime:0.031723s ]
INFO: [ view_parse ] --END-- [ RunTime:0.031861s ]
INFO: [ view_filter ] --START--
INFO: ContentReplace Behavior ::run [ RunTime:0.000656s ]
INFO: TokenBuild Behavior ::run [ RunTime:0.000590s ]
INFO: WriteHtmlCache Behavior ::run [ RunTime:0.000368s ]
INFO: ShowRuntime Behavior ::run [ RunTime:0.000851s ]
INFO: [ view_filter ] --END-- [ RunTime:0.002882s ]
INFO: [ view_end ] --START--
INFO: ShowPageTrace Behavior ::run [ RunTime:0.001998s ]
INFO: [ view_end ] --END-- [ RunTime:0.006116s ]

[ 2014-03-22T14:40:21+08:00 ] 61.142.10.195 /admin.php/Setup/dosave.html
INFO: [ route_check ] --START--
INFO: CheckRoute Behavior ::run [ RunTime:0.001208s ]
INFO: [ route_check ] --END-- [ RunTime:0.001367s ]
INFO: [ app_begin ] --START--
INFO: ReadHtmlCache Behavior ::run [ RunTime:0.000936s ]
INFO: [ app_begin ] --END-- [ RunTime:0.001039s ]
INFO: [ view_parse ] --START--
NOTIC: [8] Undefined variable: cfg_sitetitle D:\wwwroot\haotongji\wwwroot\system\Runtime\Cache\2847c01a8a56d66ad64959722b2d21ab.php 第 3 行.
NOTIC: [8] Undefined variable: cfg_sitetitle D:\wwwroot\haotongji\wwwroot\system\Runtime\Cache\2847c01a8a56d66ad64959722b2d21ab.php 第 11 行.
INFO: ParseTemplate Behavior ::run [ RunTime:0.017687s ]
INFO: [ view_parse ] --END-- [ RunTime:0.017828s ]
INFO: [ view_filter ] --START--
INFO: ContentReplace Behavior ::run [ RunTime:0.000532s ]
INFO: TokenBuild Behavior ::run [ RunTime:0.000522s ]
INFO: WriteHtmlCache Behavior ::run [ RunTime:0.000386s ]
INFO: ShowRuntime Behavior ::run [ RunTime:0.000661s ]
INFO: [ view_filter ] --END-- [ RunTime:0.002423s ]
INFO: [ view_end ] --START--
INFO: ShowPageTrace Behavior ::run [ RunTime:0.000957s ]
INFO: [ view_end ] --END-- [ RunTime:0.001046s ]

[ 2014-03-22T14:40:22+08:00 ] 61.142.10.195 /admin.php/Setup/index.html
INFO: [ route_check ] --START--
INFO: CheckRoute Behavior ::run [ RunTime:0.002998s ]
INFO: [ route_check ] --END-- [ RunTime:0.003699s ]
INFO: [ app_begin ] --START--
INFO: ReadHtmlCache Behavior ::run [ RunTime:0.001182s ]
INFO: [ app_begin ] --END-- [ RunTime:0.001360s ]
INFO: [ view_parse ] --START--
INFO: ParseTemplate Behavior ::run [ RunTime:0.030584s ]
INFO: [ view_parse ] --END-- [ RunTime:0.030762s ]
INFO: [ view_filter ] --START--
INFO: ContentReplace Behavior ::run [ RunTime:0.000653s ]
INFO: TokenBuild Behavior ::run [ RunTime:0.000654s ]
INFO: WriteHtmlCache Behavior ::run [ RunTime:0.000424s ]
INFO: ShowRuntime Behavior ::run [ RunTime:0.000802s ]
INFO: [ view_filter ] --END-- [ RunTime:0.002967s ]
INFO: [ view_end ] --START--
INFO: ShowPageTrace Behavior ::run [ RunTime:0.000853s ]
INFO: [ view_end ] --END-- [ RunTime:0.000974s ]

[ 2014-03-22T14:41:08+08:00 ] 61.142.10.195 /admin.php/User/lists.html
INFO: [ route_check ] --START--
INFO: CheckRoute Behavior ::run [ RunTime:0.005717s ]
INFO: [ route_check ] --END-- [ RunTime:0.005902s ]
INFO: [ app_begin ] --START--
INFO: ReadHtmlCache Behavior ::run [ RunTime:0.001140s ]
INFO: [ app_begin ] --END-- [ RunTime:0.001356s ]
SQL: SHOW COLUMNS FROM `tj_members` [ RunTime:0.001710s ]
NOTIC: [8] Undefined index:  username D:\wwwroot\haotongji\wwwroot\system\Lib\Action\UserAction.class.php 第 5 行.
NOTIC: [8] Undefined variable: map D:\wwwroot\haotongji\wwwroot\system\Lib\Action\UserAction.class.php 第 8 行.
SQL: SELECT COUNT(*) AS tp_count FROM `tj_members` LIMIT 1   [ RunTime:0.000243s ]
NOTIC: [8] Undefined variable: map D:\wwwroot\haotongji\wwwroot\system\Lib\Action\UserAction.class.php 第 13 行.
SQL: SELECT * FROM `tj_members` ORDER BY id desc LIMIT 0,10   [ RunTime:0.001769s ]
INFO: [ view_parse ] --START--
NOTIC: [8] Use of undefined constant id - assumed 'id' D:\wwwroot\haotongji\wwwroot\system\Runtime\Cache\0551a8a98a058b075ff65a240320959b.php 第 59 行.
NOTIC: [8] Use of undefined constant id - assumed 'id' D:\wwwroot\haotongji\wwwroot\system\Runtime\Cache\0551a8a98a058b075ff65a240320959b.php 第 60 行.
NOTIC: [8] Use of undefined constant id - assumed 'id' D:\wwwroot\haotongji\wwwroot\system\Runtime\Cache\0551a8a98a058b075ff65a240320959b.php 第 59 行.
NOTIC: [8] Use of undefined constant id - assumed 'id' D:\wwwroot\haotongji\wwwroot\system\Runtime\Cache\0551a8a98a058b075ff65a240320959b.php 第 60 行.
NOTIC: [8] Use of undefined constant id - assumed 'id' D:\wwwroot\haotongji\wwwroot\system\Runtime\Cache\0551a8a98a058b075ff65a240320959b.php 第 59 行.
NOTIC: [8] Use of undefined constant id - assumed 'id' D:\wwwroot\haotongji\wwwroot\system\Runtime\Cache\0551a8a98a058b075ff65a240320959b.php 第 60 行.
NOTIC: [8] Use of undefined constant id - assumed 'id' D:\wwwroot\haotongji\wwwroot\system\Runtime\Cache\0551a8a98a058b075ff65a240320959b.php 第 59 行.
NOTIC: [8] Use of undefined constant id - assumed 'id' D:\wwwroot\haotongji\wwwroot\system\Runtime\Cache\0551a8a98a058b075ff65a240320959b.php 第 60 行.
NOTIC: [8] Use of undefined constant id - assumed 'id' D:\wwwroot\haotongji\wwwroot\system\Runtime\Cache\0551a8a98a058b075ff65a240320959b.php 第 59 行.
NOTIC: [8] Use of undefined constant id - assumed 'id' D:\wwwroot\haotongji\wwwroot\system\Runtime\Cache\0551a8a98a058b075ff65a240320959b.php 第 60 行.
INFO: ParseTemplate Behavior ::run [ RunTime:0.033870s ]
INFO: [ view_parse ] --END-- [ RunTime:0.034074s ]
INFO: [ view_filter ] --START--
INFO: ContentReplace Behavior ::run [ RunTime:0.001096s ]
INFO: TokenBuild Behavior ::run [ RunTime:0.001078s ]
INFO: WriteHtmlCache Behavior ::run [ RunTime:0.000866s ]
INFO: ShowRuntime Behavior ::run [ RunTime:0.001036s ]
INFO: [ view_filter ] --END-- [ RunTime:0.004388s ]
INFO: [ view_end ] --START--
INFO: ShowPageTrace Behavior ::run [ RunTime:0.002364s ]
INFO: [ view_end ] --END-- [ RunTime:0.002460s ]

[ 2014-03-22T14:41:12+08:00 ] 61.142.10.195 /admin.php/Site/index.html
INFO: [ route_check ] --START--
INFO: CheckRoute Behavior ::run [ RunTime:0.001135s ]
INFO: [ route_check ] --END-- [ RunTime:0.001239s ]
INFO: [ app_begin ] --START--
INFO: ReadHtmlCache Behavior ::run [ RunTime:0.000592s ]
INFO: [ app_begin ] --END-- [ RunTime:0.000670s ]
NOTIC: [8] Undefined index:  uid D:\wwwroot\haotongji\wwwroot\system\Lib\Action\SiteAction.class.php 第 4 行.
SQL: SHOW COLUMNS FROM `tj_sites` [ RunTime:0.001164s ]
NOTIC: [8] Undefined variable: map D:\wwwroot\haotongji\wwwroot\system\Lib\Action\SiteAction.class.php 第 7 行.
SQL: SELECT COUNT(*) AS tp_count FROM `tj_sites` LIMIT 1   [ RunTime:0.000229s ]
NOTIC: [8] Undefined variable: map D:\wwwroot\haotongji\wwwroot\system\Lib\Action\SiteAction.class.php 第 11 行.
SQL: SELECT * FROM `tj_sites` ORDER BY id desc LIMIT 0,10   [ RunTime:0.000526s ]
INFO: [ view_parse ] --START--
NOTIC: [8] Use of undefined constant id - assumed 'id' D:\wwwroot\haotongji\wwwroot\system\Runtime\Cache\5a1c710defdb6a234a616c756a5f333e.php 第 65 行.
NOTIC: [8] Use of undefined constant id - assumed 'id' D:\wwwroot\haotongji\wwwroot\system\Runtime\Cache\5a1c710defdb6a234a616c756a5f333e.php 第 65 行.
NOTIC: [8] Use of undefined constant id - assumed 'id' D:\wwwroot\haotongji\wwwroot\system\Runtime\Cache\5a1c710defdb6a234a616c756a5f333e.php 第 65 行.
NOTIC: [8] Use of undefined constant id - assumed 'id' D:\wwwroot\haotongji\wwwroot\system\Runtime\Cache\5a1c710defdb6a234a616c756a5f333e.php 第 65 行.
INFO: ParseTemplate Behavior ::run [ RunTime:0.019117s ]
INFO: [ view_parse ] --END-- [ RunTime:0.019241s ]
INFO: [ view_filter ] --START--
INFO: ContentReplace Behavior ::run [ RunTime:0.000845s ]
INFO: TokenBuild Behavior ::run [ RunTime:0.000596s ]
INFO: WriteHtmlCache Behavior ::run [ RunTime:0.000373s ]
INFO: ShowRuntime Behavior ::run [ RunTime:0.000742s ]
INFO: [ view_filter ] --END-- [ RunTime:0.002991s ]
INFO: [ view_end ] --START--
INFO: ShowPageTrace Behavior ::run [ RunTime:0.000978s ]
INFO: [ view_end ] --END-- [ RunTime:0.001085s ]

[ 2014-03-22T14:41:15+08:00 ] 61.142.10.195 /admin.php/Visit/index/sid/137.html
INFO: [ route_check ] --START--
INFO: CheckRoute Behavior ::run [ RunTime:0.001755s ]
INFO: [ route_check ] --END-- [ RunTime:0.001886s ]
INFO: [ app_begin ] --START--
INFO: ReadHtmlCache Behavior ::run [ RunTime:0.000992s ]
INFO: [ app_begin ] --END-- [ RunTime:0.001085s ]
SQL: SHOW COLUMNS FROM `tj_qqdata` [ RunTime:0.001995s ]
SQL: SELECT COUNT(*) AS tp_count FROM `tj_qqdata` WHERE ( `webid` = 137 ) LIMIT 1   [ RunTime:0.000414s ]
SQL: SELECT * FROM `tj_qqdata` WHERE ( `webid` = 137 ) ORDER BY id desc LIMIT 0,10   [ RunTime:0.000425s ]
INFO: [ view_parse ] --START--
INFO: ParseTemplate Behavior ::run [ RunTime:0.029109s ]
INFO: [ view_parse ] --END-- [ RunTime:0.029247s ]
INFO: [ view_filter ] --START--
INFO: ContentReplace Behavior ::run [ RunTime:0.000821s ]
INFO: TokenBuild Behavior ::run [ RunTime:0.000861s ]
INFO: WriteHtmlCache Behavior ::run [ RunTime:0.010520s ]
INFO: ShowRuntime Behavior ::run [ RunTime:0.001338s ]
INFO: [ view_filter ] --END-- [ RunTime:0.014188s ]
INFO: [ view_end ] --START--
INFO: ShowPageTrace Behavior ::run [ RunTime:0.002887s ]
INFO: [ view_end ] --END-- [ RunTime:0.003090s ]

[ 2014-03-22T14:54:11+08:00 ] 61.142.10.195 /admin.php
INFO: [ app_begin ] --START--
INFO: ReadHtmlCache Behavior ::run [ RunTime:0.000788s ]
INFO: [ app_begin ] --END-- [ RunTime:0.000925s ]
INFO: [ view_parse ] --START--
INFO: ParseTemplate Behavior ::run [ RunTime:0.012963s ]
INFO: [ view_parse ] --END-- [ RunTime:0.013069s ]
INFO: [ view_filter ] --START--
INFO: ContentReplace Behavior ::run [ RunTime:0.000483s ]
INFO: TokenBuild Behavior ::run [ RunTime:0.002249s ]
INFO: WriteHtmlCache Behavior ::run [ RunTime:0.000456s ]
INFO: ShowRuntime Behavior ::run [ RunTime:0.000809s ]
INFO: [ view_filter ] --END-- [ RunTime:0.004521s ]
INFO: [ view_end ] --START--
INFO: ShowPageTrace Behavior ::run [ RunTime:0.000842s ]
INFO: [ view_end ] --END-- [ RunTime:0.000954s ]

[ 2014-03-22T16:35:02+08:00 ] 61.142.10.195 /admin.php
INFO: [ app_begin ] --START--
INFO: ReadHtmlCache Behavior ::run [ RunTime:0.000528s ]
INFO: [ app_begin ] --END-- [ RunTime:0.000609s ]
INFO: [ view_parse ] --START--
INFO: ParseTemplate Behavior ::run [ RunTime:0.013119s ]
INFO: [ view_parse ] --END-- [ RunTime:0.013263s ]
INFO: [ view_filter ] --START--
INFO: ContentReplace Behavior ::run [ RunTime:0.007623s ]
INFO: TokenBuild Behavior ::run [ RunTime:0.000962s ]
INFO: WriteHtmlCache Behavior ::run [ RunTime:0.000608s ]
INFO: ShowRuntime Behavior ::run [ RunTime:0.000716s ]
INFO: [ view_filter ] --END-- [ RunTime:0.010191s ]
INFO: [ view_end ] --START--
INFO: ShowPageTrace Behavior ::run [ RunTime:0.000944s ]
INFO: [ view_end ] --END-- [ RunTime:0.001006s ]

[ 2014-03-22T16:35:04+08:00 ] 61.142.10.195 /admin.php/Index/dologin.html
INFO: [ route_check ] --START--
INFO: CheckRoute Behavior ::run [ RunTime:0.001292s ]
INFO: [ route_check ] --END-- [ RunTime:0.001416s ]
INFO: [ app_begin ] --START--
INFO: ReadHtmlCache Behavior ::run [ RunTime:0.001378s ]
INFO: [ app_begin ] --END-- [ RunTime:0.001515s ]
SQL: SHOW COLUMNS FROM `tj_admin` [ RunTime:0.001815s ]
SQL: SELECT * FROM `tj_admin` WHERE ( `username` = 'admin' ) AND ( `password` = 'e765fe19d2cbe4705bdd6a38016b1243' ) LIMIT 1   [ RunTime:0.004160s ]
INFO: [ view_parse ] --START--
NOTIC: [8] Undefined variable: cfg_sitetitle D:\wwwroot\haotongji\wwwroot\system\Runtime\Cache\2847c01a8a56d66ad64959722b2d21ab.php 第 3 行.
NOTIC: [8] Undefined variable: cfg_sitetitle D:\wwwroot\haotongji\wwwroot\system\Runtime\Cache\2847c01a8a56d66ad64959722b2d21ab.php 第 11 行.
INFO: ParseTemplate Behavior ::run [ RunTime:0.023575s ]
INFO: [ view_parse ] --END-- [ RunTime:0.023729s ]
INFO: [ view_filter ] --START--
INFO: ContentReplace Behavior ::run [ RunTime:0.000850s ]
INFO: TokenBuild Behavior ::run [ RunTime:0.000852s ]
INFO: WriteHtmlCache Behavior ::run [ RunTime:0.000510s ]
INFO: ShowRuntime Behavior ::run [ RunTime:0.000848s ]
INFO: [ view_filter ] --END-- [ RunTime:0.003373s ]
INFO: [ view_end ] --START--
INFO: ShowPageTrace Behavior ::run [ RunTime:0.005254s ]
INFO: [ view_end ] --END-- [ RunTime:0.005361s ]

[ 2014-03-22T16:35:06+08:00 ] 61.142.10.195 /admin.php/Main/index.html
INFO: [ route_check ] --START--
INFO: CheckRoute Behavior ::run [ RunTime:0.001950s ]
INFO: [ route_check ] --END-- [ RunTime:0.002116s ]
INFO: [ app_begin ] --START--
INFO: ReadHtmlCache Behavior ::run [ RunTime:0.002272s ]
INFO: [ app_begin ] --END-- [ RunTime:0.002441s ]
INFO: [ view_parse ] --START--
INFO: ParseTemplate Behavior ::run [ RunTime:0.026412s ]
INFO: [ view_parse ] --END-- [ RunTime:0.027366s ]
INFO: [ view_filter ] --START--
INFO: ContentReplace Behavior ::run [ RunTime:0.001989s ]
INFO: TokenBuild Behavior ::run [ RunTime:0.005587s ]
INFO: WriteHtmlCache Behavior ::run [ RunTime:0.000927s ]
INFO: ShowRuntime Behavior ::run [ RunTime:0.000970s ]
INFO: [ view_filter ] --END-- [ RunTime:0.009850s ]
INFO: [ view_end ] --START--
INFO: ShowPageTrace Behavior ::run [ RunTime:0.001124s ]
INFO: [ view_end ] --END-- [ RunTime:0.001222s ]

[ 2014-03-22T16:35:09+08:00 ] 61.142.10.195 /admin.php/User/lists.html
INFO: [ route_check ] --START--
INFO: CheckRoute Behavior ::run [ RunTime:0.001875s ]
INFO: [ route_check ] --END-- [ RunTime:0.002097s ]
INFO: [ app_begin ] --START--
INFO: ReadHtmlCache Behavior ::run [ RunTime:0.000874s ]
INFO: [ app_begin ] --END-- [ RunTime:0.001026s ]
SQL: SHOW COLUMNS FROM `tj_members` [ RunTime:0.001995s ]
NOTIC: [8] Undefined index:  username D:\wwwroot\haotongji\wwwroot\system\Lib\Action\UserAction.class.php 第 5 行.
NOTIC: [8] Undefined variable: map D:\wwwroot\haotongji\wwwroot\system\Lib\Action\UserAction.class.php 第 8 行.
SQL: SELECT COUNT(*) AS tp_count FROM `tj_members` LIMIT 1   [ RunTime:0.000239s ]
NOTIC: [8] Undefined variable: map D:\wwwroot\haotongji\wwwroot\system\Lib\Action\UserAction.class.php 第 13 行.
SQL: SELECT * FROM `tj_members` ORDER BY id desc LIMIT 0,10   [ RunTime:0.000380s ]
INFO: [ view_parse ] --START--
NOTIC: [8] Use of undefined constant id - assumed 'id' D:\wwwroot\haotongji\wwwroot\system\Runtime\Cache\0551a8a98a058b075ff65a240320959b.php 第 59 行.
NOTIC: [8] Use of undefined constant id - assumed 'id' D:\wwwroot\haotongji\wwwroot\system\Runtime\Cache\0551a8a98a058b075ff65a240320959b.php 第 60 行.
NOTIC: [8] Use of undefined constant id - assumed 'id' D:\wwwroot\haotongji\wwwroot\system\Runtime\Cache\0551a8a98a058b075ff65a240320959b.php 第 59 行.
NOTIC: [8] Use of undefined constant id - assumed 'id' D:\wwwroot\haotongji\wwwroot\system\Runtime\Cache\0551a8a98a058b075ff65a240320959b.php 第 60 行.
NOTIC: [8] Use of undefined constant id - assumed 'id' D:\wwwroot\haotongji\wwwroot\system\Runtime\Cache\0551a8a98a058b075ff65a240320959b.php 第 59 行.
NOTIC: [8] Use of undefined constant id - assumed 'id' D:\wwwroot\haotongji\wwwroot\system\Runtime\Cache\0551a8a98a058b075ff65a240320959b.php 第 60 行.
NOTIC: [8] Use of undefined constant id - assumed 'id' D:\wwwroot\haotongji\wwwroot\system\Runtime\Cache\0551a8a98a058b075ff65a240320959b.php 第 59 行.
NOTIC: [8] Use of undefined constant id - assumed 'id' D:\wwwroot\haotongji\wwwroot\system\Runtime\Cache\0551a8a98a058b075ff65a240320959b.php 第 60 行.
NOTIC: [8] Use of undefined constant id - assumed 'id' D:\wwwroot\haotongji\wwwroot\system\Runtime\Cache\0551a8a98a058b075ff65a240320959b.php 第 59 行.
NOTIC: [8] Use of undefined constant id - assumed 'id' D:\wwwroot\haotongji\wwwroot\system\Runtime\Cache\0551a8a98a058b075ff65a240320959b.php 第 60 行.
NOTIC: [8] Use of undefined constant id - assumed 'id' D:\wwwroot\haotongji\wwwroot\system\Runtime\Cache\0551a8a98a058b075ff65a240320959b.php 第 59 行.
NOTIC: [8] Use of undefined constant id - assumed 'id' D:\wwwroot\haotongji\wwwroot\system\Runtime\Cache\0551a8a98a058b075ff65a240320959b.php 第 60 行.
INFO: ParseTemplate Behavior ::run [ RunTime:0.014920s ]
INFO: [ view_parse ] --END-- [ RunTime:0.018634s ]
INFO: [ view_filter ] --START--
INFO: ContentReplace Behavior ::run [ RunTime:0.000543s ]
INFO: TokenBuild Behavior ::run [ RunTime:0.000497s ]
INFO: WriteHtmlCache Behavior ::run [ RunTime:0.000316s ]
INFO: ShowRuntime Behavior ::run [ RunTime:0.000624s ]
INFO: [ view_filter ] --END-- [ RunTime:0.002244s ]
INFO: [ view_end ] --START--
INFO: ShowPageTrace Behavior ::run [ RunTime:0.001441s ]
INFO: [ view_end ] --END-- [ RunTime:0.001582s ]

[ 2014-03-22T16:35:12+08:00 ] 61.142.10.195 /admin.php/Visit/index.html
INFO: [ route_check ] --START--
INFO: CheckRoute Behavior ::run [ RunTime:0.001799s ]
INFO: [ route_check ] --END-- [ RunTime:0.001967s ]
INFO: [ app_begin ] --START--
INFO: ReadHtmlCache Behavior ::run [ RunTime:0.001245s ]
INFO: [ app_begin ] --END-- [ RunTime:0.001363s ]
SQL: SHOW COLUMNS FROM `tj_qqdata` [ RunTime:0.001013s ]
NOTIC: [8] Undefined variable: map D:\wwwroot\haotongji\wwwroot\system\Lib\Action\VisitAction.class.php 第 12 行.
SQL: SELECT COUNT(*) AS tp_count FROM `tj_qqdata` LIMIT 1   [ RunTime:0.000265s ]
NOTIC: [8] Undefined variable: map D:\wwwroot\haotongji\wwwroot\system\Lib\Action\VisitAction.class.php 第 16 行.
SQL: SELECT * FROM `tj_qqdata` ORDER BY id desc LIMIT 0,10   [ RunTime:0.000350s ]
INFO: [ view_parse ] --START--
INFO: ParseTemplate Behavior ::run [ RunTime:0.014954s ]
INFO: [ view_parse ] --END-- [ RunTime:0.015064s ]
INFO: [ view_filter ] --START--
INFO: ContentReplace Behavior ::run [ RunTime:0.000353s ]
INFO: TokenBuild Behavior ::run [ RunTime:0.000463s ]
INFO: WriteHtmlCache Behavior ::run [ RunTime:0.000324s ]
INFO: ShowRuntime Behavior ::run [ RunTime:0.000656s ]
INFO: [ view_filter ] --END-- [ RunTime:0.002102s ]
INFO: [ view_end ] --START--
INFO: ShowPageTrace Behavior ::run [ RunTime:0.005866s ]
INFO: [ view_end ] --END-- [ RunTime:0.006000s ]

[ 2014-03-22T16:35:29+08:00 ] 61.142.10.195 /admin.php/Mail/index.html
INFO: [ route_check ] --START--
INFO: CheckRoute Behavior ::run [ RunTime:0.001466s ]
INFO: [ route_check ] --END-- [ RunTime:0.001631s ]
INFO: [ app_begin ] --START--
INFO: ReadHtmlCache Behavior ::run [ RunTime:0.000905s ]
INFO: [ app_begin ] --END-- [ RunTime:0.001032s ]
SQL: SHOW COLUMNS FROM `tj_maildata` [ RunTime:0.005393s ]
SQL: SELECT COUNT(*) AS tp_count FROM `tj_maildata` LIMIT 1   [ RunTime:0.001019s ]
SQL: SELECT * FROM `tj_maildata` ORDER BY id desc LIMIT 0,10   [ RunTime:0.000525s ]
INFO: [ view_parse ] --START--
INFO: ParseTemplate Behavior ::run [ RunTime:0.026570s ]
INFO: [ view_parse ] --END-- [ RunTime:0.026739s ]
INFO: [ view_filter ] --START--
INFO: ContentReplace Behavior ::run [ RunTime:0.001368s ]
INFO: TokenBuild Behavior ::run [ RunTime:0.000813s ]
INFO: WriteHtmlCache Behavior ::run [ RunTime:0.003509s ]
INFO: ShowRuntime Behavior ::run [ RunTime:0.000812s ]
INFO: [ view_filter ] --END-- [ RunTime:0.006855s ]
INFO: [ view_end ] --START--
INFO: ShowPageTrace Behavior ::run [ RunTime:0.001018s ]
INFO: [ view_end ] --END-- [ RunTime:0.001167s ]

[ 2014-03-22T16:35:40+08:00 ] 61.142.10.195 /admin.php/Mail/index/p/2.html
INFO: [ route_check ] --START--
INFO: CheckRoute Behavior ::run [ RunTime:0.001284s ]
INFO: [ route_check ] --END-- [ RunTime:0.001445s ]
INFO: [ app_begin ] --START--
INFO: ReadHtmlCache Behavior ::run [ RunTime:0.000721s ]
INFO: [ app_begin ] --END-- [ RunTime:0.000824s ]
SQL: SHOW COLUMNS FROM `tj_maildata` [ RunTime:0.002967s ]
SQL: SELECT COUNT(*) AS tp_count FROM `tj_maildata` LIMIT 1   [ RunTime:0.000237s ]
SQL: SELECT * FROM `tj_maildata` ORDER BY id desc LIMIT 10,10   [ RunTime:0.000403s ]
INFO: [ view_parse ] --START--
INFO: ParseTemplate Behavior ::run [ RunTime:0.030921s ]
INFO: [ view_parse ] --END-- [ RunTime:0.031065s ]
INFO: [ view_filter ] --START--
INFO: ContentReplace Behavior ::run [ RunTime:0.000482s ]
INFO: TokenBuild Behavior ::run [ RunTime:0.000544s ]
INFO: WriteHtmlCache Behavior ::run [ RunTime:0.000361s ]
INFO: ShowRuntime Behavior ::run [ RunTime:0.000723s ]
INFO: [ view_filter ] --END-- [ RunTime:0.002731s ]
INFO: [ view_end ] --START--
INFO: ShowPageTrace Behavior ::run [ RunTime:0.000902s ]
INFO: [ view_end ] --END-- [ RunTime:0.001008s ]

[ 2014-03-22T16:35:42+08:00 ] 61.142.10.195 /admin.php/Mail/index/p/3.html
INFO: [ route_check ] --START--
INFO: CheckRoute Behavior ::run [ RunTime:0.000853s ]
INFO: [ route_check ] --END-- [ RunTime:0.000973s ]
INFO: [ app_begin ] --START--
INFO: ReadHtmlCache Behavior ::run [ RunTime:0.000562s ]
INFO: [ app_begin ] --END-- [ RunTime:0.000644s ]
SQL: SHOW COLUMNS FROM `tj_maildata` [ RunTime:0.001065s ]
SQL: SELECT COUNT(*) AS tp_count FROM `tj_maildata` LIMIT 1   [ RunTime:0.000175s ]
SQL: SELECT * FROM `tj_maildata` ORDER BY id desc LIMIT 20,10   [ RunTime:0.000412s ]
INFO: [ view_parse ] --START--
INFO: ParseTemplate Behavior ::run [ RunTime:0.015017s ]
INFO: [ view_parse ] --END-- [ RunTime:0.015139s ]
INFO: [ view_filter ] --START--
INFO: ContentReplace Behavior ::run [ RunTime:0.000552s ]
INFO: TokenBuild Behavior ::run [ RunTime:0.000558s ]
INFO: WriteHtmlCache Behavior ::run [ RunTime:0.000292s ]
INFO: ShowRuntime Behavior ::run [ RunTime:0.000617s ]
INFO: [ view_filter ] --END-- [ RunTime:0.002281s ]
INFO: [ view_end ] --START--
INFO: ShowPageTrace Behavior ::run [ RunTime:0.001581s ]
INFO: [ view_end ] --END-- [ RunTime:0.001930s ]

[ 2014-03-22T17:47:52+08:00 ] 61.142.10.195 /admin.php
INFO: [ app_begin ] --START--
INFO: ReadHtmlCache Behavior ::run [ RunTime:0.004802s ]
INFO: [ app_begin ] --END-- [ RunTime:0.004927s ]
INFO: [ view_parse ] --START--
INFO: ParseTemplate Behavior ::run [ RunTime:0.017620s ]
INFO: [ view_parse ] --END-- [ RunTime:0.017816s ]
INFO: [ view_filter ] --START--
INFO: ContentReplace Behavior ::run [ RunTime:0.000838s ]
INFO: TokenBuild Behavior ::run [ RunTime:0.000665s ]
INFO: WriteHtmlCache Behavior ::run [ RunTime:0.000731s ]
INFO: ShowRuntime Behavior ::run [ RunTime:0.000807s ]
INFO: [ view_filter ] --END-- [ RunTime:0.007158s ]
INFO: [ view_end ] --START--
INFO: ShowPageTrace Behavior ::run [ RunTime:0.001252s ]
INFO: [ view_end ] --END-- [ RunTime:0.001378s ]

[ 2014-03-22T17:47:54+08:00 ] 61.142.10.195 /admin.php/Index/dologin.html
INFO: [ route_check ] --START--
INFO: CheckRoute Behavior ::run [ RunTime:0.001872s ]
INFO: [ route_check ] --END-- [ RunTime:0.002125s ]
INFO: [ app_begin ] --START--
INFO: ReadHtmlCache Behavior ::run [ RunTime:0.001298s ]
INFO: [ app_begin ] --END-- [ RunTime:0.001538s ]
SQL: SHOW COLUMNS FROM `tj_admin` [ RunTime:0.002404s ]
SQL: SELECT * FROM `tj_admin` WHERE ( `username` = 'admin' ) AND ( `password` = 'e765fe19d2cbe4705bdd6a38016b1243' ) LIMIT 1   [ RunTime:0.000424s ]
INFO: [ view_parse ] --START--
NOTIC: [8] Undefined variable: cfg_sitetitle D:\wwwroot\haotongji\wwwroot\system\Runtime\Cache\2847c01a8a56d66ad64959722b2d21ab.php 第 3 行.
NOTIC: [8] Undefined variable: cfg_sitetitle D:\wwwroot\haotongji\wwwroot\system\Runtime\Cache\2847c01a8a56d66ad64959722b2d21ab.php 第 11 行.
INFO: ParseTemplate Behavior ::run [ RunTime:0.038237s ]
INFO: [ view_parse ] --END-- [ RunTime:0.038532s ]
INFO: [ view_filter ] --START--
INFO: ContentReplace Behavior ::run [ RunTime:0.001049s ]
INFO: TokenBuild Behavior ::run [ RunTime:0.007567s ]
INFO: WriteHtmlCache Behavior ::run [ RunTime:0.000509s ]
INFO: ShowRuntime Behavior ::run [ RunTime:0.000878s ]
INFO: [ view_filter ] --END-- [ RunTime:0.010442s ]
INFO: [ view_end ] --START--
INFO: ShowPageTrace Behavior ::run [ RunTime:0.002704s ]
INFO: [ view_end ] --END-- [ RunTime:0.002879s ]

[ 2014-03-22T17:47:55+08:00 ] 61.142.10.195 /admin.php/Main/index.html
INFO: [ route_check ] --START--
INFO: CheckRoute Behavior ::run [ RunTime:0.001637s ]
INFO: [ route_check ] --END-- [ RunTime:0.001841s ]
INFO: [ app_begin ] --START--
INFO: ReadHtmlCache Behavior ::run [ RunTime:0.007320s ]
INFO: [ app_begin ] --END-- [ RunTime:0.007633s ]
INFO: [ view_parse ] --START--
INFO: ParseTemplate Behavior ::run [ RunTime:0.029895s ]
INFO: [ view_parse ] --END-- [ RunTime:0.030085s ]
INFO: [ view_filter ] --START--
INFO: ContentReplace Behavior ::run [ RunTime:0.000706s ]
INFO: TokenBuild Behavior ::run [ RunTime:0.000924s ]
INFO: WriteHtmlCache Behavior ::run [ RunTime:0.000542s ]
INFO: ShowRuntime Behavior ::run [ RunTime:0.000996s ]
INFO: [ view_filter ] --END-- [ RunTime:0.007157s ]
INFO: [ view_end ] --START--
INFO: ShowPageTrace Behavior ::run [ RunTime:0.002565s ]
INFO: [ view_end ] --END-- [ RunTime:0.002755s ]

[ 2014-03-22T17:48:10+08:00 ] 61.142.10.195 /admin.php/Visit/index.html
INFO: [ route_check ] --START--
INFO: CheckRoute Behavior ::run [ RunTime:0.004536s ]
INFO: [ route_check ] --END-- [ RunTime:0.004667s ]
INFO: [ app_begin ] --START--
INFO: ReadHtmlCache Behavior ::run [ RunTime:0.000678s ]
INFO: [ app_begin ] --END-- [ RunTime:0.000771s ]
SQL: SHOW COLUMNS FROM `tj_qqdata` [ RunTime:0.001075s ]
NOTIC: [8] Undefined variable: map D:\wwwroot\haotongji\wwwroot\system\Lib\Action\VisitAction.class.php 第 12 行.
SQL: SELECT COUNT(*) AS tp_count FROM `tj_qqdata` LIMIT 1   [ RunTime:0.000206s ]
NOTIC: [8] Undefined variable: map D:\wwwroot\haotongji\wwwroot\system\Lib\Action\VisitAction.class.php 第 16 行.
SQL: SELECT * FROM `tj_qqdata` ORDER BY id desc LIMIT 0,10   [ RunTime:0.000329s ]
INFO: [ view_parse ] --START--
INFO: ParseTemplate Behavior ::run [ RunTime:0.026451s ]
INFO: [ view_parse ] --END-- [ RunTime:0.026567s ]
INFO: [ view_filter ] --START--
INFO: ContentReplace Behavior ::run [ RunTime:0.000891s ]
INFO: TokenBuild Behavior ::run [ RunTime:0.000644s ]
INFO: WriteHtmlCache Behavior ::run [ RunTime:0.000335s ]
INFO: ShowRuntime Behavior ::run [ RunTime:0.000450s ]
INFO: [ view_filter ] --END-- [ RunTime:0.006607s ]
INFO: [ view_end ] --START--
INFO: ShowPageTrace Behavior ::run [ RunTime:0.001055s ]
INFO: [ view_end ] --END-- [ RunTime:0.001150s ]

[ 2014-03-22T21:55:45+08:00 ] 61.142.10.195 /admin.php
INFO: [ app_begin ] --START--
INFO: ReadHtmlCache Behavior ::run [ RunTime:0.000618s ]
INFO: [ app_begin ] --END-- [ RunTime:0.000711s ]
INFO: [ view_parse ] --START--
INFO: ParseTemplate Behavior ::run [ RunTime:0.007863s ]
INFO: [ view_parse ] --END-- [ RunTime:0.008281s ]
INFO: [ view_filter ] --START--
INFO: ContentReplace Behavior ::run [ RunTime:0.000282s ]
INFO: TokenBuild Behavior ::run [ RunTime:0.000273s ]
INFO: WriteHtmlCache Behavior ::run [ RunTime:0.000178s ]
INFO: ShowRuntime Behavior ::run [ RunTime:0.000357s ]
INFO: [ view_filter ] --END-- [ RunTime:0.001224s ]
INFO: [ view_end ] --START--
INFO: ShowPageTrace Behavior ::run [ RunTime:0.000585s ]
INFO: [ view_end ] --END-- [ RunTime:0.000651s ]

[ 2014-03-22T21:55:48+08:00 ] 61.142.10.195 /admin.php/Index/dologin.html
INFO: [ route_check ] --START--
INFO: CheckRoute Behavior ::run [ RunTime:0.000645s ]
INFO: [ route_check ] --END-- [ RunTime:0.000740s ]
INFO: [ app_begin ] --START--
INFO: ReadHtmlCache Behavior ::run [ RunTime:0.000413s ]
INFO: [ app_begin ] --END-- [ RunTime:0.000464s ]
SQL: SHOW COLUMNS FROM `tj_admin` [ RunTime:0.001011s ]
SQL: SELECT * FROM `tj_admin` WHERE ( `username` = 'admin' ) AND ( `password` = 'e765fe19d2cbe4705bdd6a38016b1243' ) LIMIT 1   [ RunTime:0.000221s ]
INFO: [ view_parse ] --START--
NOTIC: [8] Undefined variable: cfg_sitetitle D:\wwwroot\haotongji\wwwroot\system\Runtime\Cache\2847c01a8a56d66ad64959722b2d21ab.php 第 3 行.
NOTIC: [8] Undefined variable: cfg_sitetitle D:\wwwroot\haotongji\wwwroot\system\Runtime\Cache\2847c01a8a56d66ad64959722b2d21ab.php 第 11 行.
INFO: ParseTemplate Behavior ::run [ RunTime:0.009215s ]
INFO: [ view_parse ] --END-- [ RunTime:0.009285s ]
INFO: [ view_filter ] --START--
INFO: ContentReplace Behavior ::run [ RunTime:0.004176s ]
INFO: TokenBuild Behavior ::run [ RunTime:0.000412s ]
INFO: WriteHtmlCache Behavior ::run [ RunTime:0.000241s ]
INFO: ShowRuntime Behavior ::run [ RunTime:0.000524s ]
INFO: [ view_filter ] --END-- [ RunTime:0.005559s ]
INFO: [ view_end ] --START--
INFO: ShowPageTrace Behavior ::run [ RunTime:0.000668s ]
INFO: [ view_end ] --END-- [ RunTime:0.000747s ]

[ 2014-03-22T21:55:49+08:00 ] 61.142.10.195 /admin.php/Main/index.html
INFO: [ route_check ] --START--
INFO: CheckRoute Behavior ::run [ RunTime:0.001876s ]
INFO: [ route_check ] --END-- [ RunTime:0.002015s ]
INFO: [ app_begin ] --START--
INFO: ReadHtmlCache Behavior ::run [ RunTime:0.000673s ]
INFO: [ app_begin ] --END-- [ RunTime:0.000768s ]
INFO: [ view_parse ] --START--
INFO: ParseTemplate Behavior ::run [ RunTime:0.029415s ]
INFO: [ view_parse ] --END-- [ RunTime:0.029559s ]
INFO: [ view_filter ] --START--
INFO: ContentReplace Behavior ::run [ RunTime:0.000468s ]
INFO: TokenBuild Behavior ::run [ RunTime:0.000370s ]
INFO: WriteHtmlCache Behavior ::run [ RunTime:0.000249s ]
INFO: ShowRuntime Behavior ::run [ RunTime:0.000615s ]
INFO: [ view_filter ] --END-- [ RunTime:0.001889s ]
INFO: [ view_end ] --START--
INFO: ShowPageTrace Behavior ::run [ RunTime:0.000800s ]
INFO: [ view_end ] --END-- [ RunTime:0.000878s ]

[ 2014-03-22T21:55:53+08:00 ] 61.142.10.195 /admin.php/Setup/index.html
INFO: [ route_check ] --START--
INFO: CheckRoute Behavior ::run [ RunTime:0.004546s ]
INFO: [ route_check ] --END-- [ RunTime:0.004663s ]
INFO: [ app_begin ] --START--
INFO: ReadHtmlCache Behavior ::run [ RunTime:0.000469s ]
INFO: [ app_begin ] --END-- [ RunTime:0.000522s ]
INFO: [ view_parse ] --START--
INFO: ParseTemplate Behavior ::run [ RunTime:0.019977s ]
INFO: [ view_parse ] --END-- [ RunTime:0.020411s ]
INFO: [ view_filter ] --START--
INFO: ContentReplace Behavior ::run [ RunTime:0.000339s ]
INFO: TokenBuild Behavior ::run [ RunTime:0.000328s ]
INFO: WriteHtmlCache Behavior ::run [ RunTime:0.000202s ]
INFO: ShowRuntime Behavior ::run [ RunTime:0.000441s ]
INFO: [ view_filter ] --END-- [ RunTime:0.001520s ]
INFO: [ view_end ] --START--
INFO: ShowPageTrace Behavior ::run [ RunTime:0.000671s ]
INFO: [ view_end ] --END-- [ RunTime:0.000785s ]

[ 2014-03-22T21:55:57+08:00 ] 61.142.10.195 /admin.php/Setup/editpass.html
INFO: [ route_check ] --START--
INFO: CheckRoute Behavior ::run [ RunTime:0.000894s ]
INFO: [ route_check ] --END-- [ RunTime:0.000991s ]
INFO: [ app_begin ] --START--
INFO: ReadHtmlCache Behavior ::run [ RunTime:0.000533s ]
INFO: [ app_begin ] --END-- [ RunTime:0.000598s ]
INFO: [ view_parse ] --START--
NOTIC: [8] Undefined variable: user D:\wwwroot\haotongji\wwwroot\system\Runtime\Cache\be26efd99bf21124a1e82c736115b6c2.php 第 39 行.
INFO: ParseTemplate Behavior ::run [ RunTime:0.010381s ]
INFO: [ view_parse ] --END-- [ RunTime:0.010474s ]
INFO: [ view_filter ] --START--
INFO: ContentReplace Behavior ::run [ RunTime:0.000517s ]
INFO: TokenBuild Behavior ::run [ RunTime:0.000479s ]
INFO: WriteHtmlCache Behavior ::run [ RunTime:0.000463s ]
INFO: ShowRuntime Behavior ::run [ RunTime:0.000711s ]
INFO: [ view_filter ] --END-- [ RunTime:0.002356s ]
INFO: [ view_end ] --START--
INFO: ShowPageTrace Behavior ::run [ RunTime:0.000801s ]
INFO: [ view_end ] --END-- [ RunTime:0.000864s ]

[ 2014-03-22T21:56:00+08:00 ] 61.142.10.195 /admin.php/User/lists.html
INFO: [ route_check ] --START--
INFO: CheckRoute Behavior ::run [ RunTime:0.001122s ]
INFO: [ route_check ] --END-- [ RunTime:0.001295s ]
INFO: [ app_begin ] --START--
INFO: ReadHtmlCache Behavior ::run [ RunTime:0.000671s ]
INFO: [ app_begin ] --END-- [ RunTime:0.000764s ]
SQL: SHOW COLUMNS FROM `tj_members` [ RunTime:0.001720s ]
NOTIC: [8] Undefined index:  username D:\wwwroot\haotongji\wwwroot\system\Lib\Action\UserAction.class.php 第 5 行.
NOTIC: [8] Undefined variable: map D:\wwwroot\haotongji\wwwroot\system\Lib\Action\UserAction.class.php 第 8 行.
SQL: SELECT COUNT(*) AS tp_count FROM `tj_members` LIMIT 1   [ RunTime:0.000626s ]
NOTIC: [8] Undefined variable: map D:\wwwroot\haotongji\wwwroot\system\Lib\Action\UserAction.class.php 第 13 行.
SQL: SELECT * FROM `tj_members` ORDER BY id desc LIMIT 0,10   [ RunTime:0.000383s ]
INFO: [ view_parse ] --START--
NOTIC: [8] Use of undefined constant id - assumed 'id' D:\wwwroot\haotongji\wwwroot\system\Runtime\Cache\0551a8a98a058b075ff65a240320959b.php 第 59 行.
NOTIC: [8] Use of undefined constant id - assumed 'id' D:\wwwroot\haotongji\wwwroot\system\Runtime\Cache\0551a8a98a058b075ff65a240320959b.php 第 60 行.
NOTIC: [8] Use of undefined constant id - assumed 'id' D:\wwwroot\haotongji\wwwroot\system\Runtime\Cache\0551a8a98a058b075ff65a240320959b.php 第 59 行.
NOTIC: [8] Use of undefined constant id - assumed 'id' D:\wwwroot\haotongji\wwwroot\system\Runtime\Cache\0551a8a98a058b075ff65a240320959b.php 第 60 行.
NOTIC: [8] Use of undefined constant id - assumed 'id' D:\wwwroot\haotongji\wwwroot\system\Runtime\Cache\0551a8a98a058b075ff65a240320959b.php 第 59 行.
NOTIC: [8] Use of undefined constant id - assumed 'id' D:\wwwroot\haotongji\wwwroot\system\Runtime\Cache\0551a8a98a058b075ff65a240320959b.php 第 60 行.
NOTIC: [8] Use of undefined constant id - assumed 'id' D:\wwwroot\haotongji\wwwroot\system\Runtime\Cache\0551a8a98a058b075ff65a240320959b.php 第 59 行.
NOTIC: [8] Use of undefined constant id - assumed 'id' D:\wwwroot\haotongji\wwwroot\system\Runtime\Cache\0551a8a98a058b075ff65a240320959b.php 第 60 行.
NOTIC: [8] Use of undefined constant id - assumed 'id' D:\wwwroot\haotongji\wwwroot\system\Runtime\Cache\0551a8a98a058b075ff65a240320959b.php 第 59 行.
NOTIC: [8] Use of undefined constant id - assumed 'id' D:\wwwroot\haotongji\wwwroot\system\Runtime\Cache\0551a8a98a058b075ff65a240320959b.php 第 60 行.
NOTIC: [8] Use of undefined constant id - assumed 'id' D:\wwwroot\haotongji\wwwroot\system\Runtime\Cache\0551a8a98a058b075ff65a240320959b.php 第 59 行.
NOTIC: [8] Use of undefined constant id - assumed 'id' D:\wwwroot\haotongji\wwwroot\system\Runtime\Cache\0551a8a98a058b075ff65a240320959b.php 第 60 行.
NOTIC: [8] Use of undefined constant id - assumed 'id' D:\wwwroot\haotongji\wwwroot\system\Runtime\Cache\0551a8a98a058b075ff65a240320959b.php 第 59 行.
NOTIC: [8] Use of undefined constant id - assumed 'id' D:\wwwroot\haotongji\wwwroot\system\Runtime\Cache\0551a8a98a058b075ff65a240320959b.php 第 60 行.
INFO: ParseTemplate Behavior ::run [ RunTime:0.013515s ]
INFO: [ view_parse ] --END-- [ RunTime:0.013640s ]
INFO: [ view_filter ] --START--
INFO: ContentReplace Behavior ::run [ RunTime:0.000537s ]
INFO: TokenBuild Behavior ::run [ RunTime:0.011072s ]
INFO: WriteHtmlCache Behavior ::run [ RunTime:0.000734s ]
INFO: ShowRuntime Behavior ::run [ RunTime:0.000582s ]
INFO: [ view_filter ] --END-- [ RunTime:0.013264s ]
INFO: [ view_end ] --START--
INFO: ShowPageTrace Behavior ::run [ RunTime:0.000762s ]
INFO: [ view_end ] --END-- [ RunTime:0.000854s ]

[ 2014-03-22T21:56:02+08:00 ] 61.142.10.195 /admin.php/Site/index.html
INFO: [ route_check ] --START--
INFO: CheckRoute Behavior ::run [ RunTime:0.005032s ]
INFO: [ route_check ] --END-- [ RunTime:0.005148s ]
INFO: [ app_begin ] --START--
INFO: ReadHtmlCache Behavior ::run [ RunTime:0.000549s ]
INFO: [ app_begin ] --END-- [ RunTime:0.000633s ]
NOTIC: [8] Undefined index:  uid D:\wwwroot\haotongji\wwwroot\system\Lib\Action\SiteAction.class.php 第 4 行.
SQL: SHOW COLUMNS FROM `tj_sites` [ RunTime:0.001180s ]
NOTIC: [8] Undefined variable: map D:\wwwroot\haotongji\wwwroot\system\Lib\Action\SiteAction.class.php 第 7 行.
SQL: SELECT COUNT(*) AS tp_count FROM `tj_sites` LIMIT 1   [ RunTime:0.000387s ]
NOTIC: [8] Undefined variable: map D:\wwwroot\haotongji\wwwroot\system\Lib\Action\SiteAction.class.php 第 11 行.
SQL: SELECT * FROM `tj_sites` ORDER BY id desc LIMIT 0,10   [ RunTime:0.000336s ]
INFO: [ view_parse ] --START--
NOTIC: [8] Use of undefined constant id - assumed 'id' D:\wwwroot\haotongji\wwwroot\system\Runtime\Cache\5a1c710defdb6a234a616c756a5f333e.php 第 65 行.
NOTIC: [8] Use of undefined constant id - assumed 'id' D:\wwwroot\haotongji\wwwroot\system\Runtime\Cache\5a1c710defdb6a234a616c756a5f333e.php 第 65 行.
NOTIC: [8] Use of undefined constant id - assumed 'id' D:\wwwroot\haotongji\wwwroot\system\Runtime\Cache\5a1c710defdb6a234a616c756a5f333e.php 第 65 行.
NOTIC: [8] Use of undefined constant id - assumed 'id' D:\wwwroot\haotongji\wwwroot\system\Runtime\Cache\5a1c710defdb6a234a616c756a5f333e.php 第 65 行.
NOTIC: [8] Use of undefined constant id - assumed 'id' D:\wwwroot\haotongji\wwwroot\system\Runtime\Cache\5a1c710defdb6a234a616c756a5f333e.php 第 65 行.
INFO: ParseTemplate Behavior ::run [ RunTime:0.015367s ]
INFO: [ view_parse ] --END-- [ RunTime:0.015457s ]
INFO: [ view_filter ] --START--
INFO: ContentReplace Behavior ::run [ RunTime:0.000383s ]
INFO: TokenBuild Behavior ::run [ RunTime:0.000310s ]
INFO: WriteHtmlCache Behavior ::run [ RunTime:0.000195s ]
INFO: ShowRuntime Behavior ::run [ RunTime:0.000338s ]
INFO: [ view_filter ] --END-- [ RunTime:0.001366s ]
INFO: [ view_end ] --START--
INFO: ShowPageTrace Behavior ::run [ RunTime:0.000479s ]
INFO: [ view_end ] --END-- [ RunTime:0.000525s ]

[ 2014-03-22T21:56:05+08:00 ] 61.142.10.195 /admin.php/Visit/index.html
INFO: [ route_check ] --START--
INFO: CheckRoute Behavior ::run [ RunTime:0.001434s ]
INFO: [ route_check ] --END-- [ RunTime:0.001573s ]
INFO: [ app_begin ] --START--
INFO: ReadHtmlCache Behavior ::run [ RunTime:0.000860s ]
INFO: [ app_begin ] --END-- [ RunTime:0.000941s ]
SQL: SHOW COLUMNS FROM `tj_qqdata` [ RunTime:0.001136s ]
NOTIC: [8] Undefined variable: map D:\wwwroot\haotongji\wwwroot\system\Lib\Action\VisitAction.class.php 第 12 行.
SQL: SELECT COUNT(*) AS tp_count FROM `tj_qqdata` LIMIT 1   [ RunTime:0.000299s ]
NOTIC: [8] Undefined variable: map D:\wwwroot\haotongji\wwwroot\system\Lib\Action\VisitAction.class.php 第 16 行.
SQL: SELECT * FROM `tj_qqdata` ORDER BY id desc LIMIT 0,10   [ RunTime:0.000345s ]
INFO: [ view_parse ] --START--
INFO: ParseTemplate Behavior ::run [ RunTime:0.011549s ]
INFO: [ view_parse ] --END-- [ RunTime:0.011704s ]
INFO: [ view_filter ] --START--
INFO: ContentReplace Behavior ::run [ RunTime:0.001076s ]
INFO: TokenBuild Behavior ::run [ RunTime:0.000611s ]
INFO: WriteHtmlCache Behavior ::run [ RunTime:0.000597s ]
INFO: ShowRuntime Behavior ::run [ RunTime:0.000441s ]
INFO: [ view_filter ] --END-- [ RunTime:0.003011s ]
INFO: [ view_end ] --START--
INFO: ShowPageTrace Behavior ::run [ RunTime:0.000669s ]
INFO: [ view_end ] --END-- [ RunTime:0.000770s ]

[ 2014-03-22T21:56:11+08:00 ] 61.142.10.195 /admin.php/Visit/index.html
INFO: [ route_check ] --START--
INFO: CheckRoute Behavior ::run [ RunTime:0.001400s ]
INFO: [ route_check ] --END-- [ RunTime:0.001573s ]
INFO: [ app_begin ] --START--
INFO: ReadHtmlCache Behavior ::run [ RunTime:0.000956s ]
INFO: [ app_begin ] --END-- [ RunTime:0.001146s ]
SQL: SHOW COLUMNS FROM `tj_qqdata` [ RunTime:0.001162s ]
NOTIC: [8] Undefined variable: map D:\wwwroot\haotongji\wwwroot\system\Lib\Action\VisitAction.class.php 第 12 行.
SQL: SELECT COUNT(*) AS tp_count FROM `tj_qqdata` LIMIT 1   [ RunTime:0.004801s ]
NOTIC: [8] Undefined variable: map D:\wwwroot\haotongji\wwwroot\system\Lib\Action\VisitAction.class.php 第 16 行.
SQL: SELECT * FROM `tj_qqdata` ORDER BY id desc LIMIT 0,10   [ RunTime:0.000725s ]
INFO: [ view_parse ] --START--
INFO: ParseTemplate Behavior ::run [ RunTime:0.016506s ]
INFO: [ view_parse ] --END-- [ RunTime:0.016644s ]
INFO: [ view_filter ] --START--
INFO: ContentReplace Behavior ::run [ RunTime:0.000569s ]
INFO: TokenBuild Behavior ::run [ RunTime:0.000445s ]
INFO: WriteHtmlCache Behavior ::run [ RunTime:0.000224s ]
INFO: ShowRuntime Behavior ::run [ RunTime:0.000400s ]
INFO: [ view_filter ] --END-- [ RunTime:0.001916s ]
INFO: [ view_end ] --START--
INFO: ShowPageTrace Behavior ::run [ RunTime:0.000522s ]
INFO: [ view_end ] --END-- [ RunTime:0.000592s ]

