[ 2014-10-14T15:38:21+08:00 ] 175.2.54.66 /admin.php
INFO: [ app_begin ] --START--
INFO: ReadHtmlCache Behavior ::run [ RunTime:0.000737s ]
INFO: [ app_begin ] --END-- [ RunTime:0.000835s ]
INFO: [ view_parse ] --START--
INFO: ParseTemplate Behavior ::run [ RunTime:0.010104s ]
INFO: [ view_parse ] --END-- [ RunTime:0.010210s ]
INFO: [ view_filter ] --START--
INFO: ContentReplace Behavior ::run [ RunTime:0.000457s ]
INFO: TokenBuild Behavior ::run [ RunTime:0.000486s ]
INFO: WriteHtmlCache Behavior ::run [ RunTime:0.000345s ]
INFO: ShowRuntime Behavior ::run [ RunTime:0.000636s ]
INFO: [ view_filter ] --END-- [ RunTime:0.002132s ]
INFO: [ view_end ] --START--
INFO: ShowPageTrace Behavior ::run [ RunTime:0.000803s ]
INFO: [ view_end ] --END-- [ RunTime:0.000880s ]

[ 2014-10-14T15:39:59+08:00 ] 175.2.54.66 /admin.php/Index/dologin.html
INFO: [ route_check ] --START--
INFO: CheckRoute Behavior ::run [ RunTime:0.002003s ]
INFO: [ route_check ] --END-- [ RunTime:0.002119s ]
INFO: [ app_begin ] --START--
INFO: ReadHtmlCache Behavior ::run [ RunTime:0.001577s ]
INFO: [ app_begin ] --END-- [ RunTime:0.001660s ]
SQL: SHOW COLUMNS FROM `tj_admin` [ RunTime:0.003115s ]
SQL: SELECT * FROM `tj_admin` WHERE ( `username` = 'admin' ) AND ( `password` = 'f6d884998357f07ea71f903bc3f79073' ) LIMIT 1   [ RunTime:0.000303s ]
INFO: [ view_parse ] --START--
NOTIC: [8] Undefined variable: cfg_sitetitle F:\home\ftp\q\qqf\wwwroot\system\Runtime\Cache\2847c01a8a56d66ad64959722b2d21ab.php 第 3 行.
NOTIC: [8] Undefined variable: cfg_sitetitle F:\home\ftp\q\qqf\wwwroot\system\Runtime\Cache\2847c01a8a56d66ad64959722b2d21ab.php 第 11 行.
INFO: ParseTemplate Behavior ::run [ RunTime:0.013671s ]
INFO: [ view_parse ] --END-- [ RunTime:0.013759s ]
INFO: [ view_filter ] --START--
INFO: ContentReplace Behavior ::run [ RunTime:0.001327s ]
INFO: TokenBuild Behavior ::run [ RunTime:0.001330s ]
INFO: WriteHtmlCache Behavior ::run [ RunTime:0.001138s ]
INFO: ShowRuntime Behavior ::run [ RunTime:0.001459s ]
INFO: [ view_filter ] --END-- [ RunTime:0.005470s ]
INFO: [ view_end ] --START--
INFO: ShowPageTrace Behavior ::run [ RunTime:0.001660s ]
INFO: [ view_end ] --END-- [ RunTime:0.001740s ]

[ 2014-10-14T15:40:09+08:00 ] 175.2.54.66 /admin.php/Index/dologin.html
INFO: [ route_check ] --START--
INFO: CheckRoute Behavior ::run [ RunTime:0.001101s ]
INFO: [ route_check ] --END-- [ RunTime:0.001210s ]
INFO: [ app_begin ] --START--
INFO: ReadHtmlCache Behavior ::run [ RunTime:0.000741s ]
INFO: [ app_begin ] --END-- [ RunTime:0.000820s ]
SQL: SHOW COLUMNS FROM `tj_admin` [ RunTime:0.002948s ]
SQL: SELECT * FROM `tj_admin` WHERE ( `username` = 'admin' ) AND ( `password` = 'e10adc3949ba59abbe56e057f20f883e' ) LIMIT 1   [ RunTime:0.000321s ]
INFO: [ view_parse ] --START--
NOTIC: [8] Undefined variable: cfg_sitetitle F:\home\ftp\q\qqf\wwwroot\system\Runtime\Cache\2847c01a8a56d66ad64959722b2d21ab.php 第 3 行.
NOTIC: [8] Undefined variable: cfg_sitetitle F:\home\ftp\q\qqf\wwwroot\system\Runtime\Cache\2847c01a8a56d66ad64959722b2d21ab.php 第 11 行.
INFO: ParseTemplate Behavior ::run [ RunTime:0.010222s ]
INFO: [ view_parse ] --END-- [ RunTime:0.010313s ]
INFO: [ view_filter ] --START--
INFO: ContentReplace Behavior ::run [ RunTime:0.000470s ]
INFO: TokenBuild Behavior ::run [ RunTime:0.000501s ]
INFO: WriteHtmlCache Behavior ::run [ RunTime:0.000369s ]
INFO: ShowRuntime Behavior ::run [ RunTime:0.000660s ]
INFO: [ view_filter ] --END-- [ RunTime:0.002212s ]
INFO: [ view_end ] --START--
INFO: ShowPageTrace Behavior ::run [ RunTime:0.000815s ]
INFO: [ view_end ] --END-- [ RunTime:0.000893s ]

[ 2014-10-14T15:40:10+08:00 ] 175.2.54.66 /admin.php/Main/index.html
INFO: [ route_check ] --START--
INFO: CheckRoute Behavior ::run [ RunTime:0.001069s ]
INFO: [ route_check ] --END-- [ RunTime:0.001172s ]
INFO: [ app_begin ] --START--
INFO: ReadHtmlCache Behavior ::run [ RunTime:0.000734s ]
INFO: [ app_begin ] --END-- [ RunTime:0.000812s ]
INFO: [ view_parse ] --START--
INFO: ParseTemplate Behavior ::run [ RunTime:0.011104s ]
INFO: [ view_parse ] --END-- [ RunTime:0.011204s ]
INFO: [ view_filter ] --START--
INFO: ContentReplace Behavior ::run [ RunTime:0.000468s ]
INFO: TokenBuild Behavior ::run [ RunTime:0.000485s ]
INFO: WriteHtmlCache Behavior ::run [ RunTime:0.000343s ]
INFO: ShowRuntime Behavior ::run [ RunTime:0.000618s ]
INFO: [ view_filter ] --END-- [ RunTime:0.002121s ]
INFO: [ view_end ] --START--
INFO: ShowPageTrace Behavior ::run [ RunTime:0.000803s ]
INFO: [ view_end ] --END-- [ RunTime:0.000880s ]

[ 2014-10-14T15:40:24+08:00 ] 175.2.54.66 /admin.php/Setup/index.html
INFO: [ route_check ] --START--
INFO: CheckRoute Behavior ::run [ RunTime:0.001064s ]
INFO: [ route_check ] --END-- [ RunTime:0.001177s ]
INFO: [ app_begin ] --START--
INFO: ReadHtmlCache Behavior ::run [ RunTime:0.000733s ]
INFO: [ app_begin ] --END-- [ RunTime:0.000812s ]
INFO: [ view_parse ] --START--
INFO: ParseTemplate Behavior ::run [ RunTime:0.014256s ]
INFO: [ view_parse ] --END-- [ RunTime:0.014376s ]
INFO: [ view_filter ] --START--
INFO: ContentReplace Behavior ::run [ RunTime:0.000494s ]
INFO: TokenBuild Behavior ::run [ RunTime:0.000582s ]
INFO: WriteHtmlCache Behavior ::run [ RunTime:0.000357s ]
INFO: ShowRuntime Behavior ::run [ RunTime:0.000649s ]
INFO: [ view_filter ] --END-- [ RunTime:0.002386s ]
INFO: [ view_end ] --START--
INFO: ShowPageTrace Behavior ::run [ RunTime:0.000812s ]
INFO: [ view_end ] --END-- [ RunTime:0.000909s ]

[ 2014-10-14T15:44:50+08:00 ] 175.2.54.66 /admin.php/User/lists.html
INFO: [ route_check ] --START--
INFO: CheckRoute Behavior ::run [ RunTime:0.001072s ]
INFO: [ route_check ] --END-- [ RunTime:0.001177s ]
INFO: [ app_begin ] --START--
INFO: ReadHtmlCache Behavior ::run [ RunTime:0.000732s ]
INFO: [ app_begin ] --END-- [ RunTime:0.000811s ]
SQL: SHOW COLUMNS FROM `tj_members` [ RunTime:0.003385s ]
NOTIC: [8] Undefined index:  username F:\home\ftp\q\qqf\wwwroot\system\Lib\Action\UserAction.class.php 第 5 行.
NOTIC: [8] Undefined variable: map F:\home\ftp\q\qqf\wwwroot\system\Lib\Action\UserAction.class.php 第 8 行.
SQL: SELECT COUNT(*) AS tp_count FROM `tj_members` LIMIT 1   [ RunTime:0.000164s ]
NOTIC: [8] Undefined variable: map F:\home\ftp\q\qqf\wwwroot\system\Lib\Action\UserAction.class.php 第 13 行.
SQL: SELECT * FROM `tj_members` ORDER BY id desc LIMIT 0,10   [ RunTime:0.000263s ]
INFO: [ view_parse ] --START--
INFO: ParseTemplate Behavior ::run [ RunTime:0.012395s ]
INFO: [ view_parse ] --END-- [ RunTime:0.012498s ]
INFO: [ view_filter ] --START--
INFO: ContentReplace Behavior ::run [ RunTime:0.000518s ]
INFO: TokenBuild Behavior ::run [ RunTime:0.000524s ]
INFO: WriteHtmlCache Behavior ::run [ RunTime:0.000353s ]
INFO: ShowRuntime Behavior ::run [ RunTime:0.000623s ]
INFO: [ view_filter ] --END-- [ RunTime:0.002236s ]
INFO: [ view_end ] --START--
INFO: ShowPageTrace Behavior ::run [ RunTime:0.000825s ]
INFO: [ view_end ] --END-- [ RunTime:0.000899s ]

[ 2014-10-14T15:44:54+08:00 ] 175.2.54.66 /admin.php/Visit/index.html
INFO: [ route_check ] --START--
INFO: CheckRoute Behavior ::run [ RunTime:0.001102s ]
INFO: [ route_check ] --END-- [ RunTime:0.001210s ]
INFO: [ app_begin ] --START--
INFO: ReadHtmlCache Behavior ::run [ RunTime:0.000734s ]
INFO: [ app_begin ] --END-- [ RunTime:0.000812s ]
SQL: SHOW COLUMNS FROM `tj_qqdata` [ RunTime:0.003537s ]
NOTIC: [8] Undefined variable: map F:\home\ftp\q\qqf\wwwroot\system\Lib\Action\VisitAction.class.php 第 12 行.
SQL: SELECT COUNT(*) AS tp_count FROM `tj_qqdata` LIMIT 1   [ RunTime:0.000237s ]
NOTIC: [8] Undefined variable: map F:\home\ftp\q\qqf\wwwroot\system\Lib\Action\VisitAction.class.php 第 16 行.
SQL: SELECT * FROM `tj_qqdata` ORDER BY id desc LIMIT 0,10   [ RunTime:0.000206s ]
INFO: [ view_parse ] --START--
INFO: ParseTemplate Behavior ::run [ RunTime:0.012075s ]
INFO: [ view_parse ] --END-- [ RunTime:0.012173s ]
INFO: [ view_filter ] --START--
INFO: ContentReplace Behavior ::run [ RunTime:0.000458s ]
INFO: TokenBuild Behavior ::run [ RunTime:0.000483s ]
INFO: WriteHtmlCache Behavior ::run [ RunTime:0.000342s ]
INFO: ShowRuntime Behavior ::run [ RunTime:0.000615s ]
INFO: [ view_filter ] --END-- [ RunTime:0.002103s ]
INFO: [ view_end ] --START--
INFO: ShowPageTrace Behavior ::run [ RunTime:0.000807s ]
INFO: [ view_end ] --END-- [ RunTime:0.000882s ]

[ 2014-10-14T15:47:06+08:00 ] 175.2.54.66 /admin.php
INFO: [ app_begin ] --START--
INFO: ReadHtmlCache Behavior ::run [ RunTime:0.000850s ]
INFO: [ app_begin ] --END-- [ RunTime:0.000950s ]
INFO: [ view_parse ] --START--
INFO: ParseTemplate Behavior ::run [ RunTime:0.009964s ]
INFO: [ view_parse ] --END-- [ RunTime:0.010065s ]
INFO: [ view_filter ] --START--
INFO: ContentReplace Behavior ::run [ RunTime:0.000474s ]
INFO: TokenBuild Behavior ::run [ RunTime:0.000496s ]
INFO: WriteHtmlCache Behavior ::run [ RunTime:0.000359s ]
INFO: ShowRuntime Behavior ::run [ RunTime:0.000630s ]
INFO: [ view_filter ] --END-- [ RunTime:0.002166s ]
INFO: [ view_end ] --START--
INFO: ShowPageTrace Behavior ::run [ RunTime:0.001030s ]
INFO: [ view_end ] --END-- [ RunTime:0.001128s ]

[ 2014-10-14T15:47:18+08:00 ] 175.2.54.66 /admin.php/Index/dologin.html
INFO: [ route_check ] --START--
INFO: CheckRoute Behavior ::run [ RunTime:0.001083s ]
INFO: [ route_check ] --END-- [ RunTime:0.001192s ]
INFO: [ app_begin ] --START--
INFO: ReadHtmlCache Behavior ::run [ RunTime:0.000732s ]
INFO: [ app_begin ] --END-- [ RunTime:0.000810s ]
SQL: SHOW COLUMNS FROM `tj_admin` [ RunTime:0.003519s ]
SQL: SELECT * FROM `tj_admin` WHERE ( `username` = 'admin' ) AND ( `password` = 'e10adc3949ba59abbe56e057f20f883e' ) LIMIT 1   [ RunTime:0.000153s ]
INFO: [ view_parse ] --START--
NOTIC: [8] Undefined variable: cfg_sitetitle F:\home\ftp\q\qqf\wwwroot\system\Runtime\Cache\2847c01a8a56d66ad64959722b2d21ab.php 第 3 行.
NOTIC: [8] Undefined variable: cfg_sitetitle F:\home\ftp\q\qqf\wwwroot\system\Runtime\Cache\2847c01a8a56d66ad64959722b2d21ab.php 第 11 行.
INFO: ParseTemplate Behavior ::run [ RunTime:0.010416s ]
INFO: [ view_parse ] --END-- [ RunTime:0.010506s ]
INFO: [ view_filter ] --START--
INFO: ContentReplace Behavior ::run [ RunTime:0.000463s ]
INFO: TokenBuild Behavior ::run [ RunTime:0.000490s ]
INFO: WriteHtmlCache Behavior ::run [ RunTime:0.000343s ]
INFO: ShowRuntime Behavior ::run [ RunTime:0.000619s ]
INFO: [ view_filter ] --END-- [ RunTime:0.002122s ]
INFO: [ view_end ] --START--
INFO: ShowPageTrace Behavior ::run [ RunTime:0.000805s ]
INFO: [ view_end ] --END-- [ RunTime:0.000883s ]

[ 2014-10-14T15:47:19+08:00 ] 175.2.54.66 /admin.php/Main/index.html
INFO: [ route_check ] --START--
INFO: CheckRoute Behavior ::run [ RunTime:0.001077s ]
INFO: [ route_check ] --END-- [ RunTime:0.001179s ]
INFO: [ app_begin ] --START--
INFO: ReadHtmlCache Behavior ::run [ RunTime:0.000735s ]
INFO: [ app_begin ] --END-- [ RunTime:0.000812s ]
INFO: [ view_parse ] --START--
INFO: ParseTemplate Behavior ::run [ RunTime:0.011006s ]
INFO: [ view_parse ] --END-- [ RunTime:0.011113s ]
INFO: [ view_filter ] --START--
INFO: ContentReplace Behavior ::run [ RunTime:0.000466s ]
INFO: TokenBuild Behavior ::run [ RunTime:0.000487s ]
INFO: WriteHtmlCache Behavior ::run [ RunTime:0.000396s ]
INFO: ShowRuntime Behavior ::run [ RunTime:0.000622s ]
INFO: [ view_filter ] --END-- [ RunTime:0.002180s ]
INFO: [ view_end ] --START--
INFO: ShowPageTrace Behavior ::run [ RunTime:0.000797s ]
INFO: [ view_end ] --END-- [ RunTime:0.000874s ]

[ 2014-10-14T15:47:44+08:00 ] 175.2.54.66 /admin.php/Setup/index.html
INFO: [ route_check ] --START--
INFO: CheckRoute Behavior ::run [ RunTime:0.001832s ]
INFO: [ route_check ] --END-- [ RunTime:0.001934s ]
INFO: [ app_begin ] --START--
INFO: ReadHtmlCache Behavior ::run [ RunTime:0.001506s ]
INFO: [ app_begin ] --END-- [ RunTime:0.001604s ]
INFO: [ view_parse ] --START--
INFO: ParseTemplate Behavior ::run [ RunTime:0.017419s ]
INFO: [ view_parse ] --END-- [ RunTime:0.017534s ]
INFO: [ view_filter ] --START--
INFO: ContentReplace Behavior ::run [ RunTime:0.001386s ]
INFO: TokenBuild Behavior ::run [ RunTime:0.001453s ]
INFO: WriteHtmlCache Behavior ::run [ RunTime:0.001136s ]
INFO: ShowRuntime Behavior ::run [ RunTime:0.001417s ]
INFO: [ view_filter ] --END-- [ RunTime:0.005670s ]
INFO: [ view_end ] --START--
INFO: ShowPageTrace Behavior ::run [ RunTime:0.001590s ]
INFO: [ view_end ] --END-- [ RunTime:0.001679s ]

[ 2014-10-14T16:04:07+08:00 ] 180.153.214.182 /admin.php
INFO: [ app_begin ] --START--
INFO: ReadHtmlCache Behavior ::run [ RunTime:0.001659s ]
INFO: [ app_begin ] --END-- [ RunTime:0.001777s ]
INFO: [ view_parse ] --START--
INFO: ParseTemplate Behavior ::run [ RunTime:0.019400s ]
INFO: [ view_parse ] --END-- [ RunTime:0.019506s ]
INFO: [ view_filter ] --START--
INFO: ContentReplace Behavior ::run [ RunTime:0.001277s ]
INFO: TokenBuild Behavior ::run [ RunTime:0.001344s ]
INFO: WriteHtmlCache Behavior ::run [ RunTime:0.001134s ]
INFO: ShowRuntime Behavior ::run [ RunTime:0.001418s ]
INFO: [ view_filter ] --END-- [ RunTime:0.005385s ]
INFO: [ view_end ] --START--
INFO: ShowPageTrace Behavior ::run [ RunTime:0.001613s ]
INFO: [ view_end ] --END-- [ RunTime:0.001697s ]

[ 2014-10-14T16:04:11+08:00 ] 180.153.214.182 /admin.php
INFO: [ app_begin ] --START--
INFO: ReadHtmlCache Behavior ::run [ RunTime:0.000756s ]
INFO: [ app_begin ] --END-- [ RunTime:0.000854s ]
INFO: [ view_parse ] --START--
INFO: ParseTemplate Behavior ::run [ RunTime:0.009899s ]
INFO: [ view_parse ] --END-- [ RunTime:0.010004s ]
INFO: [ view_filter ] --START--
INFO: ContentReplace Behavior ::run [ RunTime:0.000506s ]
INFO: TokenBuild Behavior ::run [ RunTime:0.000508s ]
INFO: WriteHtmlCache Behavior ::run [ RunTime:0.000351s ]
INFO: ShowRuntime Behavior ::run [ RunTime:0.000646s ]
INFO: [ view_filter ] --END-- [ RunTime:0.002224s ]
INFO: [ view_end ] --START--
INFO: ShowPageTrace Behavior ::run [ RunTime:0.000825s ]
INFO: [ view_end ] --END-- [ RunTime:0.000913s ]

[ 2014-10-14T16:10:48+08:00 ] 180.153.206.38 /admin.php/Main/index.html
INFO: [ route_check ] --START--
INFO: CheckRoute Behavior ::run [ RunTime:0.001095s ]
INFO: [ route_check ] --END-- [ RunTime:0.001197s ]
INFO: [ app_begin ] --START--
INFO: ReadHtmlCache Behavior ::run [ RunTime:0.000793s ]
INFO: [ app_begin ] --END-- [ RunTime:0.000874s ]
INFO: [ view_parse ] --START--
NOTIC: [8] Undefined variable: cfg_sitetitle F:\home\ftp\q\qqf\wwwroot\system\Runtime\Cache\2847c01a8a56d66ad64959722b2d21ab.php 第 3 行.
NOTIC: [8] Undefined variable: cfg_sitetitle F:\home\ftp\q\qqf\wwwroot\system\Runtime\Cache\2847c01a8a56d66ad64959722b2d21ab.php 第 11 行.
INFO: ParseTemplate Behavior ::run [ RunTime:0.011545s ]
INFO: [ view_parse ] --END-- [ RunTime:0.011653s ]
INFO: [ view_filter ] --START--
INFO: ContentReplace Behavior ::run [ RunTime:0.000518s ]
INFO: TokenBuild Behavior ::run [ RunTime:0.000533s ]
INFO: WriteHtmlCache Behavior ::run [ RunTime:0.000365s ]
INFO: ShowRuntime Behavior ::run [ RunTime:0.000643s ]
INFO: [ view_filter ] --END-- [ RunTime:0.002274s ]
INFO: [ view_end ] --START--
INFO: ShowPageTrace Behavior ::run [ RunTime:0.000835s ]
INFO: [ view_end ] --END-- [ RunTime:0.000913s ]

[ 2014-10-14T16:10:57+08:00 ] 222.73.77.54 /admin.php/Main/index.html
INFO: [ route_check ] --START--
INFO: CheckRoute Behavior ::run [ RunTime:0.001847s ]
INFO: [ route_check ] --END-- [ RunTime:0.001952s ]
INFO: [ app_begin ] --START--
INFO: ReadHtmlCache Behavior ::run [ RunTime:0.001507s ]
INFO: [ app_begin ] --END-- [ RunTime:0.001587s ]
INFO: [ view_parse ] --START--
NOTIC: [8] Undefined variable: cfg_sitetitle F:\home\ftp\q\qqf\wwwroot\system\Runtime\Cache\2847c01a8a56d66ad64959722b2d21ab.php 第 3 行.
NOTIC: [8] Undefined variable: cfg_sitetitle F:\home\ftp\q\qqf\wwwroot\system\Runtime\Cache\2847c01a8a56d66ad64959722b2d21ab.php 第 11 行.
INFO: ParseTemplate Behavior ::run [ RunTime:0.012664s ]
INFO: [ view_parse ] --END-- [ RunTime:0.012753s ]
INFO: [ view_filter ] --START--
INFO: ContentReplace Behavior ::run [ RunTime:0.001245s ]
INFO: TokenBuild Behavior ::run [ RunTime:0.001263s ]
INFO: WriteHtmlCache Behavior ::run [ RunTime:0.001178s ]
INFO: ShowRuntime Behavior ::run [ RunTime:0.001402s ]
INFO: [ view_filter ] --END-- [ RunTime:0.005295s ]
INFO: [ view_end ] --START--
INFO: ShowPageTrace Behavior ::run [ RunTime:0.001844s ]
INFO: [ view_end ] --END-- [ RunTime:0.001928s ]

[ 2014-10-14T16:14:19+08:00 ] 180.153.206.34 /admin.php/User/lists.html
INFO: [ route_check ] --START--
INFO: CheckRoute Behavior ::run [ RunTime:0.001884s ]
INFO: [ route_check ] --END-- [ RunTime:0.001993s ]
INFO: [ app_begin ] --START--
INFO: ReadHtmlCache Behavior ::run [ RunTime:0.001644s ]
INFO: [ app_begin ] --END-- [ RunTime:0.001743s ]
INFO: [ view_parse ] --START--
NOTIC: [8] Undefined variable: cfg_sitetitle F:\home\ftp\q\qqf\wwwroot\system\Runtime\Cache\2847c01a8a56d66ad64959722b2d21ab.php 第 3 行.
NOTIC: [8] Undefined variable: cfg_sitetitle F:\home\ftp\q\qqf\wwwroot\system\Runtime\Cache\2847c01a8a56d66ad64959722b2d21ab.php 第 11 行.
INFO: ParseTemplate Behavior ::run [ RunTime:0.014124s ]
INFO: [ view_parse ] --END-- [ RunTime:0.014237s ]
INFO: [ view_filter ] --START--
INFO: ContentReplace Behavior ::run [ RunTime:0.001273s ]
INFO: TokenBuild Behavior ::run [ RunTime:0.001319s ]
INFO: WriteHtmlCache Behavior ::run [ RunTime:0.001152s ]
INFO: ShowRuntime Behavior ::run [ RunTime:0.001410s ]
INFO: [ view_filter ] --END-- [ RunTime:0.005363s ]
INFO: [ view_end ] --START--
INFO: ShowPageTrace Behavior ::run [ RunTime:0.001615s ]
INFO: [ view_end ] --END-- [ RunTime:0.001693s ]

[ 2014-10-14T16:17:02+08:00 ] 180.153.201.64 /admin.php/Visit/index.html
INFO: [ route_check ] --START--
INFO: CheckRoute Behavior ::run [ RunTime:0.002018s ]
INFO: [ route_check ] --END-- [ RunTime:0.002122s ]
INFO: [ app_begin ] --START--
INFO: ReadHtmlCache Behavior ::run [ RunTime:0.001505s ]
INFO: [ app_begin ] --END-- [ RunTime:0.001584s ]
INFO: [ view_parse ] --START--
NOTIC: [8] Undefined variable: cfg_sitetitle F:\home\ftp\q\qqf\wwwroot\system\Runtime\Cache\2847c01a8a56d66ad64959722b2d21ab.php 第 3 行.
NOTIC: [8] Undefined variable: cfg_sitetitle F:\home\ftp\q\qqf\wwwroot\system\Runtime\Cache\2847c01a8a56d66ad64959722b2d21ab.php 第 11 行.
INFO: ParseTemplate Behavior ::run [ RunTime:0.013781s ]
INFO: [ view_parse ] --END-- [ RunTime:0.013879s ]
INFO: [ view_filter ] --START--
INFO: ContentReplace Behavior ::run [ RunTime:0.001294s ]
INFO: TokenBuild Behavior ::run [ RunTime:0.001266s ]
INFO: WriteHtmlCache Behavior ::run [ RunTime:0.001129s ]
INFO: ShowRuntime Behavior ::run [ RunTime:0.001423s ]
INFO: [ view_filter ] --END-- [ RunTime:0.005322s ]
INFO: [ view_end ] --START--
INFO: ShowPageTrace Behavior ::run [ RunTime:0.001589s ]
INFO: [ view_end ] --END-- [ RunTime:0.001666s ]

[ 2014-10-14T16:19:02+08:00 ] 180.153.206.38 /admin.php/Index/index.html
INFO: [ route_check ] --START--
INFO: CheckRoute Behavior ::run [ RunTime:0.001084s ]
INFO: [ route_check ] --END-- [ RunTime:0.001189s ]
INFO: [ app_begin ] --START--
INFO: ReadHtmlCache Behavior ::run [ RunTime:0.000838s ]
INFO: [ app_begin ] --END-- [ RunTime:0.000948s ]
INFO: [ view_parse ] --START--
INFO: ParseTemplate Behavior ::run [ RunTime:0.009709s ]
INFO: [ view_parse ] --END-- [ RunTime:0.009811s ]
INFO: [ view_filter ] --START--
INFO: ContentReplace Behavior ::run [ RunTime:0.000473s ]
INFO: TokenBuild Behavior ::run [ RunTime:0.000497s ]
INFO: WriteHtmlCache Behavior ::run [ RunTime:0.000361s ]
INFO: ShowRuntime Behavior ::run [ RunTime:0.000639s ]
INFO: [ view_filter ] --END-- [ RunTime:0.002178s ]
INFO: [ view_end ] --START--
INFO: ShowPageTrace Behavior ::run [ RunTime:0.000811s ]
INFO: [ view_end ] --END-- [ RunTime:0.000889s ]

[ 2014-10-14T16:19:15+08:00 ] 222.73.77.54 /admin.php/Index/index.html
INFO: [ route_check ] --START--
INFO: CheckRoute Behavior ::run [ RunTime:0.001906s ]
INFO: [ route_check ] --END-- [ RunTime:0.002021s ]
INFO: [ app_begin ] --START--
INFO: ReadHtmlCache Behavior ::run [ RunTime:0.001566s ]
INFO: [ app_begin ] --END-- [ RunTime:0.001647s ]
INFO: [ view_parse ] --START--
INFO: ParseTemplate Behavior ::run [ RunTime:0.013196s ]
INFO: [ view_parse ] --END-- [ RunTime:0.013304s ]
INFO: [ view_filter ] --START--
INFO: ContentReplace Behavior ::run [ RunTime:0.001436s ]
INFO: TokenBuild Behavior ::run [ RunTime:0.001275s ]
INFO: WriteHtmlCache Behavior ::run [ RunTime:0.001140s ]
INFO: ShowRuntime Behavior ::run [ RunTime:0.001408s ]
INFO: [ view_filter ] --END-- [ RunTime:0.005473s ]
INFO: [ view_end ] --START--
INFO: ShowPageTrace Behavior ::run [ RunTime:0.001659s ]
INFO: [ view_end ] --END-- [ RunTime:0.001739s ]

[ 2014-10-14T16:19:22+08:00 ] 180.153.206.34 /admin.php/Index/index.html
INFO: [ route_check ] --START--
INFO: CheckRoute Behavior ::run [ RunTime:0.001076s ]
INFO: [ route_check ] --END-- [ RunTime:0.001180s ]
INFO: [ app_begin ] --START--
INFO: ReadHtmlCache Behavior ::run [ RunTime:0.000729s ]
INFO: [ app_begin ] --END-- [ RunTime:0.000807s ]
INFO: [ view_parse ] --START--
INFO: ParseTemplate Behavior ::run [ RunTime:0.009439s ]
INFO: [ view_parse ] --END-- [ RunTime:0.009547s ]
INFO: [ view_filter ] --START--
INFO: ContentReplace Behavior ::run [ RunTime:0.000493s ]
INFO: TokenBuild Behavior ::run [ RunTime:0.000491s ]
INFO: WriteHtmlCache Behavior ::run [ RunTime:0.000349s ]
INFO: ShowRuntime Behavior ::run [ RunTime:0.000625s ]
INFO: [ view_filter ] --END-- [ RunTime:0.002169s ]
INFO: [ view_end ] --START--
INFO: ShowPageTrace Behavior ::run [ RunTime:0.000820s ]
INFO: [ view_end ] --END-- [ RunTime:0.000899s ]

[ 2014-10-14T16:19:24+08:00 ] 180.153.206.34 /admin.php/Index/index.html
INFO: [ route_check ] --START--
INFO: CheckRoute Behavior ::run [ RunTime:0.001069s ]
INFO: [ route_check ] --END-- [ RunTime:0.001171s ]
INFO: [ app_begin ] --START--
INFO: ReadHtmlCache Behavior ::run [ RunTime:0.000720s ]
INFO: [ app_begin ] --END-- [ RunTime:0.000797s ]
INFO: [ view_parse ] --START--
INFO: ParseTemplate Behavior ::run [ RunTime:0.009243s ]
INFO: [ view_parse ] --END-- [ RunTime:0.009352s ]
INFO: [ view_filter ] --START--
INFO: ContentReplace Behavior ::run [ RunTime:0.000498s ]
INFO: TokenBuild Behavior ::run [ RunTime:0.000500s ]
INFO: WriteHtmlCache Behavior ::run [ RunTime:0.000357s ]
INFO: ShowRuntime Behavior ::run [ RunTime:0.000636s ]
INFO: [ view_filter ] --END-- [ RunTime:0.002202s ]
INFO: [ view_end ] --START--
INFO: ShowPageTrace Behavior ::run [ RunTime:0.000817s ]
INFO: [ view_end ] --END-- [ RunTime:0.000896s ]

[ 2014-10-14T16:24:02+08:00 ] 180.153.201.64 /admin.php/Index/index.html
INFO: [ route_check ] --START--
INFO: CheckRoute Behavior ::run [ RunTime:0.001863s ]
INFO: [ route_check ] --END-- [ RunTime:0.001964s ]
INFO: [ app_begin ] --START--
INFO: ReadHtmlCache Behavior ::run [ RunTime:0.001516s ]
INFO: [ app_begin ] --END-- [ RunTime:0.001596s ]
INFO: [ view_parse ] --START--
INFO: ParseTemplate Behavior ::run [ RunTime:0.013303s ]
INFO: [ view_parse ] --END-- [ RunTime:0.013410s ]
INFO: [ view_filter ] --START--
INFO: ContentReplace Behavior ::run [ RunTime:0.001329s ]
INFO: TokenBuild Behavior ::run [ RunTime:0.001401s ]
INFO: WriteHtmlCache Behavior ::run [ RunTime:0.001138s ]
INFO: ShowRuntime Behavior ::run [ RunTime:0.001413s ]
INFO: [ view_filter ] --END-- [ RunTime:0.005549s ]
INFO: [ view_end ] --START--
INFO: ShowPageTrace Behavior ::run [ RunTime:0.001592s ]
INFO: [ view_end ] --END-- [ RunTime:0.001670s ]

[ 2014-10-14T16:26:17+08:00 ] 180.153.205.253 /admin.php/Setup/index.html
INFO: [ route_check ] --START--
INFO: CheckRoute Behavior ::run [ RunTime:0.001862s ]
INFO: [ route_check ] --END-- [ RunTime:0.001968s ]
INFO: [ app_begin ] --START--
INFO: ReadHtmlCache Behavior ::run [ RunTime:0.001512s ]
INFO: [ app_begin ] --END-- [ RunTime:0.001593s ]
INFO: [ view_parse ] --START--
NOTIC: [8] Undefined variable: cfg_sitetitle F:\home\ftp\q\qqf\wwwroot\system\Runtime\Cache\2847c01a8a56d66ad64959722b2d21ab.php 第 3 行.
NOTIC: [8] Undefined variable: cfg_sitetitle F:\home\ftp\q\qqf\wwwroot\system\Runtime\Cache\2847c01a8a56d66ad64959722b2d21ab.php 第 11 行.
INFO: ParseTemplate Behavior ::run [ RunTime:0.014391s ]
INFO: [ view_parse ] --END-- [ RunTime:0.014488s ]
INFO: [ view_filter ] --START--
INFO: ContentReplace Behavior ::run [ RunTime:0.001340s ]
INFO: TokenBuild Behavior ::run [ RunTime:0.001274s ]
INFO: WriteHtmlCache Behavior ::run [ RunTime:0.001128s ]
INFO: ShowRuntime Behavior ::run [ RunTime:0.001530s ]
INFO: [ view_filter ] --END-- [ RunTime:0.005485s ]
INFO: [ view_end ] --START--
INFO: ShowPageTrace Behavior ::run [ RunTime:0.001602s ]
INFO: [ view_end ] --END-- [ RunTime:0.001680s ]

[ 2014-10-14T16:29:01+08:00 ] 101.226.33.237 /admin.php/Index/dologin.html
INFO: [ route_check ] --START--
INFO: CheckRoute Behavior ::run [ RunTime:0.002017s ]
INFO: [ route_check ] --END-- [ RunTime:0.002128s ]
INFO: [ app_begin ] --START--
INFO: ReadHtmlCache Behavior ::run [ RunTime:0.001553s ]
INFO: [ app_begin ] --END-- [ RunTime:0.001634s ]

[ 2014-10-14T16:33:37+08:00 ] 180.153.205.253 /admin.php/Index/index.html
INFO: [ route_check ] --START--
INFO: CheckRoute Behavior ::run [ RunTime:0.001876s ]
INFO: [ route_check ] --END-- [ RunTime:0.001983s ]
INFO: [ app_begin ] --START--
INFO: ReadHtmlCache Behavior ::run [ RunTime:0.001531s ]
INFO: [ app_begin ] --END-- [ RunTime:0.001612s ]
INFO: [ view_parse ] --START--
INFO: ParseTemplate Behavior ::run [ RunTime:0.013556s ]
INFO: [ view_parse ] --END-- [ RunTime:0.013662s ]
INFO: [ view_filter ] --START--
INFO: ContentReplace Behavior ::run [ RunTime:0.001291s ]
INFO: TokenBuild Behavior ::run [ RunTime:0.001297s ]
INFO: WriteHtmlCache Behavior ::run [ RunTime:0.001148s ]
INFO: ShowRuntime Behavior ::run [ RunTime:0.001426s ]
INFO: [ view_filter ] --END-- [ RunTime:0.005375s ]
INFO: [ view_end ] --START--
INFO: ShowPageTrace Behavior ::run [ RunTime:0.001644s ]
INFO: [ view_end ] --END-- [ RunTime:0.001724s ]

